-- IDF_TARGET is not set, guessed 'esp32s3' from sdkconfig '/home/micu/esp/mycode/micu_ros_car/sdkconfig'
-- Found Git: /usr/bin/git (found version "2.34.1") 
-- Component directory /home/micu/esp/mycode/micu_ros_car/components/lib does not contain a CMakeLists.txt file. No component will be added
-- Component directory /home/micu/esp/mycode/micu_ros_car/components/microros does not contain a CMakeLists.txt file. No component will be added
-- Component directory /home/micu/esp/mycode/micu_ros_car/components/protocal does not contain a CMakeLists.txt file. No component will be added
-- Component directory /home/micu/esp/mycode/micu_ros_car/components/lib does not contain a CMakeLists.txt file. No component will be added
-- Component directory /home/micu/esp/mycode/micu_ros_car/components/microros does not contain a CMakeLists.txt file. No component will be added
-- Component directory /home/micu/esp/mycode/micu_ros_car/components/protocal does not contain a CMakeLists.txt file. No component will be added
-- The C compiler identification is GNU 12.2.0
-- The CXX compiler identification is GNU 12.2.0
-- The ASM compiler identification is GNU
-- Found assembler: /home/micu/.espressif/tools/xtensa-esp32s3-elf/esp-12.2.0_20230208/xtensa-esp32s3-elf/bin/xtensa-esp32s3-elf-gcc
-- Detecting C compiler ABI info
-- Detecting C compiler ABI info - done
-- Check for working C compiler: /home/micu/.espressif/tools/xtensa-esp32s3-elf/esp-12.2.0_20230208/xtensa-esp32s3-elf/bin/xtensa-esp32s3-elf-gcc - skipped
-- Detecting C compile features
-- Detecting C compile features - done
-- Detecting CXX compiler ABI info
-- Detecting CXX compiler ABI info - done
-- Check for working CXX compiler: /home/micu/.espressif/tools/xtensa-esp32s3-elf/esp-12.2.0_20230208/xtensa-esp32s3-elf/bin/xtensa-esp32s3-elf-g++ - skipped
-- Detecting CXX compile features
-- Detecting CXX compile features - done
-- Building ESP-IDF components for target esp32s3
-- Checking Python dependencies...
Python requirements are satisfied.
Constraint file: /home/micu/.espressif/espidf.constraints.v5.1.txt
Requirement files:
 - /home/micu/esp/esp-idf/tools/requirements/requirements.core.txt
Python being checked: /home/micu/.espressif/python_env/idf5.1_py3.10_env/bin/python
NOTICE: 
Following dependencies have new versions available:
Dependency "espressif/mdns": "1.8.1" -> "1.8.2"
Consider running "idf.py update-dependencies" to update your lock file.
NOTICE: Processing 3 dependencies:
NOTICE: [1/3] espressif/mdns (1.8.1)
NOTICE: [2/3] espressif/pid_ctrl (0.2.0)
NOTICE: [3/3] idf (5.1.2)
-- Project sdkconfig file /home/micu/esp/mycode/micu_ros_car/sdkconfig
-- Looking for sys/types.h
-- Looking for sys/types.h - found
-- Looking for stdint.h
-- Looking for stdint.h - found
-- Looking for stddef.h
-- Looking for stddef.h - found
-- Check size of time_t
-- Check size of time_t - done
-- Found Python3: /home/micu/.espressif/python_env/idf5.1_py3.10_env/bin/python3.10 (found version "3.10.12") found components: Interpreter 
-- Performing Test C_COMPILER_SUPPORTS_WFORMAT_SIGNEDNESS
-- Performing Test C_COMPILER_SUPPORTS_WFORMAT_SIGNEDNESS - Success
-- App "micu_ros_car" version: 40565bf-dirty
-- Adding linker script /home/micu/esp/mycode/micu_ros_car/build/micu_ros_car/esp-idf/esp_system/ld/memory.ld
-- Adding linker script /home/micu/esp/esp-idf/components/esp_system/ld/esp32s3/sections.ld.in
-- Adding linker script /home/micu/esp/esp-idf/components/esp_rom/esp32s3/ld/esp32s3.rom.ld
-- Adding linker script /home/micu/esp/esp-idf/components/esp_rom/esp32s3/ld/esp32s3.rom.api.ld
-- Adding linker script /home/micu/esp/esp-idf/components/esp_rom/esp32s3/ld/esp32s3.rom.libgcc.ld
-- Adding linker script /home/micu/esp/esp-idf/components/esp_rom/esp32s3/ld/esp32s3.rom.newlib.ld
-- Adding linker script /home/micu/esp/esp-idf/components/esp_rom/esp32s3/ld/esp32s3.rom.version.ld
-- Adding linker script /home/micu/esp/esp-idf/components/soc/esp32s3/ld/esp32s3.peripherals.ld
-- Using Micro XRCE-DDS middleware
-- Components: UART WP_Math app_trace app_update bootloader bootloader_support bt cmock config console cxx driver efuse esp-tls esp32_i2c_rw esp_adc esp_app_format esp_coex esp_common esp_eth esp_event esp_gdbstub esp_hid esp_http_client esp_http_server esp_https_ota esp_https_server esp_hw_support esp_lcd esp_local_ctrl esp_mm esp_netif esp_netif_stack esp_partition esp_phy esp_pm esp_psram esp_ringbuf esp_rom esp_system esp_timer esp_wifi espcoredump espressif__mdns espressif__pid_ctrl esptool_py fatfs freertos hal heap http_parser idf_test ieee802154 imu_ahrs imu_publisher json lidar lidar_publisher log lwip main mbedtls mcu_dmp micro_ros_espidf_component motor mpu6050 mqtt newlib nvs_flash oled openthread partition_table perfmon proto_define proto_utils protobuf-c protocomm pthread ring_buffer rotary_encoder sdmmc soc spi_flash spiffs sysn tcp_transport touch_element ulp unity usb vfs wear_levelling wifi wifi_provisioning wpa_supplicant xtensa
-- Component paths: /home/micu/esp/mycode/micu_ros_car/components/protocal/UART /home/micu/esp/mycode/micu_ros_car/components/lib/WP_Math /home/micu/esp/esp-idf/components/app_trace /home/micu/esp/esp-idf/components/app_update /home/micu/esp/esp-idf/components/bootloader /home/micu/esp/esp-idf/components/bootloader_support /home/micu/esp/esp-idf/components/bt /home/micu/esp/esp-idf/components/cmock /home/micu/esp/mycode/micu_ros_car/components/config /home/micu/esp/esp-idf/components/console /home/micu/esp/esp-idf/components/cxx /home/micu/esp/esp-idf/components/driver /home/micu/esp/esp-idf/components/efuse /home/micu/esp/esp-idf/components/esp-tls /home/micu/esp/mycode/micu_ros_car/components/lib/esp32_i2c_rw /home/micu/esp/esp-idf/components/esp_adc /home/micu/esp/esp-idf/components/esp_app_format /home/micu/esp/esp-idf/components/esp_coex /home/micu/esp/esp-idf/components/esp_common /home/micu/esp/esp-idf/components/esp_eth /home/micu/esp/esp-idf/components/esp_event /home/micu/esp/esp-idf/components/esp_gdbstub /home/micu/esp/esp-idf/components/esp_hid /home/micu/esp/esp-idf/components/esp_http_client /home/micu/esp/esp-idf/components/esp_http_server /home/micu/esp/esp-idf/components/esp_https_ota /home/micu/esp/esp-idf/components/esp_https_server /home/micu/esp/esp-idf/components/esp_hw_support /home/micu/esp/esp-idf/components/esp_lcd /home/micu/esp/esp-idf/components/esp_local_ctrl /home/micu/esp/esp-idf/components/esp_mm /home/micu/esp/esp-idf/components/esp_netif /home/micu/esp/esp-idf/components/esp_netif_stack /home/micu/esp/esp-idf/components/esp_partition /home/micu/esp/esp-idf/components/esp_phy /home/micu/esp/esp-idf/components/esp_pm /home/micu/esp/esp-idf/components/esp_psram /home/micu/esp/esp-idf/components/esp_ringbuf /home/micu/esp/esp-idf/components/esp_rom /home/micu/esp/esp-idf/components/esp_system /home/micu/esp/esp-idf/components/esp_timer /home/micu/esp/esp-idf/components/esp_wifi /home/micu/esp/esp-idf/components/espcoredump /home/micu/esp/mycode/micu_ros_car/managed_components/espressif__mdns /home/micu/esp/mycode/micu_ros_car/managed_components/espressif__pid_ctrl /home/micu/esp/esp-idf/components/esptool_py /home/micu/esp/esp-idf/components/fatfs /home/micu/esp/esp-idf/components/freertos /home/micu/esp/esp-idf/components/hal /home/micu/esp/esp-idf/components/heap /home/micu/esp/esp-idf/components/http_parser /home/micu/esp/esp-idf/components/idf_test /home/micu/esp/esp-idf/components/ieee802154 /home/micu/esp/mycode/micu_ros_car/components/lib/imu_ahrs /home/micu/esp/mycode/micu_ros_car/components/microros/imu_publisher /home/micu/esp/esp-idf/components/json /home/micu/esp/mycode/micu_ros_car/components/lidar /home/micu/esp/mycode/micu_ros_car/components/microros/lidar_publisher /home/micu/esp/esp-idf/components/log /home/micu/esp/esp-idf/components/lwip /home/micu/esp/mycode/micu_ros_car/main /home/micu/esp/esp-idf/components/mbedtls /home/micu/esp/mycode/micu_ros_car/components/lib/mcu_dmp /home/micu/esp/mycode/extra_components/micro_ros_espidf_component /home/micu/esp/mycode/micu_ros_car/components/motor /home/micu/esp/mycode/micu_ros_car/components/mpu6050 /home/micu/esp/esp-idf/components/mqtt /home/micu/esp/esp-idf/components/newlib /home/micu/esp/esp-idf/components/nvs_flash /home/micu/esp/mycode/micu_ros_car/components/oled /home/micu/esp/esp-idf/components/openthread /home/micu/esp/esp-idf/components/partition_table /home/micu/esp/esp-idf/components/perfmon /home/micu/esp/mycode/micu_ros_car/components/protocal/proto_define /home/micu/esp/mycode/micu_ros_car/components/protocal/proto_utils /home/micu/esp/esp-idf/components/protobuf-c /home/micu/esp/esp-idf/components/protocomm /home/micu/esp/esp-idf/components/pthread /home/micu/esp/mycode/micu_ros_car/components/protocal/ring_buffer /home/micu/esp/mycode/micu_ros_car/components/lib/rotary_encoder /home/micu/esp/esp-idf/components/sdmmc /home/micu/esp/esp-idf/components/soc /home/micu/esp/esp-idf/components/spi_flash /home/micu/esp/esp-idf/components/spiffs /home/micu/esp/mycode/micu_ros_car/components/microros/sysn /home/micu/esp/esp-idf/components/tcp_transport /home/micu/esp/esp-idf/components/touch_element /home/micu/esp/esp-idf/components/ulp /home/micu/esp/esp-idf/components/unity /home/micu/esp/esp-idf/components/usb /home/micu/esp/esp-idf/components/vfs /home/micu/esp/esp-idf/components/wear_levelling /home/micu/esp/mycode/micu_ros_car/components/wifi /home/micu/esp/esp-idf/components/wifi_provisioning /home/micu/esp/esp-idf/components/wpa_supplicant /home/micu/esp/esp-idf/components/xtensa
-- Configuring done
-- Generating done
-- Build files have been written to: /home/micu/esp/mycode/micu_ros_car/build/micu_ros_car
[  0%] Built target custom_bundle
[  0%] [34m[1mGenerating ../../partition_table/partition-table.bin[0m
[  0%] [34m[1mGenerating memory.ld linker script...[0m
[  0%] [34m[1mGenerating project_elf_src_esp32s3.c[0m
[  0%] Built target memory_ld
[  0%] Built target _project_elf_src
Partition table binary generated. Contents:
[  0%] [32mBuilding C object esp-idf/ulp/CMakeFiles/__idf_ulp.dir/ulp_common/ulp_adc.c.obj[0m
[  0%] [32mBuilding C object esp-idf/ulp/CMakeFiles/__idf_ulp.dir/ulp_common/ulp_common.c.obj[0m
*******************************************************************************
# ESP-IDF Partition Table
# Name, Type, SubType, Offset, Size, Flags
nvs,data,nvs,0x9000,24K,
phy_init,data,phy,0xf000,4K,
factory,app,factory,0x10000,1500K,
*******************************************************************************
[  0%] Built target partition_table_bin
[  0%] [32m[1mLinking C static library libulp.a[0m
[  0%] [34m[1mCreating directories for 'bootloader'[0m
[  0%] Built target __idf_ulp
[  0%] [32mBuilding C object esp-idf/esp_https_ota/CMakeFiles/__idf_esp_https_ota.dir/src/esp_https_ota.c.obj[0m
[  0%] [34m[1mNo download step for 'bootloader'[0m
[  0%] [34m[1mNo update step for 'bootloader'[0m
[  1%] [34m[1mNo patch step for 'bootloader'[0m
[  1%] [34m[1mPerforming configure step for 'bootloader'[0m
-- Found Git: /usr/bin/git (found version "2.34.1") 
[  1%] [32m[1mLinking C static library libesp_https_ota.a[0m
[  1%] Built target __idf_esp_https_ota
[  1%] [32mBuilding C object esp-idf/esp_http_server/CMakeFiles/__idf_esp_http_server.dir/src/httpd_sess.c.obj[0m
[  1%] [32mBuilding C object esp-idf/esp_http_server/CMakeFiles/__idf_esp_http_server.dir/src/httpd_parse.c.obj[0m
[  1%] [32mBuilding C object esp-idf/esp_http_server/CMakeFiles/__idf_esp_http_server.dir/src/httpd_main.c.obj[0m
[  1%] [32mBuilding C object esp-idf/esp_http_server/CMakeFiles/__idf_esp_http_server.dir/src/httpd_txrx.c.obj[0m
[  2%] [32mBuilding C object esp-idf/esp_http_server/CMakeFiles/__idf_esp_http_server.dir/src/httpd_uri.c.obj[0m
[  2%] [32mBuilding C object esp-idf/esp_http_server/CMakeFiles/__idf_esp_http_server.dir/src/httpd_ws.c.obj[0m
[  2%] [32mBuilding C object esp-idf/esp_http_server/CMakeFiles/__idf_esp_http_server.dir/src/util/ctrl_sock.c.obj[0m
[  2%] [32m[1mLinking C static library libesp_http_server.a[0m
[  2%] Built target __idf_esp_http_server
[  2%] [32mBuilding C object esp-idf/esp_http_client/CMakeFiles/__idf_esp_http_client.dir/lib/http_header.c.obj[0m
[  2%] [32mBuilding C object esp-idf/esp_http_client/CMakeFiles/__idf_esp_http_client.dir/esp_http_client.c.obj[0m
[  2%] [32mBuilding C object esp-idf/esp_http_client/CMakeFiles/__idf_esp_http_client.dir/lib/http_auth.c.obj[0m
[  2%] [32mBuilding C object esp-idf/esp_http_client/CMakeFiles/__idf_esp_http_client.dir/lib/http_utils.c.obj[0m
-- The C compiler identification is GNU 12.2.0
-- The CXX compiler identification is GNU 12.2.0
-- The ASM compiler identification is GNU
-- Found assembler: /home/micu/.espressif/tools/xtensa-esp32s3-elf/esp-12.2.0_20230208/xtensa-esp32s3-elf/bin/xtensa-esp32s3-elf-gcc
-- Detecting C compiler ABI info
-- Detecting C compiler ABI info - done
-- Check for working C compiler: /home/micu/.espressif/tools/xtensa-esp32s3-elf/esp-12.2.0_20230208/xtensa-esp32s3-elf/bin/xtensa-esp32s3-elf-gcc - skipped
-- Detecting C compile features
-- Detecting C compile features - done
-- Detecting CXX compiler ABI info
-- Detecting CXX compiler ABI info - done
-- Check for working CXX compiler: /home/micu/.espressif/tools/xtensa-esp32s3-elf/esp-12.2.0_20230208/xtensa-esp32s3-elf/bin/xtensa-esp32s3-elf-g++ - skipped
-- Detecting CXX compile features
-- Detecting CXX compile features - done
[  2%] [32m[1mLinking C static library libesp_http_client.a[0m
[  2%] Built target __idf_esp_http_client
[  3%] [32mBuilding C object esp-idf/tcp_transport/CMakeFiles/__idf_tcp_transport.dir/transport.c.obj[0m
[  3%] [32mBuilding C object esp-idf/tcp_transport/CMakeFiles/__idf_tcp_transport.dir/transport_internal.c.obj[0m
[  3%] [32mBuilding C object esp-idf/tcp_transport/CMakeFiles/__idf_tcp_transport.dir/transport_ssl.c.obj[0m
-- Building ESP-IDF components for target esp32s3
[  3%] [32mBuilding C object esp-idf/tcp_transport/CMakeFiles/__idf_tcp_transport.dir/transport_socks_proxy.c.obj[0m
[  3%] [32mBuilding C object esp-idf/tcp_transport/CMakeFiles/__idf_tcp_transport.dir/transport_ws.c.obj[0m
[  3%] [32m[1mLinking C static library libtcp_transport.a[0m
[  3%] Built target __idf_tcp_transport
[35m[1mScanning dependencies of target __idf_esp_gdbstub[0m
[  3%] [32mBuilding C object esp-idf/esp_gdbstub/CMakeFiles/__idf_esp_gdbstub.dir/src/packet.c.obj[0m
[  4%] [32mBuilding C object esp-idf/esp_gdbstub/CMakeFiles/__idf_esp_gdbstub.dir/src/gdbstub.c.obj[0m
[  4%] [32mBuilding C object esp-idf/esp_gdbstub/CMakeFiles/__idf_esp_gdbstub.dir/src/gdbstub_transport.c.obj[0m
[  4%] [32mBuilding C object esp-idf/esp_gdbstub/CMakeFiles/__idf_esp_gdbstub.dir/src/port/xtensa/gdbstub_xtensa.c.obj[0m
[  4%] [32mBuilding ASM object esp-idf/esp_gdbstub/CMakeFiles/__idf_esp_gdbstub.dir/src/port/xtensa/gdbstub-entry.S.obj[0m
[  4%] [32mBuilding ASM object esp-idf/esp_gdbstub/CMakeFiles/__idf_esp_gdbstub.dir/src/port/xtensa/xt_debugexception.S.obj[0m
[  4%] [32m[1mLinking C static library libesp_gdbstub.a[0m
[  4%] Built target __idf_esp_gdbstub
[  4%] [32mBuilding C object esp-idf/esp_eth/CMakeFiles/__idf_esp_eth.dir/src/esp_eth_netif_glue.c.obj[0m
[  4%] [32mBuilding C object esp-idf/esp_eth/CMakeFiles/__idf_esp_eth.dir/src/esp_eth_phy_802_3.c.obj[0m
[  4%] [32mBuilding C object esp-idf/esp_eth/CMakeFiles/__idf_esp_eth.dir/src/esp_eth.c.obj[0m
[  4%] [32m[1mLinking C static library libesp_eth.a[0m
[  4%] Built target __idf_esp_eth
[  4%] [32mBuilding C object esp-idf/esp_adc/CMakeFiles/__idf_esp_adc.dir/adc_cali.c.obj[0m
[  4%] [32mBuilding C object esp-idf/esp_adc/CMakeFiles/__idf_esp_adc.dir/adc_oneshot.c.obj[0m
[  4%] [32mBuilding C object esp-idf/esp_adc/CMakeFiles/__idf_esp_adc.dir/adc_cali_curve_fitting.c.obj[0m
-- Project sdkconfig file /home/micu/esp/mycode/micu_ros_car/sdkconfig
[  4%] [32mBuilding C object esp-idf/esp_adc/CMakeFiles/__idf_esp_adc.dir/adc_common.c.obj[0m
[  5%] [32mBuilding C object esp-idf/esp_adc/CMakeFiles/__idf_esp_adc.dir/deprecated/esp_adc_cal_common_legacy.c.obj[0m
[  5%] [32mBuilding C object esp-idf/esp_adc/CMakeFiles/__idf_esp_adc.dir/adc_continuous.c.obj[0m
[  5%] [32mBuilding C object esp-idf/esp_adc/CMakeFiles/__idf_esp_adc.dir/adc_filter.c.obj[0m
[  5%] [32mBuilding C object esp-idf/esp_adc/CMakeFiles/__idf_esp_adc.dir/esp32s3/curve_fitting_coefficients.c.obj[0m
[  5%] [32mBuilding C object esp-idf/esp_adc/CMakeFiles/__idf_esp_adc.dir/deprecated/esp32s3/esp_adc_cal_legacy.c.obj[0m
-- Looking for sys/types.h
[  5%] [32m[1mLinking C static library libesp_adc.a[0m
[  5%] Built target __idf_esp_adc
-- Looking for sys/types.h - found
-- Looking for stdint.h
[  5%] [32mBuilding C object esp-idf/esp-tls/CMakeFiles/__idf_esp-tls.dir/esp_tls.c.obj[0m
[  6%] [32mBuilding C object esp-idf/esp-tls/CMakeFiles/__idf_esp-tls.dir/esp-tls-crypto/esp_tls_crypto.c.obj[0m
[  6%] [32mBuilding C object esp-idf/esp-tls/CMakeFiles/__idf_esp-tls.dir/esp_tls_error_capture.c.obj[0m
[  6%] [32mBuilding C object esp-idf/esp-tls/CMakeFiles/__idf_esp-tls.dir/esp_tls_mbedtls.c.obj[0m
-- Looking for stdint.h - found
-- Looking for stddef.h
-- Looking for stddef.h - found
-- Check size of time_t
-- Check size of time_t - done
-- Adding linker script /home/micu/esp/esp-idf/components/soc/esp32s3/ld/esp32s3.peripherals.ld
[  6%] [32m[1mLinking C static library libesp-tls.a[0m
-- App "bootloader" version: v5.1.2-1-g3b62af741a
-- Adding linker script /home/micu/esp/esp-idf/components/esp_rom/esp32s3/ld/esp32s3.rom.ld
-- Adding linker script /home/micu/esp/esp-idf/components/esp_rom/esp32s3/ld/esp32s3.rom.api.ld
-- Adding linker script /home/micu/esp/esp-idf/components/esp_rom/esp32s3/ld/esp32s3.rom.libgcc.ld
-- Adding linker script /home/micu/esp/esp-idf/components/esp_rom/esp32s3/ld/esp32s3.rom.newlib.ld
-- Adding linker script /home/micu/esp/esp-idf/components/bootloader/subproject/main/ld/esp32s3/bootloader.ld
-- Adding linker script /home/micu/esp/esp-idf/components/bootloader/subproject/main/ld/esp32s3/bootloader.rom.ld
-- Components: bootloader bootloader_support efuse esp_app_format esp_common esp_hw_support esp_rom esp_system esptool_py freertos hal log main micro-ecc newlib partition_table soc spi_flash xtensa
-- Component paths: /home/micu/esp/esp-idf/components/bootloader /home/micu/esp/esp-idf/components/bootloader_support /home/micu/esp/esp-idf/components/efuse /home/micu/esp/esp-idf/components/esp_app_format /home/micu/esp/esp-idf/components/esp_common /home/micu/esp/esp-idf/components/esp_hw_support /home/micu/esp/esp-idf/components/esp_rom /home/micu/esp/esp-idf/components/esp_system /home/micu/esp/esp-idf/components/esptool_py /home/micu/esp/esp-idf/components/freertos /home/micu/esp/esp-idf/components/hal /home/micu/esp/esp-idf/components/log /home/micu/esp/esp-idf/components/bootloader/subproject/main /home/micu/esp/esp-idf/components/bootloader/subproject/components/micro-ecc /home/micu/esp/esp-idf/components/newlib /home/micu/esp/esp-idf/components/partition_table /home/micu/esp/esp-idf/components/soc /home/micu/esp/esp-idf/components/spi_flash /home/micu/esp/esp-idf/components/xtensa
-- Configuring done
[  6%] Built target __idf_esp-tls
[  6%] [32mBuilding C object esp-idf/http_parser/CMakeFiles/__idf_http_parser.dir/http_parser.c.obj[0m
-- Generating done
-- Build files have been written to: /home/micu/esp/mycode/micu_ros_car/build/micu_ros_car/bootloader
[  6%] [34m[1mPerforming build step for 'bootloader'[0m
[  1%] [32mBuilding C object esp-idf/log/CMakeFiles/__idf_log.dir/log.c.obj[0m
[  2%] [32mBuilding C object esp-idf/log/CMakeFiles/__idf_log.dir/log_buffers.c.obj[0m
[  3%] [34m[1mGenerating project_elf_src_esp32s3.c[0m
[  3%] Built target _project_elf_src
[  4%] [32mBuilding C object esp-idf/log/CMakeFiles/__idf_log.dir/log_noos.c.obj[0m
[  4%] [32m[1mLinking C static library liblog.a[0m
[  4%] Built target __idf_log
[35m[1mScanning dependencies of target __idf_esp_rom[0m
[  6%] [32mBuilding C object esp-idf/esp_rom/CMakeFiles/__idf_esp_rom.dir/patches/esp_rom_crc.c.obj[0m
[  6%] [32mBuilding C object esp-idf/esp_rom/CMakeFiles/__idf_esp_rom.dir/patches/esp_rom_sys.c.obj[0m
[  7%] [32mBuilding C object esp-idf/esp_rom/CMakeFiles/__idf_esp_rom.dir/patches/esp_rom_uart.c.obj[0m
[  8%] [32mBuilding C object esp-idf/esp_rom/CMakeFiles/__idf_esp_rom.dir/patches/esp_rom_spiflash.c.obj[0m
[  9%] [32mBuilding C object esp-idf/esp_rom/CMakeFiles/__idf_esp_rom.dir/patches/esp_rom_efuse.c.obj[0m
[  6%] [32m[1mLinking C static library libhttp_parser.a[0m
[  9%] [32mBuilding ASM object esp-idf/esp_rom/CMakeFiles/__idf_esp_rom.dir/patches/esp_rom_longjmp.S.obj[0m
[ 10%] [32mBuilding C object esp-idf/esp_rom/CMakeFiles/__idf_esp_rom.dir/patches/esp_rom_systimer.c.obj[0m
[ 11%] [32mBuilding C object esp-idf/esp_rom/CMakeFiles/__idf_esp_rom.dir/patches/esp_rom_wdt.c.obj[0m
[  6%] Built target __idf_http_parser
[ 12%] [32mBuilding C object esp-idf/esp_rom/CMakeFiles/__idf_esp_rom.dir/patches/esp_rom_cache_esp32s2_esp32s3.c.obj[0m
[ 13%] [32mBuilding ASM object esp-idf/esp_rom/CMakeFiles/__idf_esp_rom.dir/patches/esp_rom_cache_writeback_esp32s3.S.obj[0m
[  6%] [32mBuilding C object esp-idf/esp_wifi/CMakeFiles/__idf_esp_wifi.dir/src/smartconfig.c.obj[0m
[  7%] [32mBuilding C object esp-idf/esp_wifi/CMakeFiles/__idf_esp_wifi.dir/src/wifi_init.c.obj[0m
[  7%] [32mBuilding C object esp-idf/esp_wifi/CMakeFiles/__idf_esp_wifi.dir/src/mesh_event.c.obj[0m
[ 14%] [32m[1mLinking C static library libesp_rom.a[0m
[  7%] [32mBuilding C object esp-idf/esp_wifi/CMakeFiles/__idf_esp_wifi.dir/src/wifi_default.c.obj[0m
[ 14%] Built target __idf_esp_rom
[  7%] [32mBuilding C object esp-idf/esp_wifi/CMakeFiles/__idf_esp_wifi.dir/src/wifi_netif.c.obj[0m
[  7%] [32mBuilding C object esp-idf/esp_wifi/CMakeFiles/__idf_esp_wifi.dir/src/wifi_default_ap.c.obj[0m
[ 15%] [32mBuilding C object esp-idf/esp_common/CMakeFiles/__idf_esp_common.dir/src/esp_err_to_name.c.obj[0m
[  7%] [32mBuilding C object esp-idf/esp_wifi/CMakeFiles/__idf_esp_wifi.dir/esp32s3/esp_adapter.c.obj[0m
[  7%] [32mBuilding C object esp-idf/esp_wifi/CMakeFiles/__idf_esp_wifi.dir/src/smartconfig_ack.c.obj[0m
[ 16%] [32m[1mLinking C static library libesp_common.a[0m
[ 16%] Built target __idf_esp_common
[ 18%] [32mBuilding C object esp-idf/esp_hw_support/CMakeFiles/__idf_esp_hw_support.dir/cpu.c.obj[0m
[ 18%] [32mBuilding C object esp-idf/esp_hw_support/CMakeFiles/__idf_esp_hw_support.dir/esp_memory_utils.c.obj[0m
[ 19%] [32mBuilding C object esp-idf/esp_hw_support/CMakeFiles/__idf_esp_hw_support.dir/port/esp32s3/cpu_region_protect.c.obj[0m
[  7%] [32m[1mLinking C static library libesp_wifi.a[0m
[ 20%] [32mBuilding C object esp-idf/esp_hw_support/CMakeFiles/__idf_esp_hw_support.dir/port/esp32s3/rtc_clk.c.obj[0m
[ 22%] [32mBuilding C object esp-idf/esp_hw_support/CMakeFiles/__idf_esp_hw_support.dir/port/esp32s3/rtc_init.c.obj[0m
[ 22%] [32mBuilding C object esp-idf/esp_hw_support/CMakeFiles/__idf_esp_hw_support.dir/port/esp32s3/rtc_clk_init.c.obj[0m
[  7%] Built target __idf_esp_wifi
[  7%] [32mBuilding C object esp-idf/esp_coex/CMakeFiles/__idf_esp_coex.dir/esp32s3/esp_coex_adapter.c.obj[0m
[ 22%] [32mBuilding C object esp-idf/esp_hw_support/CMakeFiles/__idf_esp_hw_support.dir/port/esp32s3/rtc_sleep.c.obj[0m
[ 23%] [32mBuilding C object esp-idf/esp_hw_support/CMakeFiles/__idf_esp_hw_support.dir/port/esp32s3/rtc_time.c.obj[0m
[  7%] [32m[1mLinking C static library libesp_coex.a[0m
[ 24%] [32mBuilding C object esp-idf/esp_hw_support/CMakeFiles/__idf_esp_hw_support.dir/port/esp32s3/chip_info.c.obj[0m
[  7%] Built target __idf_esp_coex
[  7%] [32mBuilding C object esp-idf/wpa_supplicant/CMakeFiles/__idf_wpa_supplicant.dir/src/ap/ap_config.c.obj[0m
[  8%] [32mBuilding C object esp-idf/wpa_supplicant/CMakeFiles/__idf_wpa_supplicant.dir/port/eloop.c.obj[0m
[  8%] [32mBuilding C object esp-idf/wpa_supplicant/CMakeFiles/__idf_wpa_supplicant.dir/port/os_xtensa.c.obj[0m
[ 25%] [32m[1mLinking C static library libesp_hw_support.a[0m
[ 25%] Built target __idf_esp_hw_support
[  8%] [32mBuilding C object esp-idf/wpa_supplicant/CMakeFiles/__idf_wpa_supplicant.dir/src/ap/ieee802_1x.c.obj[0m
[ 26%] [32mBuilding C object esp-idf/esp_system/CMakeFiles/__idf_esp_system.dir/esp_err.c.obj[0m
[  8%] [32mBuilding C object esp-idf/wpa_supplicant/CMakeFiles/__idf_wpa_supplicant.dir/src/ap/wpa_auth.c.obj[0m
[  8%] [32mBuilding C object esp-idf/wpa_supplicant/CMakeFiles/__idf_wpa_supplicant.dir/src/ap/wpa_auth_ie.c.obj[0m
[ 27%] [32m[1mLinking C static library libesp_system.a[0m
[ 27%] Built target __idf_esp_system
[  8%] [32mBuilding C object esp-idf/wpa_supplicant/CMakeFiles/__idf_wpa_supplicant.dir/src/ap/pmksa_cache_auth.c.obj[0m
[ 28%] [32mBuilding C object esp-idf/efuse/CMakeFiles/__idf_efuse.dir/esp32s3/esp_efuse_table.c.obj[0m
[ 29%] [32mBuilding C object esp-idf/efuse/CMakeFiles/__idf_efuse.dir/esp32s3/esp_efuse_fields.c.obj[0m
[ 29%] [32mBuilding C object esp-idf/efuse/CMakeFiles/__idf_efuse.dir/esp32s3/esp_efuse_rtc_calib.c.obj[0m
[ 30%] [32mBuilding C object esp-idf/efuse/CMakeFiles/__idf_efuse.dir/esp32s3/esp_efuse_utility.c.obj[0m
[ 31%] [32mBuilding C object esp-idf/efuse/CMakeFiles/__idf_efuse.dir/src/esp_efuse_api.c.obj[0m
[ 32%] [32mBuilding C object esp-idf/efuse/CMakeFiles/__idf_efuse.dir/src/esp_efuse_fields.c.obj[0m
[  8%] [32mBuilding C object esp-idf/wpa_supplicant/CMakeFiles/__idf_wpa_supplicant.dir/src/ap/sta_info.c.obj[0m
[  8%] [32mBuilding C object esp-idf/wpa_supplicant/CMakeFiles/__idf_wpa_supplicant.dir/src/ap/ieee802_11.c.obj[0m
[  8%] [32mBuilding C object esp-idf/wpa_supplicant/CMakeFiles/__idf_wpa_supplicant.dir/src/ap/comeback_token.c.obj[0m
[ 34%] [32mBuilding C object esp-idf/efuse/CMakeFiles/__idf_efuse.dir/src/esp_efuse_utility.c.obj[0m
[ 35%] [32mBuilding C object esp-idf/efuse/CMakeFiles/__idf_efuse.dir/src/efuse_controller/keys/with_key_purposes/esp_efuse_api_key.c.obj[0m
[  8%] [32mBuilding C object esp-idf/wpa_supplicant/CMakeFiles/__idf_wpa_supplicant.dir/src/common/sae.c.obj[0m
[  9%] [32mBuilding C object esp-idf/wpa_supplicant/CMakeFiles/__idf_wpa_supplicant.dir/src/common/dragonfly.c.obj[0m
[  9%] [32mBuilding C object esp-idf/wpa_supplicant/CMakeFiles/__idf_wpa_supplicant.dir/src/common/wpa_common.c.obj[0m
[ 36%] [32m[1mLinking C static library libefuse.a[0m
[  9%] [32mBuilding C object esp-idf/wpa_supplicant/CMakeFiles/__idf_wpa_supplicant.dir/src/utils/bitfield.c.obj[0m
[ 36%] Built target __idf_efuse
[ 36%] [32mBuilding C object esp-idf/bootloader_support/CMakeFiles/__idf_bootloader_support.dir/src/bootloader_common.c.obj[0m
[ 37%] [32mBuilding C object esp-idf/bootloader_support/CMakeFiles/__idf_bootloader_support.dir/src/bootloader_common_loader.c.obj[0m
[ 38%] [32mBuilding C object esp-idf/bootloader_support/CMakeFiles/__idf_bootloader_support.dir/src/bootloader_clock_init.c.obj[0m
[ 39%] [32mBuilding C object esp-idf/bootloader_support/CMakeFiles/__idf_bootloader_support.dir/src/bootloader_mem.c.obj[0m
[  9%] [32mBuilding C object esp-idf/wpa_supplicant/CMakeFiles/__idf_wpa_supplicant.dir/src/crypto/aes-siv.c.obj[0m
[  9%] [32mBuilding C object esp-idf/wpa_supplicant/CMakeFiles/__idf_wpa_supplicant.dir/src/crypto/sha256-kdf.c.obj[0m
[ 40%] [32mBuilding C object esp-idf/bootloader_support/CMakeFiles/__idf_bootloader_support.dir/src/bootloader_random.c.obj[0m
[  9%] [32mBuilding C object esp-idf/wpa_supplicant/CMakeFiles/__idf_wpa_supplicant.dir/src/crypto/ccmp.c.obj[0m
[ 41%] [32mBuilding C object esp-idf/bootloader_support/CMakeFiles/__idf_bootloader_support.dir/src/bootloader_random_esp32s3.c.obj[0m
[  9%] [32mBuilding C object esp-idf/wpa_supplicant/CMakeFiles/__idf_wpa_supplicant.dir/src/crypto/aes-gcm.c.obj[0m
[ 42%] [32mBuilding C object esp-idf/bootloader_support/CMakeFiles/__idf_bootloader_support.dir/src/bootloader_efuse.c.obj[0m
[  9%] [32mBuilding C object esp-idf/wpa_supplicant/CMakeFiles/__idf_wpa_supplicant.dir/src/crypto/crypto_ops.c.obj[0m
[ 43%] [32mBuilding C object esp-idf/bootloader_support/CMakeFiles/__idf_bootloader_support.dir/src/flash_encrypt.c.obj[0m
[  9%] [32mBuilding C object esp-idf/wpa_supplicant/CMakeFiles/__idf_wpa_supplicant.dir/src/crypto/dh_group5.c.obj[0m
[  9%] [32mBuilding C object esp-idf/wpa_supplicant/CMakeFiles/__idf_wpa_supplicant.dir/src/crypto/dh_groups.c.obj[0m
[ 10%] [32mBuilding C object esp-idf/wpa_supplicant/CMakeFiles/__idf_wpa_supplicant.dir/src/crypto/ms_funcs.c.obj[0m
[ 10%] [32mBuilding C object esp-idf/wpa_supplicant/CMakeFiles/__idf_wpa_supplicant.dir/src/crypto/sha1-tlsprf.c.obj[0m
[ 43%] [32mBuilding C object esp-idf/bootloader_support/CMakeFiles/__idf_bootloader_support.dir/src/secure_boot.c.obj[0m
[ 44%] [32mBuilding C object esp-idf/bootloader_support/CMakeFiles/__idf_bootloader_support.dir/bootloader_flash/src/bootloader_flash.c.obj[0m
[ 45%] [32mBuilding C object esp-idf/bootloader_support/CMakeFiles/__idf_bootloader_support.dir/bootloader_flash/src/flash_qio_mode.c.obj[0m
[ 46%] [32mBuilding C object esp-idf/bootloader_support/CMakeFiles/__idf_bootloader_support.dir/bootloader_flash/src/bootloader_flash_config_esp32s3.c.obj[0m
[ 10%] [32mBuilding C object esp-idf/wpa_supplicant/CMakeFiles/__idf_wpa_supplicant.dir/src/crypto/sha256-tlsprf.c.obj[0m
[ 47%] [32mBuilding C object esp-idf/bootloader_support/CMakeFiles/__idf_bootloader_support.dir/src/bootloader_utility.c.obj[0m
[ 10%] [32mBuilding C object esp-idf/wpa_supplicant/CMakeFiles/__idf_wpa_supplicant.dir/src/crypto/sha384-tlsprf.c.obj[0m
[ 48%] [32mBuilding C object esp-idf/bootloader_support/CMakeFiles/__idf_bootloader_support.dir/src/flash_partitions.c.obj[0m
[ 49%] [32mBuilding C object esp-idf/bootloader_support/CMakeFiles/__idf_bootloader_support.dir/src/esp_image_format.c.obj[0m
[ 10%] [32mBuilding C object esp-idf/wpa_supplicant/CMakeFiles/__idf_wpa_supplicant.dir/src/crypto/sha256-prf.c.obj[0m
[ 50%] [32mBuilding C object esp-idf/bootloader_support/CMakeFiles/__idf_bootloader_support.dir/src/bootloader_init.c.obj[0m
[ 10%] [32mBuilding C object esp-idf/wpa_supplicant/CMakeFiles/__idf_wpa_supplicant.dir/src/crypto/sha1-prf.c.obj[0m
[ 10%] [32mBuilding C object esp-idf/wpa_supplicant/CMakeFiles/__idf_wpa_supplicant.dir/src/crypto/sha384-prf.c.obj[0m
[ 10%] [32mBuilding C object esp-idf/wpa_supplicant/CMakeFiles/__idf_wpa_supplicant.dir/src/crypto/md4-internal.c.obj[0m
[ 10%] [32mBuilding C object esp-idf/wpa_supplicant/CMakeFiles/__idf_wpa_supplicant.dir/src/crypto/sha1-tprf.c.obj[0m
[ 10%] [32mBuilding C object esp-idf/wpa_supplicant/CMakeFiles/__idf_wpa_supplicant.dir/src/eap_common/eap_wsc_common.c.obj[0m
[ 11%] [32mBuilding C object esp-idf/wpa_supplicant/CMakeFiles/__idf_wpa_supplicant.dir/src/common/ieee802_11_common.c.obj[0m
[ 51%] [32mBuilding C object esp-idf/bootloader_support/CMakeFiles/__idf_bootloader_support.dir/src/bootloader_clock_loader.c.obj[0m
[ 11%] [32mBuilding C object esp-idf/wpa_supplicant/CMakeFiles/__idf_wpa_supplicant.dir/src/eap_peer/chap.c.obj[0m
[ 51%] [32mBuilding C object esp-idf/bootloader_support/CMakeFiles/__idf_bootloader_support.dir/src/bootloader_console.c.obj[0m
[ 52%] [32mBuilding C object esp-idf/bootloader_support/CMakeFiles/__idf_bootloader_support.dir/src/bootloader_console_loader.c.obj[0m
[ 53%] [32mBuilding C object esp-idf/bootloader_support/CMakeFiles/__idf_bootloader_support.dir/src/esp32s3/bootloader_sha.c.obj[0m
[ 54%] [32mBuilding C object esp-idf/bootloader_support/CMakeFiles/__idf_bootloader_support.dir/src/esp32s3/bootloader_soc.c.obj[0m
[ 11%] [32mBuilding C object esp-idf/wpa_supplicant/CMakeFiles/__idf_wpa_supplicant.dir/src/eap_peer/eap.c.obj[0m
[ 55%] [32mBuilding C object esp-idf/bootloader_support/CMakeFiles/__idf_bootloader_support.dir/src/esp32s3/bootloader_esp32s3.c.obj[0m
[ 11%] [32mBuilding C object esp-idf/wpa_supplicant/CMakeFiles/__idf_wpa_supplicant.dir/src/eap_peer/eap_common.c.obj[0m
[ 11%] [32mBuilding C object esp-idf/wpa_supplicant/CMakeFiles/__idf_wpa_supplicant.dir/src/eap_peer/eap_mschapv2.c.obj[0m
[ 56%] [32mBuilding C object esp-idf/bootloader_support/CMakeFiles/__idf_bootloader_support.dir/src/bootloader_panic.c.obj[0m
[ 11%] [32mBuilding C object esp-idf/wpa_supplicant/CMakeFiles/__idf_wpa_supplicant.dir/src/eap_peer/eap_peap.c.obj[0m
[ 11%] [32mBuilding C object esp-idf/wpa_supplicant/CMakeFiles/__idf_wpa_supplicant.dir/src/eap_peer/eap_peap_common.c.obj[0m
[ 57%] [32m[1mLinking C static library libbootloader_support.a[0m
[ 11%] [32mBuilding C object esp-idf/wpa_supplicant/CMakeFiles/__idf_wpa_supplicant.dir/src/eap_peer/eap_tls.c.obj[0m
[ 57%] Built target __idf_bootloader_support
[ 11%] [32mBuilding C object esp-idf/wpa_supplicant/CMakeFiles/__idf_wpa_supplicant.dir/src/eap_peer/eap_tls_common.c.obj[0m
[ 58%] [32mBuilding C object esp-idf/esp_app_format/CMakeFiles/__idf_esp_app_format.dir/esp_app_desc.c.obj[0m
[ 11%] [32mBuilding C object esp-idf/wpa_supplicant/CMakeFiles/__idf_wpa_supplicant.dir/src/eap_peer/eap_ttls.c.obj[0m
[ 12%] [32mBuilding C object esp-idf/wpa_supplicant/CMakeFiles/__idf_wpa_supplicant.dir/src/eap_peer/mschapv2.c.obj[0m
[ 58%] [32m[1mLinking C static library libesp_app_format.a[0m
[ 58%] Built target __idf_esp_app_format
[ 12%] [32mBuilding C object esp-idf/wpa_supplicant/CMakeFiles/__idf_wpa_supplicant.dir/src/eap_peer/eap_fast.c.obj[0m
[ 12%] [32mBuilding C object esp-idf/wpa_supplicant/CMakeFiles/__idf_wpa_supplicant.dir/src/eap_peer/eap_fast_common.c.obj[0m
[ 59%] [32mBuilding C object esp-idf/spi_flash/CMakeFiles/__idf_spi_flash.dir/spi_flash_wrap.c.obj[0m
[ 12%] [32mBuilding C object esp-idf/wpa_supplicant/CMakeFiles/__idf_wpa_supplicant.dir/src/eap_peer/eap_fast_pac.c.obj[0m
[ 60%] [32m[1mLinking C static library libspi_flash.a[0m
[ 12%] [32mBuilding C object esp-idf/wpa_supplicant/CMakeFiles/__idf_wpa_supplicant.dir/src/rsn_supp/pmksa_cache.c.obj[0m
[ 60%] Built target __idf_spi_flash
[ 60%] [32mBuilding C object esp-idf/hal/CMakeFiles/__idf_hal.dir/mpu_hal.c.obj[0m
[ 61%] [32mBuilding C object esp-idf/hal/CMakeFiles/__idf_hal.dir/efuse_hal.c.obj[0m
[ 62%] [32mBuilding C object esp-idf/hal/CMakeFiles/__idf_hal.dir/esp32s3/efuse_hal.c.obj[0m
[ 12%] [32mBuilding C object esp-idf/wpa_supplicant/CMakeFiles/__idf_wpa_supplicant.dir/src/rsn_supp/wpa.c.obj[0m
[ 12%] [32mBuilding C object esp-idf/wpa_supplicant/CMakeFiles/__idf_wpa_supplicant.dir/src/rsn_supp/wpa_ie.c.obj[0m
[ 63%] [32mBuilding C object esp-idf/hal/CMakeFiles/__idf_hal.dir/mmu_hal.c.obj[0m
[ 64%] [32mBuilding C object esp-idf/hal/CMakeFiles/__idf_hal.dir/cache_hal.c.obj[0m
[ 12%] [32mBuilding C object esp-idf/wpa_supplicant/CMakeFiles/__idf_wpa_supplicant.dir/src/utils/base64.c.obj[0m
[ 65%] [32m[1mLinking C static library libhal.a[0m
[ 12%] [32mBuilding C object esp-idf/wpa_supplicant/CMakeFiles/__idf_wpa_supplicant.dir/src/utils/common.c.obj[0m
[ 65%] Built target __idf_hal
[ 13%] [32mBuilding C object esp-idf/wpa_supplicant/CMakeFiles/__idf_wpa_supplicant.dir/src/utils/ext_password.c.obj[0m
[ 67%] [32mBuilding C object esp-idf/micro-ecc/CMakeFiles/__idf_micro-ecc.dir/uECC_verify_antifault.c.obj[0m
[ 13%] [32mBuilding C object esp-idf/wpa_supplicant/CMakeFiles/__idf_wpa_supplicant.dir/src/utils/wpabuf.c.obj[0m
[ 13%] [32mBuilding C object esp-idf/wpa_supplicant/CMakeFiles/__idf_wpa_supplicant.dir/src/utils/uuid.c.obj[0m
[ 13%] [32mBuilding C object esp-idf/wpa_supplicant/CMakeFiles/__idf_wpa_supplicant.dir/src/utils/wpa_debug.c.obj[0m
[ 13%] [32mBuilding C object esp-idf/wpa_supplicant/CMakeFiles/__idf_wpa_supplicant.dir/src/utils/json.c.obj[0m
[ 13%] [32mBuilding C object esp-idf/wpa_supplicant/CMakeFiles/__idf_wpa_supplicant.dir/src/wps/wps.c.obj[0m
[ 13%] [32mBuilding C object esp-idf/wpa_supplicant/CMakeFiles/__idf_wpa_supplicant.dir/src/wps/wps_attr_build.c.obj[0m
[ 13%] [32mBuilding C object esp-idf/wpa_supplicant/CMakeFiles/__idf_wpa_supplicant.dir/src/wps/wps_attr_parse.c.obj[0m
[ 13%] [32mBuilding C object esp-idf/wpa_supplicant/CMakeFiles/__idf_wpa_supplicant.dir/src/wps/wps_attr_process.c.obj[0m
[ 13%] [32mBuilding C object esp-idf/wpa_supplicant/CMakeFiles/__idf_wpa_supplicant.dir/src/wps/wps_common.c.obj[0m
[ 14%] [32mBuilding C object esp-idf/wpa_supplicant/CMakeFiles/__idf_wpa_supplicant.dir/src/wps/wps_dev_attr.c.obj[0m
[ 14%] [32mBuilding C object esp-idf/wpa_supplicant/CMakeFiles/__idf_wpa_supplicant.dir/src/wps/wps_enrollee.c.obj[0m
[ 14%] [32mBuilding C object esp-idf/wpa_supplicant/CMakeFiles/__idf_wpa_supplicant.dir/src/common/sae_pk.c.obj[0m
[ 68%] [32m[1mLinking C static library libmicro-ecc.a[0m
[ 68%] Built target __idf_micro-ecc
[ 14%] [32mBuilding C object esp-idf/wpa_supplicant/CMakeFiles/__idf_wpa_supplicant.dir/src/common/bss.c.obj[0m
[ 69%] [32mBuilding C object esp-idf/soc/CMakeFiles/__idf_soc.dir/lldesc.c.obj[0m
[ 70%] [32mBuilding C object esp-idf/soc/CMakeFiles/__idf_soc.dir/dport_access_common.c.obj[0m
[ 14%] [32mBuilding C object esp-idf/wpa_supplicant/CMakeFiles/__idf_wpa_supplicant.dir/src/common/scan.c.obj[0m
[ 71%] [32mBuilding C object esp-idf/soc/CMakeFiles/__idf_soc.dir/esp32s3/interrupts.c.obj[0m
[ 72%] [32mBuilding C object esp-idf/soc/CMakeFiles/__idf_soc.dir/esp32s3/gpio_periph.c.obj[0m
[ 72%] [32mBuilding C object esp-idf/soc/CMakeFiles/__idf_soc.dir/esp32s3/uart_periph.c.obj[0m
[ 73%] [32mBuilding C object esp-idf/soc/CMakeFiles/__idf_soc.dir/esp32s3/adc_periph.c.obj[0m
[ 14%] [32mBuilding C object esp-idf/wpa_supplicant/CMakeFiles/__idf_wpa_supplicant.dir/esp_supplicant/src/esp_scan.c.obj[0m
[ 74%] [32mBuilding C object esp-idf/soc/CMakeFiles/__idf_soc.dir/esp32s3/dedic_gpio_periph.c.obj[0m
[ 14%] [32mBuilding C object esp-idf/wpa_supplicant/CMakeFiles/__idf_wpa_supplicant.dir/esp_supplicant/src/esp_eap_client.c.obj[0m
[ 75%] [32mBuilding C object esp-idf/soc/CMakeFiles/__idf_soc.dir/esp32s3/gdma_periph.c.obj[0m
[ 76%] [32mBuilding C object esp-idf/soc/CMakeFiles/__idf_soc.dir/esp32s3/spi_periph.c.obj[0m
[ 77%] [32mBuilding C object esp-idf/soc/CMakeFiles/__idf_soc.dir/esp32s3/ledc_periph.c.obj[0m
[ 79%] [32mBuilding C object esp-idf/soc/CMakeFiles/__idf_soc.dir/esp32s3/rmt_periph.c.obj[0m
[ 79%] [32mBuilding C object esp-idf/soc/CMakeFiles/__idf_soc.dir/esp32s3/pcnt_periph.c.obj[0m
[ 79%] [32mBuilding C object esp-idf/soc/CMakeFiles/__idf_soc.dir/esp32s3/sdm_periph.c.obj[0m
[ 81%] [32mBuilding C object esp-idf/soc/CMakeFiles/__idf_soc.dir/esp32s3/i2c_periph.c.obj[0m
[ 81%] [32mBuilding C object esp-idf/soc/CMakeFiles/__idf_soc.dir/esp32s3/i2s_periph.c.obj[0m
[ 82%] [32mBuilding C object esp-idf/soc/CMakeFiles/__idf_soc.dir/esp32s3/temperature_sensor_periph.c.obj[0m
[ 83%] [32mBuilding C object esp-idf/soc/CMakeFiles/__idf_soc.dir/esp32s3/timer_periph.c.obj[0m
[ 84%] [32mBuilding C object esp-idf/soc/CMakeFiles/__idf_soc.dir/esp32s3/lcd_periph.c.obj[0m
[ 14%] [32mBuilding C object esp-idf/wpa_supplicant/CMakeFiles/__idf_wpa_supplicant.dir/esp_supplicant/src/esp_wpa2_api_port.c.obj[0m
[ 85%] [32mBuilding C object esp-idf/soc/CMakeFiles/__idf_soc.dir/esp32s3/mcpwm_periph.c.obj[0m
[ 14%] [32mBuilding C object esp-idf/wpa_supplicant/CMakeFiles/__idf_wpa_supplicant.dir/esp_supplicant/src/esp_wpa_main.c.obj[0m
[ 14%] [32mBuilding C object esp-idf/wpa_supplicant/CMakeFiles/__idf_wpa_supplicant.dir/esp_supplicant/src/esp_wpas_glue.c.obj[0m
[ 15%] [32mBuilding C object esp-idf/wpa_supplicant/CMakeFiles/__idf_wpa_supplicant.dir/esp_supplicant/src/esp_common.c.obj[0m
[ 86%] [32mBuilding C object esp-idf/soc/CMakeFiles/__idf_soc.dir/esp32s3/sdmmc_periph.c.obj[0m
[ 87%] [32mBuilding C object esp-idf/soc/CMakeFiles/__idf_soc.dir/esp32s3/touch_sensor_periph.c.obj[0m
[ 87%] [32mBuilding C object esp-idf/soc/CMakeFiles/__idf_soc.dir/esp32s3/twai_periph.c.obj[0m
[ 88%] [32mBuilding C object esp-idf/soc/CMakeFiles/__idf_soc.dir/esp32s3/usb_periph.c.obj[0m
[ 15%] [32mBuilding C object esp-idf/wpa_supplicant/CMakeFiles/__idf_wpa_supplicant.dir/esp_supplicant/src/esp_wps.c.obj[0m
[ 89%] [32mBuilding C object esp-idf/soc/CMakeFiles/__idf_soc.dir/esp32s3/usb_otg_periph.c.obj[0m
[ 90%] [32mBuilding C object esp-idf/soc/CMakeFiles/__idf_soc.dir/esp32s3/rtc_io_periph.c.obj[0m
[ 15%] [32mBuilding C object esp-idf/wpa_supplicant/CMakeFiles/__idf_wpa_supplicant.dir/esp_supplicant/src/esp_wpa3.c.obj[0m
[ 15%] [32mBuilding C object esp-idf/wpa_supplicant/CMakeFiles/__idf_wpa_supplicant.dir/esp_supplicant/src/esp_owe.c.obj[0m
[ 91%] [32m[1mLinking C static library libsoc.a[0m
[ 15%] [32mBuilding C object esp-idf/wpa_supplicant/CMakeFiles/__idf_wpa_supplicant.dir/esp_supplicant/src/esp_hostap.c.obj[0m
[ 91%] Built target __idf_soc
[ 92%] [32mBuilding C object esp-idf/xtensa/CMakeFiles/__idf_xtensa.dir/eri.c.obj[0m
[ 15%] [32mBuilding C object esp-idf/wpa_supplicant/CMakeFiles/__idf_wpa_supplicant.dir/esp_supplicant/src/crypto/tls_mbedtls.c.obj[0m
[ 93%] [32mBuilding C object esp-idf/xtensa/CMakeFiles/__idf_xtensa.dir/xt_trax.c.obj[0m
[ 15%] [32mBuilding C object esp-idf/wpa_supplicant/CMakeFiles/__idf_wpa_supplicant.dir/esp_supplicant/src/crypto/fastpbkdf2.c.obj[0m
[ 93%] [32m[1mLinking C static library libxtensa.a[0m
[ 15%] [32mBuilding C object esp-idf/wpa_supplicant/CMakeFiles/__idf_wpa_supplicant.dir/esp_supplicant/src/crypto/crypto_mbedtls.c.obj[0m
[ 93%] Built target __idf_xtensa
[ 94%] [32mBuilding C object esp-idf/main/CMakeFiles/__idf_main.dir/bootloader_start.c.obj[0m
[ 15%] [32mBuilding C object esp-idf/wpa_supplicant/CMakeFiles/__idf_wpa_supplicant.dir/esp_supplicant/src/crypto/crypto_mbedtls-bignum.c.obj[0m
[ 15%] [32mBuilding C object esp-idf/wpa_supplicant/CMakeFiles/__idf_wpa_supplicant.dir/esp_supplicant/src/crypto/crypto_mbedtls-rsa.c.obj[0m
[ 95%] [32m[1mLinking C static library libmain.a[0m
[ 16%] [32mBuilding C object esp-idf/wpa_supplicant/CMakeFiles/__idf_wpa_supplicant.dir/esp_supplicant/src/crypto/crypto_mbedtls-ec.c.obj[0m
[ 95%] Built target __idf_main
[ 16%] [32mBuilding C object esp-idf/wpa_supplicant/CMakeFiles/__idf_wpa_supplicant.dir/src/crypto/rc4.c.obj[0m
[ 96%] [32mBuilding C object CMakeFiles/bootloader.elf.dir/project_elf_src_esp32s3.c.obj[0m
[ 97%] [32m[1mLinking C executable bootloader.elf[0m
[ 16%] [32mBuilding C object esp-idf/wpa_supplicant/CMakeFiles/__idf_wpa_supplicant.dir/src/crypto/des-internal.c.obj[0m
[ 16%] [32mBuilding C object esp-idf/wpa_supplicant/CMakeFiles/__idf_wpa_supplicant.dir/src/crypto/aes-wrap.c.obj[0m
[ 98%] Built target bootloader.elf
[ 16%] [32mBuilding C object esp-idf/wpa_supplicant/CMakeFiles/__idf_wpa_supplicant.dir/src/crypto/aes-unwrap.c.obj[0m
[ 16%] [32mBuilding C object esp-idf/wpa_supplicant/CMakeFiles/__idf_wpa_supplicant.dir/src/crypto/aes-ccm.c.obj[0m
[100%] [34m[1mGenerating binary image from built executable[0m
esptool.py v4.8.1
Creating esp32s3 image...
Merged 1 ELF section
Successfully created esp32s3 image.
[ 16%] [32m[1mLinking C static library libwpa_supplicant.a[0m
Generated /home/micu/esp/mycode/micu_ros_car/build/micu_ros_car/bootloader/bootloader.bin
[100%] Built target gen_project_binary
Bootloader binary size 0x51b0 bytes. 0x2e50 bytes (36%) free.
[100%] Built target bootloader_check_size
[ 16%] Built target __idf_wpa_supplicant
[100%] Built target app
[ 16%] [32mBuilding C object esp-idf/esp_netif/CMakeFiles/__idf_esp_netif.dir/esp_netif_handlers.c.obj[0m
[ 17%] [32mBuilding C object esp-idf/esp_netif/CMakeFiles/__idf_esp_netif.dir/esp_netif_objects.c.obj[0m
[ 17%] [32mBuilding C object esp-idf/esp_netif/CMakeFiles/__idf_esp_netif.dir/esp_netif_defaults.c.obj[0m
[ 17%] [34m[1mNo install step for 'bootloader'[0m
[ 17%] [34m[1mCompleted 'bootloader'[0m
[ 17%] [32mBuilding C object esp-idf/esp_netif/CMakeFiles/__idf_esp_netif.dir/lwip/esp_netif_lwip.c.obj[0m
[ 17%] [32mBuilding C object esp-idf/esp_netif/CMakeFiles/__idf_esp_netif.dir/lwip/esp_netif_sntp.c.obj[0m
[ 17%] [32mBuilding C object esp-idf/esp_netif/CMakeFiles/__idf_esp_netif.dir/lwip/esp_netif_lwip_defaults.c.obj[0m
[ 17%] Built target bootloader
[ 17%] [32mBuilding C object esp-idf/esp_netif/CMakeFiles/__idf_esp_netif.dir/lwip/netif/wlanif.c.obj[0m
[ 17%] [32mBuilding C object esp-idf/esp_netif/CMakeFiles/__idf_esp_netif.dir/lwip/netif/ethernetif.c.obj[0m
[ 17%] [32mBuilding C object esp-idf/esp_netif/CMakeFiles/__idf_esp_netif.dir/lwip/netif/esp_pbuf_ref.c.obj[0m
[ 17%] [32m[1mLinking C static library libesp_netif.a[0m
[ 17%] Built target __idf_esp_netif
[ 18%] [32mBuilding C object esp-idf/lwip/CMakeFiles/__idf_lwip.dir/apps/sntp/sntp.c.obj[0m
[ 18%] [32mBuilding C object esp-idf/lwip/CMakeFiles/__idf_lwip.dir/lwip/src/api/api_msg.c.obj[0m
[ 18%] [32mBuilding C object esp-idf/lwip/CMakeFiles/__idf_lwip.dir/lwip/src/api/api_lib.c.obj[0m
[ 18%] [32mBuilding C object esp-idf/lwip/CMakeFiles/__idf_lwip.dir/lwip/src/api/err.c.obj[0m
[ 18%] [32mBuilding C object esp-idf/lwip/CMakeFiles/__idf_lwip.dir/lwip/src/api/if_api.c.obj[0m
[ 18%] [32mBuilding C object esp-idf/lwip/CMakeFiles/__idf_lwip.dir/lwip/src/api/netbuf.c.obj[0m
[ 18%] [32mBuilding C object esp-idf/lwip/CMakeFiles/__idf_lwip.dir/lwip/src/api/netdb.c.obj[0m
[ 18%] [32mBuilding C object esp-idf/lwip/CMakeFiles/__idf_lwip.dir/lwip/src/api/netifapi.c.obj[0m
[ 18%] [32mBuilding C object esp-idf/lwip/CMakeFiles/__idf_lwip.dir/lwip/src/api/sockets.c.obj[0m
[ 18%] [32mBuilding C object esp-idf/lwip/CMakeFiles/__idf_lwip.dir/lwip/src/api/tcpip.c.obj[0m
[ 19%] [32mBuilding C object esp-idf/lwip/CMakeFiles/__idf_lwip.dir/lwip/src/apps/sntp/sntp.c.obj[0m
[ 19%] [32mBuilding C object esp-idf/lwip/CMakeFiles/__idf_lwip.dir/lwip/src/apps/netbiosns/netbiosns.c.obj[0m
[ 19%] [32mBuilding C object esp-idf/lwip/CMakeFiles/__idf_lwip.dir/lwip/src/core/def.c.obj[0m
[ 19%] [32mBuilding C object esp-idf/lwip/CMakeFiles/__idf_lwip.dir/lwip/src/core/dns.c.obj[0m
[ 19%] [32mBuilding C object esp-idf/lwip/CMakeFiles/__idf_lwip.dir/lwip/src/core/inet_chksum.c.obj[0m
[ 19%] [32mBuilding C object esp-idf/lwip/CMakeFiles/__idf_lwip.dir/lwip/src/core/init.c.obj[0m
[ 19%] [32mBuilding C object esp-idf/lwip/CMakeFiles/__idf_lwip.dir/lwip/src/core/ip.c.obj[0m
[ 19%] [32mBuilding C object esp-idf/lwip/CMakeFiles/__idf_lwip.dir/lwip/src/core/mem.c.obj[0m
[ 19%] [32mBuilding C object esp-idf/lwip/CMakeFiles/__idf_lwip.dir/lwip/src/core/memp.c.obj[0m
[ 19%] [32mBuilding C object esp-idf/lwip/CMakeFiles/__idf_lwip.dir/lwip/src/core/netif.c.obj[0m
[ 20%] [32mBuilding C object esp-idf/lwip/CMakeFiles/__idf_lwip.dir/lwip/src/core/pbuf.c.obj[0m
[ 20%] [32mBuilding C object esp-idf/lwip/CMakeFiles/__idf_lwip.dir/lwip/src/core/raw.c.obj[0m
[ 20%] [32mBuilding C object esp-idf/lwip/CMakeFiles/__idf_lwip.dir/lwip/src/core/stats.c.obj[0m
[ 20%] [32mBuilding C object esp-idf/lwip/CMakeFiles/__idf_lwip.dir/lwip/src/core/sys.c.obj[0m
[ 20%] [32mBuilding C object esp-idf/lwip/CMakeFiles/__idf_lwip.dir/lwip/src/core/tcp.c.obj[0m
[ 20%] [32mBuilding C object esp-idf/lwip/CMakeFiles/__idf_lwip.dir/lwip/src/core/tcp_in.c.obj[0m
[ 20%] [32mBuilding C object esp-idf/lwip/CMakeFiles/__idf_lwip.dir/lwip/src/core/tcp_out.c.obj[0m
[ 20%] [32mBuilding C object esp-idf/lwip/CMakeFiles/__idf_lwip.dir/lwip/src/core/timeouts.c.obj[0m
[ 20%] [32mBuilding C object esp-idf/lwip/CMakeFiles/__idf_lwip.dir/lwip/src/core/udp.c.obj[0m
[ 20%] [32mBuilding C object esp-idf/lwip/CMakeFiles/__idf_lwip.dir/lwip/src/core/ipv4/autoip.c.obj[0m
[ 21%] [32mBuilding C object esp-idf/lwip/CMakeFiles/__idf_lwip.dir/lwip/src/core/ipv4/dhcp.c.obj[0m
[ 21%] [32mBuilding C object esp-idf/lwip/CMakeFiles/__idf_lwip.dir/lwip/src/core/ipv4/etharp.c.obj[0m
[ 21%] [32mBuilding C object esp-idf/lwip/CMakeFiles/__idf_lwip.dir/lwip/src/core/ipv4/icmp.c.obj[0m
[ 21%] [32mBuilding C object esp-idf/lwip/CMakeFiles/__idf_lwip.dir/lwip/src/core/ipv4/igmp.c.obj[0m
[ 21%] [32mBuilding C object esp-idf/lwip/CMakeFiles/__idf_lwip.dir/lwip/src/core/ipv4/ip4.c.obj[0m
[ 21%] [32mBuilding C object esp-idf/lwip/CMakeFiles/__idf_lwip.dir/lwip/src/core/ipv4/ip4_napt.c.obj[0m
[ 21%] [32mBuilding C object esp-idf/lwip/CMakeFiles/__idf_lwip.dir/lwip/src/core/ipv4/ip4_addr.c.obj[0m
[ 21%] [32mBuilding C object esp-idf/lwip/CMakeFiles/__idf_lwip.dir/lwip/src/core/ipv4/ip4_frag.c.obj[0m
[ 21%] [32mBuilding C object esp-idf/lwip/CMakeFiles/__idf_lwip.dir/lwip/src/core/ipv6/dhcp6.c.obj[0m
[ 21%] [32mBuilding C object esp-idf/lwip/CMakeFiles/__idf_lwip.dir/lwip/src/core/ipv6/ethip6.c.obj[0m
[ 22%] [32mBuilding C object esp-idf/lwip/CMakeFiles/__idf_lwip.dir/lwip/src/core/ipv6/icmp6.c.obj[0m
[ 22%] [32mBuilding C object esp-idf/lwip/CMakeFiles/__idf_lwip.dir/lwip/src/core/ipv6/inet6.c.obj[0m
[ 22%] [32mBuilding C object esp-idf/lwip/CMakeFiles/__idf_lwip.dir/lwip/src/core/ipv6/ip6.c.obj[0m
[ 22%] [32mBuilding C object esp-idf/lwip/CMakeFiles/__idf_lwip.dir/lwip/src/core/ipv6/ip6_addr.c.obj[0m
[ 22%] [32mBuilding C object esp-idf/lwip/CMakeFiles/__idf_lwip.dir/lwip/src/core/ipv6/ip6_frag.c.obj[0m
[ 22%] [32mBuilding C object esp-idf/lwip/CMakeFiles/__idf_lwip.dir/lwip/src/core/ipv6/mld6.c.obj[0m
[ 22%] [32mBuilding C object esp-idf/lwip/CMakeFiles/__idf_lwip.dir/lwip/src/core/ipv6/nd6.c.obj[0m
[ 22%] [32mBuilding C object esp-idf/lwip/CMakeFiles/__idf_lwip.dir/lwip/src/netif/ethernet.c.obj[0m
[ 22%] [32mBuilding C object esp-idf/lwip/CMakeFiles/__idf_lwip.dir/lwip/src/netif/bridgeif.c.obj[0m
[ 22%] [32mBuilding C object esp-idf/lwip/CMakeFiles/__idf_lwip.dir/lwip/src/netif/bridgeif_fdb.c.obj[0m
[ 23%] [32mBuilding C object esp-idf/lwip/CMakeFiles/__idf_lwip.dir/lwip/src/netif/slipif.c.obj[0m
[ 23%] [32mBuilding C object esp-idf/lwip/CMakeFiles/__idf_lwip.dir/lwip/src/netif/ppp/auth.c.obj[0m
[ 23%] [32mBuilding C object esp-idf/lwip/CMakeFiles/__idf_lwip.dir/lwip/src/netif/ppp/ccp.c.obj[0m
[ 23%] [32mBuilding C object esp-idf/lwip/CMakeFiles/__idf_lwip.dir/lwip/src/netif/ppp/chap-md5.c.obj[0m
[ 23%] [32mBuilding C object esp-idf/lwip/CMakeFiles/__idf_lwip.dir/lwip/src/netif/ppp/chap-new.c.obj[0m
[ 23%] [32mBuilding C object esp-idf/lwip/CMakeFiles/__idf_lwip.dir/lwip/src/netif/ppp/chap_ms.c.obj[0m
[ 23%] [32mBuilding C object esp-idf/lwip/CMakeFiles/__idf_lwip.dir/lwip/src/netif/ppp/demand.c.obj[0m
[ 23%] [32mBuilding C object esp-idf/lwip/CMakeFiles/__idf_lwip.dir/lwip/src/netif/ppp/eap.c.obj[0m
[ 23%] [32mBuilding C object esp-idf/lwip/CMakeFiles/__idf_lwip.dir/lwip/src/netif/ppp/ecp.c.obj[0m
[ 23%] [32mBuilding C object esp-idf/lwip/CMakeFiles/__idf_lwip.dir/lwip/src/netif/ppp/eui64.c.obj[0m
[ 24%] [32mBuilding C object esp-idf/lwip/CMakeFiles/__idf_lwip.dir/lwip/src/netif/ppp/fsm.c.obj[0m
[ 24%] [32mBuilding C object esp-idf/lwip/CMakeFiles/__idf_lwip.dir/lwip/src/netif/ppp/ipcp.c.obj[0m
[ 24%] [32mBuilding C object esp-idf/lwip/CMakeFiles/__idf_lwip.dir/lwip/src/netif/ppp/ipv6cp.c.obj[0m
[ 24%] [32mBuilding C object esp-idf/lwip/CMakeFiles/__idf_lwip.dir/lwip/src/netif/ppp/lcp.c.obj[0m
[ 24%] [32mBuilding C object esp-idf/lwip/CMakeFiles/__idf_lwip.dir/lwip/src/netif/ppp/magic.c.obj[0m
[ 24%] [32mBuilding C object esp-idf/lwip/CMakeFiles/__idf_lwip.dir/lwip/src/netif/ppp/mppe.c.obj[0m
[ 24%] [32mBuilding C object esp-idf/lwip/CMakeFiles/__idf_lwip.dir/lwip/src/netif/ppp/multilink.c.obj[0m
[ 24%] [32mBuilding C object esp-idf/lwip/CMakeFiles/__idf_lwip.dir/lwip/src/netif/ppp/ppp.c.obj[0m
[ 24%] [32mBuilding C object esp-idf/lwip/CMakeFiles/__idf_lwip.dir/lwip/src/netif/ppp/pppapi.c.obj[0m
[ 24%] [32mBuilding C object esp-idf/lwip/CMakeFiles/__idf_lwip.dir/lwip/src/netif/ppp/pppcrypt.c.obj[0m
[ 25%] [32mBuilding C object esp-idf/lwip/CMakeFiles/__idf_lwip.dir/lwip/src/netif/ppp/pppoe.c.obj[0m
[ 25%] [32mBuilding C object esp-idf/lwip/CMakeFiles/__idf_lwip.dir/lwip/src/netif/ppp/pppol2tp.c.obj[0m
[ 25%] [32mBuilding C object esp-idf/lwip/CMakeFiles/__idf_lwip.dir/lwip/src/netif/ppp/pppos.c.obj[0m
[ 25%] [32mBuilding C object esp-idf/lwip/CMakeFiles/__idf_lwip.dir/lwip/src/netif/ppp/upap.c.obj[0m
[ 25%] [32mBuilding C object esp-idf/lwip/CMakeFiles/__idf_lwip.dir/lwip/src/netif/ppp/utils.c.obj[0m
[ 25%] [32mBuilding C object esp-idf/lwip/CMakeFiles/__idf_lwip.dir/lwip/src/netif/ppp/vj.c.obj[0m
[ 25%] [32mBuilding C object esp-idf/lwip/CMakeFiles/__idf_lwip.dir/port/hooks/tcp_isn_default.c.obj[0m
[ 25%] [32mBuilding C object esp-idf/lwip/CMakeFiles/__idf_lwip.dir/port/hooks/lwip_default_hooks.c.obj[0m
[ 25%] [32mBuilding C object esp-idf/lwip/CMakeFiles/__idf_lwip.dir/port/debug/lwip_debug.c.obj[0m
[ 25%] [32mBuilding C object esp-idf/lwip/CMakeFiles/__idf_lwip.dir/port/sockets_ext.c.obj[0m
[ 26%] [32mBuilding C object esp-idf/lwip/CMakeFiles/__idf_lwip.dir/port/freertos/sys_arch.c.obj[0m
[ 26%] [32mBuilding C object esp-idf/lwip/CMakeFiles/__idf_lwip.dir/port/esp32xx/vfs_lwip.c.obj[0m
[ 26%] [32mBuilding C object esp-idf/lwip/CMakeFiles/__idf_lwip.dir/apps/ping/esp_ping.c.obj[0m
[ 26%] [32mBuilding C object esp-idf/lwip/CMakeFiles/__idf_lwip.dir/apps/ping/ping.c.obj[0m
[ 26%] [32mBuilding C object esp-idf/lwip/CMakeFiles/__idf_lwip.dir/apps/ping/ping_sock.c.obj[0m
[ 26%] [32mBuilding C object esp-idf/lwip/CMakeFiles/__idf_lwip.dir/apps/dhcpserver/dhcpserver.c.obj[0m
[ 26%] [32m[1mLinking C static library liblwip.a[0m
[ 26%] Built target __idf_lwip
[ 26%] [32mBuilding C object esp-idf/vfs/CMakeFiles/__idf_vfs.dir/vfs_semihost.c.obj[0m
[ 26%] [32mBuilding C object esp-idf/vfs/CMakeFiles/__idf_vfs.dir/vfs_uart.c.obj[0m
[ 27%] [32mBuilding C object esp-idf/vfs/CMakeFiles/__idf_vfs.dir/vfs.c.obj[0m
[ 27%] [32mBuilding C object esp-idf/vfs/CMakeFiles/__idf_vfs.dir/vfs_eventfd.c.obj[0m
[ 27%] [32mBuilding C object esp-idf/vfs/CMakeFiles/__idf_vfs.dir/vfs_console.c.obj[0m
[ 27%] [32mBuilding C object esp-idf/vfs/CMakeFiles/__idf_vfs.dir/vfs_usb_serial_jtag.c.obj[0m
[ 27%] [32m[1mLinking C static library libvfs.a[0m
[ 27%] Built target __idf_vfs
[ 27%] [32mBuilding C object esp-idf/esp_phy/CMakeFiles/__idf_esp_phy.dir/src/phy_init.c.obj[0m
[ 27%] [32mBuilding C object esp-idf/esp_phy/CMakeFiles/__idf_esp_phy.dir/src/lib_printf.c.obj[0m
[ 27%] [32mBuilding C object esp-idf/esp_phy/CMakeFiles/__idf_esp_phy.dir/src/phy_override.c.obj[0m
[ 27%] [32mBuilding C object esp-idf/esp_phy/CMakeFiles/__idf_esp_phy.dir/src/phy_common.c.obj[0m
[ 27%] [32mBuilding C object esp-idf/esp_phy/CMakeFiles/__idf_esp_phy.dir/src/btbb_init.c.obj[0m
[ 27%] [32m[1mLinking C static library libesp_phy.a[0m
[ 27%] Built target __idf_esp_phy
[ 27%] [32mBuilding CXX object esp-idf/nvs_flash/CMakeFiles/__idf_nvs_flash.dir/src/nvs_page.cpp.obj[0m
[ 27%] [32mBuilding CXX object esp-idf/nvs_flash/CMakeFiles/__idf_nvs_flash.dir/src/nvs_cxx_api.cpp.obj[0m
[ 27%] [32mBuilding CXX object esp-idf/nvs_flash/CMakeFiles/__idf_nvs_flash.dir/src/nvs_api.cpp.obj[0m
[ 27%] [32mBuilding CXX object esp-idf/nvs_flash/CMakeFiles/__idf_nvs_flash.dir/src/nvs_item_hash_list.cpp.obj[0m
[ 27%] [32mBuilding CXX object esp-idf/nvs_flash/CMakeFiles/__idf_nvs_flash.dir/src/nvs_pagemanager.cpp.obj[0m
[ 28%] [32mBuilding CXX object esp-idf/nvs_flash/CMakeFiles/__idf_nvs_flash.dir/src/nvs_storage.cpp.obj[0m
[ 28%] [32mBuilding CXX object esp-idf/nvs_flash/CMakeFiles/__idf_nvs_flash.dir/src/nvs_handle_simple.cpp.obj[0m
[ 28%] [32mBuilding CXX object esp-idf/nvs_flash/CMakeFiles/__idf_nvs_flash.dir/src/nvs_handle_locked.cpp.obj[0m
[ 28%] [32mBuilding CXX object esp-idf/nvs_flash/CMakeFiles/__idf_nvs_flash.dir/src/nvs_partition.cpp.obj[0m
[ 28%] [32mBuilding CXX object esp-idf/nvs_flash/CMakeFiles/__idf_nvs_flash.dir/src/nvs_partition_lookup.cpp.obj[0m
[ 28%] [32mBuilding CXX object esp-idf/nvs_flash/CMakeFiles/__idf_nvs_flash.dir/src/nvs_partition_manager.cpp.obj[0m
[ 28%] [32mBuilding CXX object esp-idf/nvs_flash/CMakeFiles/__idf_nvs_flash.dir/src/nvs_types.cpp.obj[0m
[ 28%] [32m[1mLinking C static library libnvs_flash.a[0m
[ 28%] Built target __idf_nvs_flash
[ 28%] [32mBuilding C object esp-idf/esp_event/CMakeFiles/__idf_esp_event.dir/default_event_loop.c.obj[0m
[ 28%] [32mBuilding C object esp-idf/esp_event/CMakeFiles/__idf_esp_event.dir/esp_event.c.obj[0m
[ 28%] [32mBuilding C object esp-idf/esp_event/CMakeFiles/__idf_esp_event.dir/esp_event_private.c.obj[0m
[ 28%] [32m[1mLinking C static library libesp_event.a[0m
[ 28%] Built target __idf_esp_event
[ 28%] [32mBuilding C object esp-idf/esp_timer/CMakeFiles/__idf_esp_timer.dir/src/system_time.c.obj[0m
[ 28%] [32mBuilding C object esp-idf/esp_timer/CMakeFiles/__idf_esp_timer.dir/src/esp_timer.c.obj[0m
[ 28%] [32mBuilding C object esp-idf/esp_timer/CMakeFiles/__idf_esp_timer.dir/src/esp_timer_impl_common.c.obj[0m
[ 28%] [32mBuilding C object esp-idf/esp_timer/CMakeFiles/__idf_esp_timer.dir/src/ets_timer_legacy.c.obj[0m
[ 28%] [32mBuilding C object esp-idf/esp_timer/CMakeFiles/__idf_esp_timer.dir/src/esp_timer_impl_systimer.c.obj[0m
[ 28%] [32m[1mLinking C static library libesp_timer.a[0m
[ 28%] Built target __idf_esp_timer
[ 29%] [32mBuilding C object esp-idf/esp_common/CMakeFiles/__idf_esp_common.dir/src/esp_err_to_name.c.obj[0m
[ 29%] [32m[1mLinking C static library libesp_common.a[0m
[ 29%] Built target __idf_esp_common
[ 29%] [32mBuilding CXX object esp-idf/cxx/CMakeFiles/__idf_cxx.dir/cxx_exception_stubs.cpp.obj[0m
[ 29%] [32mBuilding CXX object esp-idf/cxx/CMakeFiles/__idf_cxx.dir/cxx_guards.cpp.obj[0m
[ 29%] [32m[1mLinking C static library libcxx.a[0m
[ 29%] Built target __idf_cxx
[ 29%] [32mBuilding C object esp-idf/newlib/CMakeFiles/__idf_newlib.dir/assert.c.obj[0m
[ 30%] [32mBuilding C object esp-idf/newlib/CMakeFiles/__idf_newlib.dir/heap.c.obj[0m
[ 30%] [32mBuilding C object esp-idf/newlib/CMakeFiles/__idf_newlib.dir/abort.c.obj[0m
[ 30%] [32mBuilding C object esp-idf/newlib/CMakeFiles/__idf_newlib.dir/locks.c.obj[0m
[ 30%] [32mBuilding C object esp-idf/newlib/CMakeFiles/__idf_newlib.dir/poll.c.obj[0m
[ 30%] [32mBuilding C object esp-idf/newlib/CMakeFiles/__idf_newlib.dir/pthread.c.obj[0m
[ 30%] [32mBuilding C object esp-idf/newlib/CMakeFiles/__idf_newlib.dir/random.c.obj[0m
[ 30%] [32mBuilding C object esp-idf/newlib/CMakeFiles/__idf_newlib.dir/reent_init.c.obj[0m
[ 30%] [32mBuilding C object esp-idf/newlib/CMakeFiles/__idf_newlib.dir/newlib_init.c.obj[0m
[ 30%] [32mBuilding C object esp-idf/newlib/CMakeFiles/__idf_newlib.dir/syscalls.c.obj[0m
[ 30%] [32mBuilding C object esp-idf/newlib/CMakeFiles/__idf_newlib.dir/termios.c.obj[0m
[ 30%] [32mBuilding C object esp-idf/newlib/CMakeFiles/__idf_newlib.dir/stdatomic.c.obj[0m
[ 31%] [32mBuilding C object esp-idf/newlib/CMakeFiles/__idf_newlib.dir/time.c.obj[0m
[ 31%] [32mBuilding C object esp-idf/newlib/CMakeFiles/__idf_newlib.dir/sysconf.c.obj[0m
[ 31%] [32mBuilding C object esp-idf/newlib/CMakeFiles/__idf_newlib.dir/realpath.c.obj[0m
[ 31%] [32mBuilding C object esp-idf/newlib/CMakeFiles/__idf_newlib.dir/port/esp_time_impl.c.obj[0m
[ 31%] [32m[1mLinking C static library libnewlib.a[0m
[ 31%] Built target __idf_newlib
[35m[1mScanning dependencies of target __idf_freertos[0m
[ 31%] [32mBuilding C object esp-idf/freertos/CMakeFiles/__idf_freertos.dir/FreeRTOS-Kernel/queue.c.obj[0m
[ 31%] [32mBuilding C object esp-idf/freertos/CMakeFiles/__idf_freertos.dir/esp_additions/idf_additions.c.obj[0m
[ 31%] [32mBuilding C object esp-idf/freertos/CMakeFiles/__idf_freertos.dir/heap_idf.c.obj[0m
[ 31%] [32mBuilding C object esp-idf/freertos/CMakeFiles/__idf_freertos.dir/FreeRTOS-Kernel/list.c.obj[0m
[ 31%] [32mBuilding C object esp-idf/freertos/CMakeFiles/__idf_freertos.dir/FreeRTOS-Kernel/tasks.c.obj[0m
[ 31%] [32mBuilding C object esp-idf/freertos/CMakeFiles/__idf_freertos.dir/FreeRTOS-Kernel/timers.c.obj[0m
[ 31%] [32mBuilding C object esp-idf/freertos/CMakeFiles/__idf_freertos.dir/FreeRTOS-Kernel/croutine.c.obj[0m
[ 32%] [32mBuilding C object esp-idf/freertos/CMakeFiles/__idf_freertos.dir/FreeRTOS-Kernel/event_groups.c.obj[0m
[ 32%] [32mBuilding C object esp-idf/freertos/CMakeFiles/__idf_freertos.dir/FreeRTOS-Kernel/stream_buffer.c.obj[0m
[ 32%] [32mBuilding C object esp-idf/freertos/CMakeFiles/__idf_freertos.dir/FreeRTOS-Kernel/portable/xtensa/port.c.obj[0m
[ 32%] [32mBuilding C object esp-idf/freertos/CMakeFiles/__idf_freertos.dir/app_startup.c.obj[0m
[ 32%] [32mBuilding C object esp-idf/freertos/CMakeFiles/__idf_freertos.dir/FreeRTOS-openocd.c.obj[0m
[ 32%] [32mBuilding C object esp-idf/freertos/CMakeFiles/__idf_freertos.dir/port_common.c.obj[0m
[ 32%] [32mBuilding ASM object esp-idf/freertos/CMakeFiles/__idf_freertos.dir/FreeRTOS-Kernel/portable/xtensa/portasm.S.obj[0m
[ 32%] [32mBuilding C object esp-idf/freertos/CMakeFiles/__idf_freertos.dir/esp_additions/freertos_v8_compat.c.obj[0m
[ 32%] [32mBuilding C object esp-idf/freertos/CMakeFiles/__idf_freertos.dir/FreeRTOS-Kernel/portable/port_systick.c.obj[0m
[ 32%] [32mBuilding ASM object esp-idf/freertos/CMakeFiles/__idf_freertos.dir/FreeRTOS-Kernel/portable/xtensa/xtensa_context.S.obj[0m
[ 33%] [32mBuilding C object esp-idf/freertos/CMakeFiles/__idf_freertos.dir/FreeRTOS-Kernel/portable/xtensa/xtensa_init.c.obj[0m
[ 33%] [32mBuilding C object esp-idf/freertos/CMakeFiles/__idf_freertos.dir/FreeRTOS-Kernel/portable/xtensa/xtensa_overlay_os_hook.c.obj[0m
[ 33%] [32mBuilding ASM object esp-idf/freertos/CMakeFiles/__idf_freertos.dir/FreeRTOS-Kernel/portable/xtensa/xtensa_vectors.S.obj[0m
[ 33%] [32m[1mLinking C static library libfreertos.a[0m
[ 33%] Built target __idf_freertos
[ 33%] [32mBuilding C object esp-idf/esp_hw_support/CMakeFiles/__idf_esp_hw_support.dir/esp_memory_utils.c.obj[0m
[ 33%] [32mBuilding C object esp-idf/esp_hw_support/CMakeFiles/__idf_esp_hw_support.dir/cpu.c.obj[0m
[ 33%] [32mBuilding C object esp-idf/esp_hw_support/CMakeFiles/__idf_esp_hw_support.dir/port/esp32s3/cpu_region_protect.c.obj[0m
[ 33%] [32mBuilding C object esp-idf/esp_hw_support/CMakeFiles/__idf_esp_hw_support.dir/esp_clk.c.obj[0m
[ 33%] [32mBuilding C object esp-idf/esp_hw_support/CMakeFiles/__idf_esp_hw_support.dir/hw_random.c.obj[0m
[ 34%] [32mBuilding C object esp-idf/esp_hw_support/CMakeFiles/__idf_esp_hw_support.dir/clk_ctrl_os.c.obj[0m
[ 34%] [32mBuilding C object esp-idf/esp_hw_support/CMakeFiles/__idf_esp_hw_support.dir/intr_alloc.c.obj[0m
[ 34%] [32mBuilding C object esp-idf/esp_hw_support/CMakeFiles/__idf_esp_hw_support.dir/mac_addr.c.obj[0m
[ 34%] [32mBuilding C object esp-idf/esp_hw_support/CMakeFiles/__idf_esp_hw_support.dir/periph_ctrl.c.obj[0m
[ 34%] [32mBuilding C object esp-idf/esp_hw_support/CMakeFiles/__idf_esp_hw_support.dir/revision.c.obj[0m
[ 34%] [32mBuilding C object esp-idf/esp_hw_support/CMakeFiles/__idf_esp_hw_support.dir/rtc_module.c.obj[0m
[ 34%] [32mBuilding C object esp-idf/esp_hw_support/CMakeFiles/__idf_esp_hw_support.dir/sleep_modes.c.obj[0m
[ 34%] [32mBuilding C object esp-idf/esp_hw_support/CMakeFiles/__idf_esp_hw_support.dir/sleep_gpio.c.obj[0m
[ 34%] [32mBuilding C object esp-idf/esp_hw_support/CMakeFiles/__idf_esp_hw_support.dir/sleep_modem.c.obj[0m
[ 35%] [32mBuilding C object esp-idf/esp_hw_support/CMakeFiles/__idf_esp_hw_support.dir/regi2c_ctrl.c.obj[0m
[ 35%] [32mBuilding C object esp-idf/esp_hw_support/CMakeFiles/__idf_esp_hw_support.dir/esp_gpio_reserve.c.obj[0m
[ 35%] [32mBuilding C object esp-idf/esp_hw_support/CMakeFiles/__idf_esp_hw_support.dir/sar_periph_ctrl_common.c.obj[0m
[ 35%] [32mBuilding C object esp-idf/esp_hw_support/CMakeFiles/__idf_esp_hw_support.dir/port/esp32s3/io_mux.c.obj[0m
[ 35%] [32mBuilding C object esp-idf/esp_hw_support/CMakeFiles/__idf_esp_hw_support.dir/port/esp32s3/esp_clk_tree.c.obj[0m
[ 35%] [32mBuilding C object esp-idf/esp_hw_support/CMakeFiles/__idf_esp_hw_support.dir/port/esp_clk_tree_common.c.obj[0m
[ 35%] [32mBuilding C object esp-idf/esp_hw_support/CMakeFiles/__idf_esp_hw_support.dir/adc_share_hw_ctrl.c.obj[0m
[ 35%] [32mBuilding C object esp-idf/esp_hw_support/CMakeFiles/__idf_esp_hw_support.dir/sleep_cpu.c.obj[0m
[ 35%] [32mBuilding C object esp-idf/esp_hw_support/CMakeFiles/__idf_esp_hw_support.dir/dma/gdma.c.obj[0m
[ 36%] [32mBuilding C object esp-idf/esp_hw_support/CMakeFiles/__idf_esp_hw_support.dir/dma/async_memcpy_impl_gdma.c.obj[0m
[ 36%] [32mBuilding C object esp-idf/esp_hw_support/CMakeFiles/__idf_esp_hw_support.dir/dma/esp_async_memcpy.c.obj[0m
[ 36%] [32mBuilding C object esp-idf/esp_hw_support/CMakeFiles/__idf_esp_hw_support.dir/port/esp32s3/systimer.c.obj[0m
[ 36%] [32mBuilding C object esp-idf/esp_hw_support/CMakeFiles/__idf_esp_hw_support.dir/esp_hmac.c.obj[0m
[ 36%] [32mBuilding C object esp-idf/esp_hw_support/CMakeFiles/__idf_esp_hw_support.dir/esp_ds.c.obj[0m
[ 36%] [32mBuilding C object esp-idf/esp_hw_support/CMakeFiles/__idf_esp_hw_support.dir/mspi_timing_tuning.c.obj[0m
[ 36%] [32mBuilding C object esp-idf/esp_hw_support/CMakeFiles/__idf_esp_hw_support.dir/port/esp32s3/mspi_timing_config.c.obj[0m
[ 36%] [32mBuilding C object esp-idf/esp_hw_support/CMakeFiles/__idf_esp_hw_support.dir/sleep_wake_stub.c.obj[0m
[ 36%] [32mBuilding C object esp-idf/esp_hw_support/CMakeFiles/__idf_esp_hw_support.dir/port/esp32s3/rtc_clk.c.obj[0m
[ 36%] [32mBuilding C object esp-idf/esp_hw_support/CMakeFiles/__idf_esp_hw_support.dir/port/esp32s3/rtc_clk_init.c.obj[0m
[ 37%] [32mBuilding C object esp-idf/esp_hw_support/CMakeFiles/__idf_esp_hw_support.dir/port/esp32s3/rtc_init.c.obj[0m
[ 37%] [32mBuilding C object esp-idf/esp_hw_support/CMakeFiles/__idf_esp_hw_support.dir/port/esp32s3/rtc_sleep.c.obj[0m
[ 37%] [32mBuilding C object esp-idf/esp_hw_support/CMakeFiles/__idf_esp_hw_support.dir/port/esp32s3/rtc_time.c.obj[0m
[ 37%] [32mBuilding C object esp-idf/esp_hw_support/CMakeFiles/__idf_esp_hw_support.dir/port/esp32s3/chip_info.c.obj[0m
[ 37%] [32mBuilding C object esp-idf/esp_hw_support/CMakeFiles/__idf_esp_hw_support.dir/port/esp32s3/esp_crypto_lock.c.obj[0m
[ 37%] [32mBuilding C object esp-idf/esp_hw_support/CMakeFiles/__idf_esp_hw_support.dir/port/esp32s3/esp_memprot.c.obj[0m
[ 37%] [32mBuilding C object esp-idf/esp_hw_support/CMakeFiles/__idf_esp_hw_support.dir/port/esp32s3/sar_periph_ctrl.c.obj[0m
[ 37%] [32mBuilding C object esp-idf/esp_hw_support/CMakeFiles/__idf_esp_hw_support.dir/port/esp_memprot_conv.c.obj[0m
[ 37%] [32m[1mLinking C static library libesp_hw_support.a[0m
[ 37%] Built target __idf_esp_hw_support
[ 37%] [32mBuilding C object esp-idf/soc/CMakeFiles/__idf_soc.dir/dport_access_common.c.obj[0m
[ 37%] [32mBuilding C object esp-idf/soc/CMakeFiles/__idf_soc.dir/lldesc.c.obj[0m
[ 37%] [32mBuilding C object esp-idf/soc/CMakeFiles/__idf_soc.dir/esp32s3/interrupts.c.obj[0m
[ 37%] [32mBuilding C object esp-idf/soc/CMakeFiles/__idf_soc.dir/esp32s3/gpio_periph.c.obj[0m
[ 37%] [32mBuilding C object esp-idf/soc/CMakeFiles/__idf_soc.dir/esp32s3/uart_periph.c.obj[0m
[ 37%] [32mBuilding C object esp-idf/soc/CMakeFiles/__idf_soc.dir/esp32s3/adc_periph.c.obj[0m
[ 37%] [32mBuilding C object esp-idf/soc/CMakeFiles/__idf_soc.dir/esp32s3/dedic_gpio_periph.c.obj[0m
[ 37%] [32mBuilding C object esp-idf/soc/CMakeFiles/__idf_soc.dir/esp32s3/gdma_periph.c.obj[0m
[ 38%] [32mBuilding C object esp-idf/soc/CMakeFiles/__idf_soc.dir/esp32s3/spi_periph.c.obj[0m
[ 38%] [32mBuilding C object esp-idf/soc/CMakeFiles/__idf_soc.dir/esp32s3/ledc_periph.c.obj[0m
[ 38%] [32mBuilding C object esp-idf/soc/CMakeFiles/__idf_soc.dir/esp32s3/pcnt_periph.c.obj[0m
[ 38%] [32mBuilding C object esp-idf/soc/CMakeFiles/__idf_soc.dir/esp32s3/rmt_periph.c.obj[0m
[ 38%] [32mBuilding C object esp-idf/soc/CMakeFiles/__idf_soc.dir/esp32s3/sdm_periph.c.obj[0m
[ 38%] [32mBuilding C object esp-idf/soc/CMakeFiles/__idf_soc.dir/esp32s3/i2s_periph.c.obj[0m
[ 38%] [32mBuilding C object esp-idf/soc/CMakeFiles/__idf_soc.dir/esp32s3/temperature_sensor_periph.c.obj[0m
[ 38%] [32mBuilding C object esp-idf/soc/CMakeFiles/__idf_soc.dir/esp32s3/i2c_periph.c.obj[0m
[ 38%] [32mBuilding C object esp-idf/soc/CMakeFiles/__idf_soc.dir/esp32s3/timer_periph.c.obj[0m
[ 38%] [32mBuilding C object esp-idf/soc/CMakeFiles/__idf_soc.dir/esp32s3/lcd_periph.c.obj[0m
[ 39%] [32mBuilding C object esp-idf/soc/CMakeFiles/__idf_soc.dir/esp32s3/mcpwm_periph.c.obj[0m
[ 39%] [32mBuilding C object esp-idf/soc/CMakeFiles/__idf_soc.dir/esp32s3/sdmmc_periph.c.obj[0m
[ 39%] [32mBuilding C object esp-idf/soc/CMakeFiles/__idf_soc.dir/esp32s3/touch_sensor_periph.c.obj[0m
[ 39%] [32mBuilding C object esp-idf/soc/CMakeFiles/__idf_soc.dir/esp32s3/twai_periph.c.obj[0m
[ 39%] [32mBuilding C object esp-idf/soc/CMakeFiles/__idf_soc.dir/esp32s3/usb_periph.c.obj[0m
[ 39%] [32mBuilding C object esp-idf/soc/CMakeFiles/__idf_soc.dir/esp32s3/usb_otg_periph.c.obj[0m
[ 39%] [32mBuilding C object esp-idf/soc/CMakeFiles/__idf_soc.dir/esp32s3/rtc_io_periph.c.obj[0m
[ 39%] [32m[1mLinking C static library libsoc.a[0m
[ 39%] Built target __idf_soc
[ 39%] [32mBuilding C object esp-idf/heap/CMakeFiles/__idf_heap.dir/heap_caps.c.obj[0m
[ 39%] [32mBuilding C object esp-idf/heap/CMakeFiles/__idf_heap.dir/multi_heap.c.obj[0m
[ 39%] [32mBuilding C object esp-idf/heap/CMakeFiles/__idf_heap.dir/heap_caps_init.c.obj[0m
[ 39%] [32mBuilding C object esp-idf/heap/CMakeFiles/__idf_heap.dir/tlsf/tlsf.c.obj[0m
[ 39%] [32mBuilding C object esp-idf/heap/CMakeFiles/__idf_heap.dir/port/memory_layout_utils.c.obj[0m
[ 40%] [32mBuilding C object esp-idf/heap/CMakeFiles/__idf_heap.dir/port/esp32s3/memory_layout.c.obj[0m
[ 40%] [32m[1mLinking C static library libheap.a[0m
[ 40%] Built target __idf_heap
[ 40%] [32mBuilding C object esp-idf/log/CMakeFiles/__idf_log.dir/log_buffers.c.obj[0m
[ 40%] [32mBuilding C object esp-idf/log/CMakeFiles/__idf_log.dir/log_freertos.c.obj[0m
[ 40%] [32mBuilding C object esp-idf/log/CMakeFiles/__idf_log.dir/log.c.obj[0m
[ 40%] [32m[1mLinking C static library liblog.a[0m
[ 40%] Built target __idf_log
[ 40%] [32mBuilding C object esp-idf/hal/CMakeFiles/__idf_hal.dir/mpu_hal.c.obj[0m
[ 40%] [32mBuilding C object esp-idf/hal/CMakeFiles/__idf_hal.dir/efuse_hal.c.obj[0m
[ 40%] [32mBuilding C object esp-idf/hal/CMakeFiles/__idf_hal.dir/esp32s3/efuse_hal.c.obj[0m
[ 40%] [32mBuilding C object esp-idf/hal/CMakeFiles/__idf_hal.dir/mmu_hal.c.obj[0m
[ 40%] [32mBuilding C object esp-idf/hal/CMakeFiles/__idf_hal.dir/cache_hal.c.obj[0m
[ 40%] [32mBuilding C object esp-idf/hal/CMakeFiles/__idf_hal.dir/rtc_io_hal.c.obj[0m
[ 41%] [32mBuilding C object esp-idf/hal/CMakeFiles/__idf_hal.dir/gpio_hal.c.obj[0m
[ 41%] [32mBuilding C object esp-idf/hal/CMakeFiles/__idf_hal.dir/uart_hal.c.obj[0m
[ 41%] [32mBuilding C object esp-idf/hal/CMakeFiles/__idf_hal.dir/uart_hal_iram.c.obj[0m
[ 41%] [32mBuilding C object esp-idf/hal/CMakeFiles/__idf_hal.dir/adc_hal_common.c.obj[0m
[ 41%] [32mBuilding C object esp-idf/hal/CMakeFiles/__idf_hal.dir/adc_oneshot_hal.c.obj[0m
[ 41%] [32mBuilding C object esp-idf/hal/CMakeFiles/__idf_hal.dir/esp32s3/clk_tree_hal.c.obj[0m
[ 41%] [32mBuilding C object esp-idf/hal/CMakeFiles/__idf_hal.dir/spi_flash_hal.c.obj[0m
[ 41%] [32mBuilding C object esp-idf/hal/CMakeFiles/__idf_hal.dir/spi_flash_hal_iram.c.obj[0m
[ 41%] [32mBuilding C object esp-idf/hal/CMakeFiles/__idf_hal.dir/spi_flash_encrypt_hal_iram.c.obj[0m
[ 41%] [32mBuilding C object esp-idf/hal/CMakeFiles/__idf_hal.dir/systimer_hal.c.obj[0m
[ 42%] [32mBuilding C object esp-idf/hal/CMakeFiles/__idf_hal.dir/timer_hal.c.obj[0m
[ 42%] [32mBuilding C object esp-idf/hal/CMakeFiles/__idf_hal.dir/ledc_hal.c.obj[0m
[ 42%] [32mBuilding C object esp-idf/hal/CMakeFiles/__idf_hal.dir/ledc_hal_iram.c.obj[0m
[ 42%] [32mBuilding C object esp-idf/hal/CMakeFiles/__idf_hal.dir/i2c_hal.c.obj[0m
[ 42%] [32mBuilding C object esp-idf/hal/CMakeFiles/__idf_hal.dir/i2c_hal_iram.c.obj[0m
[ 42%] [32mBuilding C object esp-idf/hal/CMakeFiles/__idf_hal.dir/rmt_hal.c.obj[0m
[ 42%] [32mBuilding C object esp-idf/hal/CMakeFiles/__idf_hal.dir/pcnt_hal.c.obj[0m
[ 42%] [32mBuilding C object esp-idf/hal/CMakeFiles/__idf_hal.dir/mcpwm_hal.c.obj[0m
[ 43%] [32mBuilding C object esp-idf/hal/CMakeFiles/__idf_hal.dir/twai_hal_iram.c.obj[0m
[ 43%] [32mBuilding C object esp-idf/hal/CMakeFiles/__idf_hal.dir/twai_hal.c.obj[0m
[ 43%] [32mBuilding C object esp-idf/hal/CMakeFiles/__idf_hal.dir/gdma_hal.c.obj[0m
[ 43%] [32mBuilding C object esp-idf/hal/CMakeFiles/__idf_hal.dir/i2s_hal.c.obj[0m
[ 43%] [32mBuilding C object esp-idf/hal/CMakeFiles/__idf_hal.dir/sdm_hal.c.obj[0m
[ 43%] [32mBuilding C object esp-idf/hal/CMakeFiles/__idf_hal.dir/adc_hal.c.obj[0m
[ 43%] [32mBuilding C object esp-idf/hal/CMakeFiles/__idf_hal.dir/lcd_hal.c.obj[0m
[ 43%] [32mBuilding C object esp-idf/hal/CMakeFiles/__idf_hal.dir/sha_hal.c.obj[0m
[ 43%] [32mBuilding C object esp-idf/hal/CMakeFiles/__idf_hal.dir/aes_hal.c.obj[0m
[ 43%] [32mBuilding C object esp-idf/hal/CMakeFiles/__idf_hal.dir/spi_hal.c.obj[0m
[ 43%] [32mBuilding C object esp-idf/hal/CMakeFiles/__idf_hal.dir/brownout_hal.c.obj[0m
[ 44%] [32mBuilding C object esp-idf/hal/CMakeFiles/__idf_hal.dir/spi_hal_iram.c.obj[0m
[ 44%] [32mBuilding C object esp-idf/hal/CMakeFiles/__idf_hal.dir/spi_slave_hal.c.obj[0m
[ 44%] [32mBuilding C object esp-idf/hal/CMakeFiles/__idf_hal.dir/spi_slave_hal_iram.c.obj[0m
[ 44%] [32mBuilding C object esp-idf/hal/CMakeFiles/__idf_hal.dir/spi_slave_hd_hal.c.obj[0m
[ 44%] [32mBuilding C object esp-idf/hal/CMakeFiles/__idf_hal.dir/hmac_hal.c.obj[0m
[ 44%] [32mBuilding C object esp-idf/hal/CMakeFiles/__idf_hal.dir/ds_hal.c.obj[0m
[ 44%] [32mBuilding C object esp-idf/hal/CMakeFiles/__idf_hal.dir/spi_flash_hal_gpspi.c.obj[0m
[ 44%] [32mBuilding C object esp-idf/hal/CMakeFiles/__idf_hal.dir/touch_sensor_hal.c.obj[0m
[ 44%] [32mBuilding C object esp-idf/hal/CMakeFiles/__idf_hal.dir/usb_hal.c.obj[0m
[ 44%] [32mBuilding C object esp-idf/hal/CMakeFiles/__idf_hal.dir/usb_phy_hal.c.obj[0m
[ 45%] [32mBuilding C object esp-idf/hal/CMakeFiles/__idf_hal.dir/xt_wdt_hal.c.obj[0m
[ 45%] [32mBuilding C object esp-idf/hal/CMakeFiles/__idf_hal.dir/esp32s3/touch_sensor_hal.c.obj[0m
[ 45%] [32mBuilding C object esp-idf/hal/CMakeFiles/__idf_hal.dir/esp32s3/rtc_cntl_hal.c.obj[0m
[ 45%] [32mBuilding C object esp-idf/hal/CMakeFiles/__idf_hal.dir/usb_dwc_hal.c.obj[0m
[ 45%] [32m[1mLinking C static library libhal.a[0m
[ 45%] Built target __idf_hal
[35m[1mScanning dependencies of target __idf_esp_rom[0m
[ 45%] [32mBuilding C object esp-idf/esp_rom/CMakeFiles/__idf_esp_rom.dir/patches/esp_rom_crc.c.obj[0m
[ 45%] [32mBuilding C object esp-idf/esp_rom/CMakeFiles/__idf_esp_rom.dir/patches/esp_rom_uart.c.obj[0m
[ 45%] [32mBuilding C object esp-idf/esp_rom/CMakeFiles/__idf_esp_rom.dir/patches/esp_rom_sys.c.obj[0m
[ 45%] [32mBuilding C object esp-idf/esp_rom/CMakeFiles/__idf_esp_rom.dir/patches/esp_rom_spiflash.c.obj[0m
[ 45%] [32mBuilding C object esp-idf/esp_rom/CMakeFiles/__idf_esp_rom.dir/patches/esp_rom_efuse.c.obj[0m
[ 45%] [32mBuilding ASM object esp-idf/esp_rom/CMakeFiles/__idf_esp_rom.dir/patches/esp_rom_longjmp.S.obj[0m
[ 46%] [32mBuilding C object esp-idf/esp_rom/CMakeFiles/__idf_esp_rom.dir/patches/esp_rom_systimer.c.obj[0m
[ 46%] [32mBuilding C object esp-idf/esp_rom/CMakeFiles/__idf_esp_rom.dir/patches/esp_rom_wdt.c.obj[0m
[ 46%] [32mBuilding C object esp-idf/esp_rom/CMakeFiles/__idf_esp_rom.dir/patches/esp_rom_cache_esp32s2_esp32s3.c.obj[0m
[ 46%] [32mBuilding ASM object esp-idf/esp_rom/CMakeFiles/__idf_esp_rom.dir/patches/esp_rom_cache_writeback_esp32s3.S.obj[0m
[ 46%] [32m[1mLinking C static library libesp_rom.a[0m
[ 46%] Built target __idf_esp_rom
[35m[1mScanning dependencies of target __idf_esp_system[0m
[ 46%] [32mBuilding C object esp-idf/esp_system/CMakeFiles/__idf_esp_system.dir/crosscore_int.c.obj[0m
[ 46%] [32mBuilding C object esp-idf/esp_system/CMakeFiles/__idf_esp_system.dir/esp_ipc.c.obj[0m
[ 46%] [32mBuilding C object esp-idf/esp_system/CMakeFiles/__idf_esp_system.dir/esp_err.c.obj[0m
[ 46%] [32mBuilding C object esp-idf/esp_system/CMakeFiles/__idf_esp_system.dir/freertos_hooks.c.obj[0m
[ 47%] [32mBuilding C object esp-idf/esp_system/CMakeFiles/__idf_esp_system.dir/panic.c.obj[0m
[ 47%] [32mBuilding C object esp-idf/esp_system/CMakeFiles/__idf_esp_system.dir/int_wdt.c.obj[0m
[ 47%] [32mBuilding C object esp-idf/esp_system/CMakeFiles/__idf_esp_system.dir/esp_system.c.obj[0m
[ 47%] [32mBuilding C object esp-idf/esp_system/CMakeFiles/__idf_esp_system.dir/startup.c.obj[0m
[ 47%] [32mBuilding C object esp-idf/esp_system/CMakeFiles/__idf_esp_system.dir/system_time.c.obj[0m
[ 47%] [32mBuilding C object esp-idf/esp_system/CMakeFiles/__idf_esp_system.dir/stack_check.c.obj[0m
[ 47%] [32mBuilding C object esp-idf/esp_system/CMakeFiles/__idf_esp_system.dir/ubsan.c.obj[0m
[ 47%] [32mBuilding C object esp-idf/esp_system/CMakeFiles/__idf_esp_system.dir/debug_stubs.c.obj[0m
[ 47%] [32mBuilding C object esp-idf/esp_system/CMakeFiles/__idf_esp_system.dir/xt_wdt.c.obj[0m
[ 47%] [32mBuilding C object esp-idf/esp_system/CMakeFiles/__idf_esp_system.dir/task_wdt/task_wdt.c.obj[0m
[ 47%] [32mBuilding C object esp-idf/esp_system/CMakeFiles/__idf_esp_system.dir/task_wdt/task_wdt_impl_timergroup.c.obj[0m
[ 48%] [32mBuilding C object esp-idf/esp_system/CMakeFiles/__idf_esp_system.dir/port/cpu_start.c.obj[0m
[ 48%] [32mBuilding C object esp-idf/esp_system/CMakeFiles/__idf_esp_system.dir/port/panic_handler.c.obj[0m
[ 48%] [32mBuilding C object esp-idf/esp_system/CMakeFiles/__idf_esp_system.dir/port/esp_system_chip.c.obj[0m
[ 48%] [32mBuilding C object esp-idf/esp_system/CMakeFiles/__idf_esp_system.dir/port/brownout.c.obj[0m
[ 48%] [32mBuilding ASM object esp-idf/esp_system/CMakeFiles/__idf_esp_system.dir/port/soc/esp32s3/highint_hdl.S.obj[0m
[ 48%] [32mBuilding C object esp-idf/esp_system/CMakeFiles/__idf_esp_system.dir/port/soc/esp32s3/clk.c.obj[0m
[ 48%] [32mBuilding C object esp-idf/esp_system/CMakeFiles/__idf_esp_system.dir/port/soc/esp32s3/reset_reason.c.obj[0m
[ 48%] [32mBuilding C object esp-idf/esp_system/CMakeFiles/__idf_esp_system.dir/port/soc/esp32s3/system_internal.c.obj[0m
[ 48%] [32mBuilding C object esp-idf/esp_system/CMakeFiles/__idf_esp_system.dir/port/soc/esp32s3/cache_err_int.c.obj[0m
[ 48%] [32mBuilding C object esp-idf/esp_system/CMakeFiles/__idf_esp_system.dir/port/soc/esp32s3/apb_backup_dma.c.obj[0m
[ 49%] [32mBuilding C object esp-idf/esp_system/CMakeFiles/__idf_esp_system.dir/port/arch/xtensa/panic_arch.c.obj[0m
[ 49%] [32mBuilding ASM object esp-idf/esp_system/CMakeFiles/__idf_esp_system.dir/port/arch/xtensa/panic_handler_asm.S.obj[0m
[ 49%] [32mBuilding C object esp-idf/esp_system/CMakeFiles/__idf_esp_system.dir/port/arch/xtensa/expression_with_stack.c.obj[0m
[ 49%] [32mBuilding ASM object esp-idf/esp_system/CMakeFiles/__idf_esp_system.dir/port/arch/xtensa/expression_with_stack_asm.S.obj[0m
[ 49%] [32mBuilding C object esp-idf/esp_system/CMakeFiles/__idf_esp_system.dir/port/arch/xtensa/debug_helpers.c.obj[0m
[ 49%] [32mBuilding ASM object esp-idf/esp_system/CMakeFiles/__idf_esp_system.dir/port/arch/xtensa/debug_helpers_asm.S.obj[0m
[ 49%] [32mBuilding C object esp-idf/esp_system/CMakeFiles/__idf_esp_system.dir/port/arch/xtensa/debug_stubs.c.obj[0m
[ 49%] [32mBuilding C object esp-idf/esp_system/CMakeFiles/__idf_esp_system.dir/port/arch/xtensa/trax.c.obj[0m
[ 49%] [32mBuilding C object esp-idf/esp_system/CMakeFiles/__idf_esp_system.dir/port/arch/xtensa/esp_ipc_isr.c.obj[0m
[ 49%] [32mBuilding ASM object esp-idf/esp_system/CMakeFiles/__idf_esp_system.dir/port/arch/xtensa/esp_ipc_isr_handler.S.obj[0m
[ 50%] [32mBuilding ASM object esp-idf/esp_system/CMakeFiles/__idf_esp_system.dir/port/arch/xtensa/esp_ipc_isr_routines.S.obj[0m
[ 50%] [32m[1mLinking C static library libesp_system.a[0m
[ 50%] Built target __idf_esp_system
[ 50%] [32mBuilding C object esp-idf/pthread/CMakeFiles/__idf_pthread.dir/pthread_cond_var.c.obj[0m
[ 50%] [32mBuilding C object esp-idf/pthread/CMakeFiles/__idf_pthread.dir/pthread.c.obj[0m
[ 50%] [32mBuilding C object esp-idf/pthread/CMakeFiles/__idf_pthread.dir/pthread_local_storage.c.obj[0m
[ 50%] [32mBuilding C object esp-idf/pthread/CMakeFiles/__idf_pthread.dir/pthread_rwlock.c.obj[0m
[ 50%] [32mBuilding C object esp-idf/pthread/CMakeFiles/__idf_pthread.dir/pthread_semaphore.c.obj[0m
[ 51%] [32m[1mLinking C static library libpthread.a[0m
[ 51%] Built target __idf_pthread
[ 51%] [32mBuilding C object esp-idf/spi_flash/CMakeFiles/__idf_spi_flash.dir/spi_flash_chip_drivers.c.obj[0m
[ 52%] [32mBuilding C object esp-idf/spi_flash/CMakeFiles/__idf_spi_flash.dir/spi_flash_hpm_enable.c.obj[0m
[ 52%] [32mBuilding C object esp-idf/spi_flash/CMakeFiles/__idf_spi_flash.dir/flash_brownout_hook.c.obj[0m
[ 52%] [32mBuilding C object esp-idf/spi_flash/CMakeFiles/__idf_spi_flash.dir/esp32s3/spi_flash_oct_flash_init.c.obj[0m
[ 52%] [32mBuilding C object esp-idf/spi_flash/CMakeFiles/__idf_spi_flash.dir/spi_flash_chip_generic.c.obj[0m
[ 52%] [32mBuilding C object esp-idf/spi_flash/CMakeFiles/__idf_spi_flash.dir/spi_flash_chip_issi.c.obj[0m
[ 52%] [32mBuilding C object esp-idf/spi_flash/CMakeFiles/__idf_spi_flash.dir/spi_flash_chip_mxic.c.obj[0m
[ 52%] [32mBuilding C object esp-idf/spi_flash/CMakeFiles/__idf_spi_flash.dir/spi_flash_chip_gd.c.obj[0m
[ 52%] [32mBuilding C object esp-idf/spi_flash/CMakeFiles/__idf_spi_flash.dir/spi_flash_chip_winbond.c.obj[0m
[ 52%] [32mBuilding C object esp-idf/spi_flash/CMakeFiles/__idf_spi_flash.dir/spi_flash_chip_mxic_opi.c.obj[0m
[ 52%] [32mBuilding C object esp-idf/spi_flash/CMakeFiles/__idf_spi_flash.dir/spi_flash_chip_boya.c.obj[0m
[ 52%] [32mBuilding C object esp-idf/spi_flash/CMakeFiles/__idf_spi_flash.dir/spi_flash_chip_th.c.obj[0m
[ 53%] [32mBuilding C object esp-idf/spi_flash/CMakeFiles/__idf_spi_flash.dir/memspi_host_driver.c.obj[0m
[ 53%] [32mBuilding C object esp-idf/spi_flash/CMakeFiles/__idf_spi_flash.dir/cache_utils.c.obj[0m
[ 53%] [32mBuilding C object esp-idf/spi_flash/CMakeFiles/__idf_spi_flash.dir/flash_mmap.c.obj[0m
[ 53%] [32mBuilding C object esp-idf/spi_flash/CMakeFiles/__idf_spi_flash.dir/flash_ops.c.obj[0m
[ 53%] [32mBuilding C object esp-idf/spi_flash/CMakeFiles/__idf_spi_flash.dir/spi_flash_wrap.c.obj[0m
[ 53%] [32mBuilding C object esp-idf/spi_flash/CMakeFiles/__idf_spi_flash.dir/esp_flash_api.c.obj[0m
[ 53%] [32mBuilding C object esp-idf/spi_flash/CMakeFiles/__idf_spi_flash.dir/esp_flash_spi_init.c.obj[0m
[ 53%] [32mBuilding C object esp-idf/spi_flash/CMakeFiles/__idf_spi_flash.dir/spi_flash_os_func_noos.c.obj[0m
[ 53%] [32mBuilding C object esp-idf/spi_flash/CMakeFiles/__idf_spi_flash.dir/spi_flash_os_func_app.c.obj[0m
[ 53%] [32m[1mLinking C static library libspi_flash.a[0m
[ 53%] Built target __idf_spi_flash
[ 53%] [32mBuilding C object esp-idf/esp_mm/CMakeFiles/__idf_esp_mm.dir/esp_mmu_map.c.obj[0m
[ 53%] [32mBuilding C object esp-idf/esp_mm/CMakeFiles/__idf_esp_mm.dir/port/esp32s3/ext_mem_layout.c.obj[0m
[ 53%] [32mBuilding C object esp-idf/esp_mm/CMakeFiles/__idf_esp_mm.dir/esp_cache.c.obj[0m
[ 53%] [32m[1mLinking C static library libesp_mm.a[0m
[ 53%] Built target __idf_esp_mm
[ 54%] [32mBuilding C object esp-idf/app_update/CMakeFiles/__idf_app_update.dir/esp_ota_ops.c.obj[0m
[ 54%] [32mBuilding C object esp-idf/app_update/CMakeFiles/__idf_app_update.dir/esp_ota_app_desc.c.obj[0m
[ 54%] [32m[1mLinking C static library libapp_update.a[0m
[ 54%] Built target __idf_app_update
[ 55%] [32mBuilding C object esp-idf/esp_partition/CMakeFiles/__idf_esp_partition.dir/partition_target.c.obj[0m
[ 54%] [32mBuilding C object esp-idf/esp_partition/CMakeFiles/__idf_esp_partition.dir/partition.c.obj[0m
[ 55%] [32m[1mLinking C static library libesp_partition.a[0m
[ 55%] Built target __idf_esp_partition
[ 55%] [32mBuilding C object esp-idf/bootloader_support/CMakeFiles/__idf_bootloader_support.dir/src/bootloader_common_loader.c.obj[0m
[ 55%] [32mBuilding C object esp-idf/bootloader_support/CMakeFiles/__idf_bootloader_support.dir/src/bootloader_common.c.obj[0m
[ 55%] [32mBuilding C object esp-idf/bootloader_support/CMakeFiles/__idf_bootloader_support.dir/src/bootloader_mem.c.obj[0m
[ 55%] [32mBuilding C object esp-idf/bootloader_support/CMakeFiles/__idf_bootloader_support.dir/src/bootloader_clock_init.c.obj[0m
[ 55%] [32mBuilding C object esp-idf/bootloader_support/CMakeFiles/__idf_bootloader_support.dir/src/bootloader_random.c.obj[0m
[ 55%] [32mBuilding C object esp-idf/bootloader_support/CMakeFiles/__idf_bootloader_support.dir/src/bootloader_random_esp32s3.c.obj[0m
[ 55%] [32mBuilding C object esp-idf/bootloader_support/CMakeFiles/__idf_bootloader_support.dir/src/bootloader_efuse.c.obj[0m
[ 55%] [32mBuilding C object esp-idf/bootloader_support/CMakeFiles/__idf_bootloader_support.dir/src/secure_boot.c.obj[0m
[ 56%] [32mBuilding C object esp-idf/bootloader_support/CMakeFiles/__idf_bootloader_support.dir/src/flash_encrypt.c.obj[0m
[ 56%] [32mBuilding C object esp-idf/bootloader_support/CMakeFiles/__idf_bootloader_support.dir/bootloader_flash/src/bootloader_flash.c.obj[0m
[ 56%] [32mBuilding C object esp-idf/bootloader_support/CMakeFiles/__idf_bootloader_support.dir/bootloader_flash/src/flash_qio_mode.c.obj[0m
[ 56%] [32mBuilding C object esp-idf/bootloader_support/CMakeFiles/__idf_bootloader_support.dir/bootloader_flash/src/bootloader_flash_config_esp32s3.c.obj[0m
[ 56%] [32mBuilding C object esp-idf/bootloader_support/CMakeFiles/__idf_bootloader_support.dir/src/bootloader_utility.c.obj[0m
[ 56%] [32mBuilding C object esp-idf/bootloader_support/CMakeFiles/__idf_bootloader_support.dir/src/flash_partitions.c.obj[0m
[ 56%] [32mBuilding C object esp-idf/bootloader_support/CMakeFiles/__idf_bootloader_support.dir/src/esp_image_format.c.obj[0m
[ 56%] [32mBuilding C object esp-idf/bootloader_support/CMakeFiles/__idf_bootloader_support.dir/src/idf/bootloader_sha.c.obj[0m
[ 56%] [32m[1mLinking C static library libbootloader_support.a[0m
[ 56%] Built target __idf_bootloader_support
[ 56%] [32mBuilding C object esp-idf/esp_app_format/CMakeFiles/__idf_esp_app_format.dir/esp_app_desc.c.obj[0m
[ 56%] [32m[1mLinking C static library libesp_app_format.a[0m
[ 56%] Built target __idf_esp_app_format
[ 56%] [32mBuilding C object esp-idf/mbedtls/mbedtls/library/CMakeFiles/mbedtls.dir/debug.c.obj[0m
[ 56%] [32mBuilding C object esp-idf/mbedtls/mbedtls/library/CMakeFiles/mbedtls.dir/mps_reader.c.obj[0m
[ 57%] [32mBuilding C object esp-idf/mbedtls/mbedtls/library/CMakeFiles/mbedtls.dir/mps_trace.c.obj[0m
[ 57%] [32mBuilding C object esp-idf/mbedtls/mbedtls/library/CMakeFiles/mbedtls.dir/ssl_cache.c.obj[0m
[ 57%] [32mBuilding C object esp-idf/mbedtls/mbedtls/library/CMakeFiles/mbedtls.dir/ssl_ciphersuites.c.obj[0m
[ 57%] [32mBuilding C object esp-idf/mbedtls/mbedtls/library/CMakeFiles/mbedtls.dir/ssl_client.c.obj[0m
[ 57%] [32mBuilding C object esp-idf/mbedtls/mbedtls/library/CMakeFiles/mbedtls.dir/ssl_cookie.c.obj[0m
[ 57%] [32mBuilding C object esp-idf/mbedtls/mbedtls/library/CMakeFiles/mbedtls.dir/ssl_debug_helpers_generated.c.obj[0m
[ 57%] [32mBuilding C object esp-idf/mbedtls/mbedtls/library/CMakeFiles/mbedtls.dir/ssl_ticket.c.obj[0m
[ 57%] [32mBuilding C object esp-idf/mbedtls/mbedtls/library/CMakeFiles/mbedtls.dir/ssl_msg.c.obj[0m
[ 57%] [32mBuilding C object esp-idf/mbedtls/mbedtls/library/CMakeFiles/mbedtls.dir/ssl_tls.c.obj[0m
[ 57%] [32mBuilding C object esp-idf/mbedtls/mbedtls/library/CMakeFiles/mbedtls.dir/ssl_tls12_client.c.obj[0m
[ 58%] [32mBuilding C object esp-idf/mbedtls/mbedtls/library/CMakeFiles/mbedtls.dir/ssl_tls12_server.c.obj[0m
[ 58%] [32mBuilding C object esp-idf/mbedtls/mbedtls/library/CMakeFiles/mbedtls.dir/ssl_tls13_keys.c.obj[0m
[ 58%] [32mBuilding C object esp-idf/mbedtls/mbedtls/library/CMakeFiles/mbedtls.dir/ssl_tls13_server.c.obj[0m
[ 58%] [32mBuilding C object esp-idf/mbedtls/mbedtls/library/CMakeFiles/mbedtls.dir/ssl_tls13_client.c.obj[0m
[ 58%] [32mBuilding C object esp-idf/mbedtls/mbedtls/library/CMakeFiles/mbedtls.dir/ssl_tls13_generic.c.obj[0m
