[0.064s] Invoking command in '/home/micu/esp/mycode/micu_ros_car/build/micu_ros_car': /usr/bin/cmake /home/micu/esp/mycode/micu_ros_car -DCMAKE_INSTALL_PREFIX=/home/micu/esp/mycode/micu_ros_car/install/micu_ros_car
[0.082s] -- IDF_TARGET is not set, guessed 'esp32s3' from sdkconfig '/home/micu/esp/mycode/micu_ros_car/sdkconfig'
[0.097s] -- Found Git: /usr/bin/git (found version "2.34.1") 
[1.483s] -- Component directory /home/micu/esp/mycode/micu_ros_car/components/lib does not contain a CMakeLists.txt file. No component will be added
[1.483s] -- Component directory /home/micu/esp/mycode/micu_ros_car/components/microros does not contain a CMakeLists.txt file. No component will be added
[1.485s] -- Component directory /home/micu/esp/mycode/micu_ros_car/components/protocal does not contain a CMakeLists.txt file. No component will be added
[1.495s] -- Component directory /home/micu/esp/mycode/micu_ros_car/components/lib does not contain a CMakeLists.txt file. No component will be added
[1.495s] -- Component directory /home/micu/esp/mycode/micu_ros_car/components/microros does not contain a CMakeLists.txt file. No component will be added
[1.496s] -- Component directory /home/micu/esp/mycode/micu_ros_car/components/protocal does not contain a CMakeLists.txt file. No component will be added
[1.668s] -- The C compiler identification is GNU 12.2.0
[1.800s] -- The CXX compiler identification is GNU 12.2.0
[1.817s] -- The ASM compiler identification is GNU
[1.819s] -- Found assembler: /home/micu/.espressif/tools/xtensa-esp32s3-elf/esp-12.2.0_20230208/xtensa-esp32s3-elf/bin/xtensa-esp32s3-elf-gcc
[1.827s] -- Detecting C compiler ABI info
[1.898s] -- Detecting C compiler ABI info - done
[1.904s] -- Check for working C compiler: /home/micu/.espressif/tools/xtensa-esp32s3-elf/esp-12.2.0_20230208/xtensa-esp32s3-elf/bin/xtensa-esp32s3-elf-gcc - skipped
[1.904s] -- Detecting C compile features
[1.904s] -- Detecting C compile features - done
[1.908s] -- Detecting CXX compiler ABI info
[1.989s] -- Detecting CXX compiler ABI info - done
[1.995s] -- Check for working CXX compiler: /home/micu/.espressif/tools/xtensa-esp32s3-elf/esp-12.2.0_20230208/xtensa-esp32s3-elf/bin/xtensa-esp32s3-elf-g++ - skipped
[1.995s] -- Detecting CXX compile features
[1.995s] -- Detecting CXX compile features - done
[2.092s] -- Building ESP-IDF components for target esp32s3
[2.093s] -- Checking Python dependencies...
[2.408s] Python requirements are satisfied.
[2.417s] Constraint file: /home/micu/.espressif/espidf.constraints.v5.1.txt
[2.417s] Requirement files:
[2.417s]  - /home/micu/esp/esp-idf/tools/requirements/requirements.core.txt
[2.417s] Python being checked: /home/micu/.espressif/python_env/idf5.1_py3.10_env/bin/python
[5.765s] NOTICE: 
[5.766s] Following dependencies have new versions available:
[5.766s] Dependency "espressif/mdns": "1.8.1" -> "1.8.2"
[5.766s] Consider running "idf.py update-dependencies" to update your lock file.
[5.770s] NOTICE: Processing 3 dependencies:
[5.771s] NOTICE: [1/3] espressif/mdns (1.8.1)
[5.773s] NOTICE: [2/3] espressif/pid_ctrl (0.2.0)
[5.774s] NOTICE: [3/3] idf (5.1.2)
[6.581s] -- Project sdkconfig file /home/micu/esp/mycode/micu_ros_car/sdkconfig
[6.851s] [0mCompiler supported targets: xtensa-esp32s3-elf
[6.852s] [0m
[6.955s] -- Looking for sys/types.h
[7.039s] -- Looking for sys/types.h - found
[7.039s] -- Looking for stdint.h
[7.115s] -- Looking for stdint.h - found
[7.115s] -- Looking for stddef.h
[7.184s] -- Looking for stddef.h - found
[7.184s] -- Check size of time_t
[7.258s] -- Check size of time_t - done
[7.488s] -- Found Python3: /home/micu/.espressif/python_env/idf5.1_py3.10_env/bin/python3.10 (found version "3.10.12") found components: Interpreter 
[7.535s] -- Performing Test C_COMPILER_SUPPORTS_WFORMAT_SIGNEDNESS
[7.603s] -- Performing Test C_COMPILER_SUPPORTS_WFORMAT_SIGNEDNESS - Success
[7.626s] -- App "micu_ros_car" version: 40565bf-dirty
[7.838s] -- Adding linker script /home/micu/esp/mycode/micu_ros_car/build/micu_ros_car/esp-idf/esp_system/ld/memory.ld
[7.838s] -- Adding linker script /home/micu/esp/esp-idf/components/esp_system/ld/esp32s3/sections.ld.in
[7.843s] -- Adding linker script /home/micu/esp/esp-idf/components/esp_rom/esp32s3/ld/esp32s3.rom.ld
[7.844s] -- Adding linker script /home/micu/esp/esp-idf/components/esp_rom/esp32s3/ld/esp32s3.rom.api.ld
[7.844s] -- Adding linker script /home/micu/esp/esp-idf/components/esp_rom/esp32s3/ld/esp32s3.rom.libgcc.ld
[7.844s] -- Adding linker script /home/micu/esp/esp-idf/components/esp_rom/esp32s3/ld/esp32s3.rom.newlib.ld
[7.844s] -- Adding linker script /home/micu/esp/esp-idf/components/esp_rom/esp32s3/ld/esp32s3.rom.version.ld
[7.854s] -- Adding linker script /home/micu/esp/esp-idf/components/soc/esp32s3/ld/esp32s3.peripherals.ld
[8.034s] -- Using Micro XRCE-DDS middleware
[8.136s] -- Components: UART WP_Math app_trace app_update bootloader bootloader_support bt cmock config console cxx driver efuse esp-tls esp32_i2c_rw esp_adc esp_app_format esp_coex esp_common esp_eth esp_event esp_gdbstub esp_hid esp_http_client esp_http_server esp_https_ota esp_https_server esp_hw_support esp_lcd esp_local_ctrl esp_mm esp_netif esp_netif_stack esp_partition esp_phy esp_pm esp_psram esp_ringbuf esp_rom esp_system esp_timer esp_wifi espcoredump espressif__mdns espressif__pid_ctrl esptool_py fatfs freertos hal heap http_parser idf_test ieee802154 imu_ahrs imu_publisher json lidar lidar_publisher log lwip main mbedtls mcu_dmp micro_ros_espidf_component motor mpu6050 mqtt newlib nvs_flash oled openthread partition_table perfmon proto_define proto_utils protobuf-c protocomm pthread ring_buffer rotary_encoder sdmmc soc spi_flash spiffs sysn tcp_transport touch_element ulp unity usb vfs wear_levelling wifi wifi_provisioning wpa_supplicant xtensa
[8.136s] -- Component paths: /home/micu/esp/mycode/micu_ros_car/components/protocal/UART /home/micu/esp/mycode/micu_ros_car/components/lib/WP_Math /home/micu/esp/esp-idf/components/app_trace /home/micu/esp/esp-idf/components/app_update /home/micu/esp/esp-idf/components/bootloader /home/micu/esp/esp-idf/components/bootloader_support /home/micu/esp/esp-idf/components/bt /home/micu/esp/esp-idf/components/cmock /home/micu/esp/mycode/micu_ros_car/components/config /home/micu/esp/esp-idf/components/console /home/micu/esp/esp-idf/components/cxx /home/micu/esp/esp-idf/components/driver /home/micu/esp/esp-idf/components/efuse /home/micu/esp/esp-idf/components/esp-tls /home/micu/esp/mycode/micu_ros_car/components/lib/esp32_i2c_rw /home/micu/esp/esp-idf/components/esp_adc /home/micu/esp/esp-idf/components/esp_app_format /home/micu/esp/esp-idf/components/esp_coex /home/micu/esp/esp-idf/components/esp_common /home/micu/esp/esp-idf/components/esp_eth /home/micu/esp/esp-idf/components/esp_event /home/micu/esp/esp-idf/components/esp_gdbstub /home/micu/esp/esp-idf/components/esp_hid /home/micu/esp/esp-idf/components/esp_http_client /home/micu/esp/esp-idf/components/esp_http_server /home/micu/esp/esp-idf/components/esp_https_ota /home/micu/esp/esp-idf/components/esp_https_server /home/micu/esp/esp-idf/components/esp_hw_support /home/micu/esp/esp-idf/components/esp_lcd /home/micu/esp/esp-idf/components/esp_local_ctrl /home/micu/esp/esp-idf/components/esp_mm /home/micu/esp/esp-idf/components/esp_netif /home/micu/esp/esp-idf/components/esp_netif_stack /home/micu/esp/esp-idf/components/esp_partition /home/micu/esp/esp-idf/components/esp_phy /home/micu/esp/esp-idf/components/esp_pm /home/micu/esp/esp-idf/components/esp_psram /home/micu/esp/esp-idf/components/esp_ringbuf /home/micu/esp/esp-idf/components/esp_rom /home/micu/esp/esp-idf/components/esp_system /home/micu/esp/esp-idf/components/esp_timer /home/micu/esp/esp-idf/components/esp_wifi /home/micu/esp/esp-idf/components/espcoredump /home/micu/esp/mycode/micu_ros_car/managed_components/espressif__mdns /home/micu/esp/mycode/micu_ros_car/managed_components/espressif__pid_ctrl /home/micu/esp/esp-idf/components/esptool_py /home/micu/esp/esp-idf/components/fatfs /home/micu/esp/esp-idf/components/freertos /home/micu/esp/esp-idf/components/hal /home/micu/esp/esp-idf/components/heap /home/micu/esp/esp-idf/components/http_parser /home/micu/esp/esp-idf/components/idf_test /home/micu/esp/esp-idf/components/ieee802154 /home/micu/esp/mycode/micu_ros_car/components/lib/imu_ahrs /home/micu/esp/mycode/micu_ros_car/components/microros/imu_publisher /home/micu/esp/esp-idf/components/json /home/micu/esp/mycode/micu_ros_car/components/lidar /home/micu/esp/mycode/micu_ros_car/components/microros/lidar_publisher /home/micu/esp/esp-idf/components/log /home/micu/esp/esp-idf/components/lwip /home/micu/esp/mycode/micu_ros_car/main /home/micu/esp/esp-idf/components/mbedtls /home/micu/esp/mycode/micu_ros_car/components/lib/mcu_dmp /home/micu/esp/mycode/extra_components/micro_ros_espidf_component /home/micu/esp/mycode/micu_ros_car/components/motor /home/micu/esp/mycode/micu_ros_car/components/mpu6050 /home/micu/esp/esp-idf/components/mqtt /home/micu/esp/esp-idf/components/newlib /home/micu/esp/esp-idf/components/nvs_flash /home/micu/esp/mycode/micu_ros_car/components/oled /home/micu/esp/esp-idf/components/openthread /home/micu/esp/esp-idf/components/partition_table /home/micu/esp/esp-idf/components/perfmon /home/micu/esp/mycode/micu_ros_car/components/protocal/proto_define /home/micu/esp/mycode/micu_ros_car/components/protocal/proto_utils /home/micu/esp/esp-idf/components/protobuf-c /home/micu/esp/esp-idf/components/protocomm /home/micu/esp/esp-idf/components/pthread /home/micu/esp/mycode/micu_ros_car/components/protocal/ring_buffer /home/micu/esp/mycode/micu_ros_car/components/lib/rotary_encoder /home/micu/esp/esp-idf/components/sdmmc /home/micu/esp/esp-idf/components/soc /home/micu/esp/esp-idf/components/spi_flash /home/micu/esp/esp-idf/components/spiffs /home/micu/esp/mycode/micu_ros_car/components/microros/sysn /home/micu/esp/esp-idf/components/tcp_transport /home/micu/esp/esp-idf/components/touch_element /home/micu/esp/esp-idf/components/ulp /home/micu/esp/esp-idf/components/unity /home/micu/esp/esp-idf/components/usb /home/micu/esp/esp-idf/components/vfs /home/micu/esp/esp-idf/components/wear_levelling /home/micu/esp/mycode/micu_ros_car/components/wifi /home/micu/esp/esp-idf/components/wifi_provisioning /home/micu/esp/esp-idf/components/wpa_supplicant /home/micu/esp/esp-idf/components/xtensa
[8.140s] -- Configuring done
[8.668s] -- Generating done
[8.686s] -- Build files have been written to: /home/micu/esp/mycode/micu_ros_car/build/micu_ros_car
[8.727s] Invoked command in '/home/micu/esp/mycode/micu_ros_car/build/micu_ros_car' returned '0': /usr/bin/cmake /home/micu/esp/mycode/micu_ros_car -DCMAKE_INSTALL_PREFIX=/home/micu/esp/mycode/micu_ros_car/install/micu_ros_car
[8.729s] Invoking command in '/home/micu/esp/mycode/micu_ros_car/build/micu_ros_car': /usr/bin/cmake --build /home/micu/esp/mycode/micu_ros_car/build/micu_ros_car -- -j4 -l4
[8.804s] [  0%] Built target custom_bundle
[8.804s] [  0%] [34m[1mGenerating ../../partition_table/partition-table.bin[0m
[8.805s] [  0%] [34m[1mGenerating memory.ld linker script...[0m
[8.807s] [  0%] [34m[1mGenerating project_elf_src_esp32s3.c[0m
[8.837s] [  0%] Built target memory_ld
[8.839s] [  0%] Built target _project_elf_src
[8.853s] Partition table binary generated. Contents:
[8.864s] [  0%] [32mBuilding C object esp-idf/ulp/CMakeFiles/__idf_ulp.dir/ulp_common/ulp_adc.c.obj[0m
[8.868s] [  0%] [32mBuilding C object esp-idf/ulp/CMakeFiles/__idf_ulp.dir/ulp_common/ulp_common.c.obj[0m
[8.877s] *******************************************************************************
[8.905s] # ESP-IDF Partition Table
[8.905s] # Name, Type, SubType, Offset, Size, Flags
[8.905s] nvs,data,nvs,0x9000,24K,
[8.905s] phy_init,data,phy,0xf000,4K,
[8.905s] factory,app,factory,0x10000,1500K,
[8.916s] *******************************************************************************
[8.928s] [  0%] Built target partition_table_bin
[8.949s] [  0%] [32m[1mLinking C static library libulp.a[0m
[8.954s] [  0%] [34m[1mCreating directories for 'bootloader'[0m
[8.999s] [  0%] Built target __idf_ulp
[9.023s] [  0%] [32mBuilding C object esp-idf/esp_https_ota/CMakeFiles/__idf_esp_https_ota.dir/src/esp_https_ota.c.obj[0m
[9.029s] [  0%] [34m[1mNo download step for 'bootloader'[0m
[9.056s] [  0%] [34m[1mNo update step for 'bootloader'[0m
[9.084s] [  1%] [34m[1mNo patch step for 'bootloader'[0m
[9.110s] [  1%] [34m[1mPerforming configure step for 'bootloader'[0m
[9.132s] -- Found Git: /usr/bin/git (found version "2.34.1") 
[9.216s] [  1%] [32m[1mLinking C static library libesp_https_ota.a[0m
[9.264s] [  1%] Built target __idf_esp_https_ota
[9.294s] [  1%] [32mBuilding C object esp-idf/esp_http_server/CMakeFiles/__idf_esp_http_server.dir/src/httpd_sess.c.obj[0m
[9.294s] [  1%] [32mBuilding C object esp-idf/esp_http_server/CMakeFiles/__idf_esp_http_server.dir/src/httpd_parse.c.obj[0m
[9.294s] [  1%] [32mBuilding C object esp-idf/esp_http_server/CMakeFiles/__idf_esp_http_server.dir/src/httpd_main.c.obj[0m
[9.432s] [  1%] [32mBuilding C object esp-idf/esp_http_server/CMakeFiles/__idf_esp_http_server.dir/src/httpd_txrx.c.obj[0m
[9.460s] [  2%] [32mBuilding C object esp-idf/esp_http_server/CMakeFiles/__idf_esp_http_server.dir/src/httpd_uri.c.obj[0m
[9.490s] [  2%] [32mBuilding C object esp-idf/esp_http_server/CMakeFiles/__idf_esp_http_server.dir/src/httpd_ws.c.obj[0m
[9.589s] [  2%] [32mBuilding C object esp-idf/esp_http_server/CMakeFiles/__idf_esp_http_server.dir/src/util/ctrl_sock.c.obj[0m
[9.664s] [  2%] [32m[1mLinking C static library libesp_http_server.a[0m
[9.708s] [  2%] Built target __idf_esp_http_server
[9.735s] [  2%] [32mBuilding C object esp-idf/esp_http_client/CMakeFiles/__idf_esp_http_client.dir/lib/http_header.c.obj[0m
[9.735s] [  2%] [32mBuilding C object esp-idf/esp_http_client/CMakeFiles/__idf_esp_http_client.dir/esp_http_client.c.obj[0m
[9.735s] [  2%] [32mBuilding C object esp-idf/esp_http_client/CMakeFiles/__idf_esp_http_client.dir/lib/http_auth.c.obj[0m
[9.819s] [  2%] [32mBuilding C object esp-idf/esp_http_client/CMakeFiles/__idf_esp_http_client.dir/lib/http_utils.c.obj[0m
[9.822s] -- The C compiler identification is GNU 12.2.0
[9.866s] -- The CXX compiler identification is GNU 12.2.0
[9.886s] -- The ASM compiler identification is GNU
[9.887s] -- Found assembler: /home/micu/.espressif/tools/xtensa-esp32s3-elf/esp-12.2.0_20230208/xtensa-esp32s3-elf/bin/xtensa-esp32s3-elf-gcc
[9.891s] -- Detecting C compiler ABI info
[9.968s] -- Detecting C compiler ABI info - done
[9.977s] -- Check for working C compiler: /home/micu/.espressif/tools/xtensa-esp32s3-elf/esp-12.2.0_20230208/xtensa-esp32s3-elf/bin/xtensa-esp32s3-elf-gcc - skipped
[9.978s] -- Detecting C compile features
[9.979s] -- Detecting C compile features - done
[9.984s] -- Detecting CXX compiler ABI info
[10.066s] -- Detecting CXX compiler ABI info - done
[10.070s] -- Check for working CXX compiler: /home/micu/.espressif/tools/xtensa-esp32s3-elf/esp-12.2.0_20230208/xtensa-esp32s3-elf/bin/xtensa-esp32s3-elf-g++ - skipped
[10.071s] -- Detecting CXX compile features
[10.071s] -- Detecting CXX compile features - done
[10.080s] [  2%] [32m[1mLinking C static library libesp_http_client.a[0m
[10.134s] [  2%] Built target __idf_esp_http_client
[10.161s] [  3%] [32mBuilding C object esp-idf/tcp_transport/CMakeFiles/__idf_tcp_transport.dir/transport.c.obj[0m
[10.161s] [  3%] [32mBuilding C object esp-idf/tcp_transport/CMakeFiles/__idf_tcp_transport.dir/transport_internal.c.obj[0m
[10.162s] [  3%] [32mBuilding C object esp-idf/tcp_transport/CMakeFiles/__idf_tcp_transport.dir/transport_ssl.c.obj[0m
[10.222s] -- Building ESP-IDF components for target esp32s3
[10.278s] [  3%] [32mBuilding C object esp-idf/tcp_transport/CMakeFiles/__idf_tcp_transport.dir/transport_socks_proxy.c.obj[0m
[10.333s] [  3%] [32mBuilding C object esp-idf/tcp_transport/CMakeFiles/__idf_tcp_transport.dir/transport_ws.c.obj[0m
[10.533s] [  3%] [32m[1mLinking C static library libtcp_transport.a[0m
[10.578s] [  3%] Built target __idf_tcp_transport
[10.590s] [35m[1mScanning dependencies of target __idf_esp_gdbstub[0m
[10.615s] [  3%] [32mBuilding C object esp-idf/esp_gdbstub/CMakeFiles/__idf_esp_gdbstub.dir/src/packet.c.obj[0m
[10.615s] [  4%] [32mBuilding C object esp-idf/esp_gdbstub/CMakeFiles/__idf_esp_gdbstub.dir/src/gdbstub.c.obj[0m
[10.616s] [  4%] [32mBuilding C object esp-idf/esp_gdbstub/CMakeFiles/__idf_esp_gdbstub.dir/src/gdbstub_transport.c.obj[0m
[10.693s] [  4%] [32mBuilding C object esp-idf/esp_gdbstub/CMakeFiles/__idf_esp_gdbstub.dir/src/port/xtensa/gdbstub_xtensa.c.obj[0m
[10.713s] [  4%] [32mBuilding ASM object esp-idf/esp_gdbstub/CMakeFiles/__idf_esp_gdbstub.dir/src/port/xtensa/gdbstub-entry.S.obj[0m
[10.748s] [  4%] [32mBuilding ASM object esp-idf/esp_gdbstub/CMakeFiles/__idf_esp_gdbstub.dir/src/port/xtensa/xt_debugexception.S.obj[0m
[10.781s] [  4%] [32m[1mLinking C static library libesp_gdbstub.a[0m
[10.826s] [  4%] Built target __idf_esp_gdbstub
[10.852s] [  4%] [32mBuilding C object esp-idf/esp_eth/CMakeFiles/__idf_esp_eth.dir/src/esp_eth_netif_glue.c.obj[0m
[10.852s] [  4%] [32mBuilding C object esp-idf/esp_eth/CMakeFiles/__idf_esp_eth.dir/src/esp_eth_phy_802_3.c.obj[0m
[10.852s] [  4%] [32mBuilding C object esp-idf/esp_eth/CMakeFiles/__idf_esp_eth.dir/src/esp_eth.c.obj[0m
[11.024s] [  4%] [32m[1mLinking C static library libesp_eth.a[0m
[11.071s] [  4%] Built target __idf_esp_eth
[11.099s] [  4%] [32mBuilding C object esp-idf/esp_adc/CMakeFiles/__idf_esp_adc.dir/adc_cali.c.obj[0m
[11.102s] [  4%] [32mBuilding C object esp-idf/esp_adc/CMakeFiles/__idf_esp_adc.dir/adc_oneshot.c.obj[0m
[11.102s] [  4%] [32mBuilding C object esp-idf/esp_adc/CMakeFiles/__idf_esp_adc.dir/adc_cali_curve_fitting.c.obj[0m
[11.130s] -- Project sdkconfig file /home/micu/esp/mycode/micu_ros_car/sdkconfig
[11.160s] [  4%] [32mBuilding C object esp-idf/esp_adc/CMakeFiles/__idf_esp_adc.dir/adc_common.c.obj[0m
[11.183s] [  5%] [32mBuilding C object esp-idf/esp_adc/CMakeFiles/__idf_esp_adc.dir/deprecated/esp_adc_cal_common_legacy.c.obj[0m
[11.255s] [  5%] [32mBuilding C object esp-idf/esp_adc/CMakeFiles/__idf_esp_adc.dir/adc_continuous.c.obj[0m
[11.255s] [  5%] [32mBuilding C object esp-idf/esp_adc/CMakeFiles/__idf_esp_adc.dir/adc_filter.c.obj[0m
[11.285s] [0mCompiler supported targets: xtensa-esp32s3-elf
[11.285s] [0m
[11.288s] [  5%] [32mBuilding C object esp-idf/esp_adc/CMakeFiles/__idf_esp_adc.dir/esp32s3/curve_fitting_coefficients.c.obj[0m
[11.345s] [  5%] [32mBuilding C object esp-idf/esp_adc/CMakeFiles/__idf_esp_adc.dir/deprecated/esp32s3/esp_adc_cal_legacy.c.obj[0m
[11.389s] -- Looking for sys/types.h
[11.409s] [  5%] [32m[1mLinking C static library libesp_adc.a[0m
[11.455s] [  5%] Built target __idf_esp_adc
[11.461s] -- Looking for sys/types.h - found
[11.461s] -- Looking for stdint.h
[11.487s] [  5%] [32mBuilding C object esp-idf/esp-tls/CMakeFiles/__idf_esp-tls.dir/esp_tls.c.obj[0m
[11.498s] [  6%] [32mBuilding C object esp-idf/esp-tls/CMakeFiles/__idf_esp-tls.dir/esp-tls-crypto/esp_tls_crypto.c.obj[0m
[11.499s] [  6%] [32mBuilding C object esp-idf/esp-tls/CMakeFiles/__idf_esp-tls.dir/esp_tls_error_capture.c.obj[0m
[11.552s] [  6%] [32mBuilding C object esp-idf/esp-tls/CMakeFiles/__idf_esp-tls.dir/esp_tls_mbedtls.c.obj[0m
[11.554s] -- Looking for stdint.h - found
[11.554s] -- Looking for stddef.h
[11.642s] -- Looking for stddef.h - found
[11.643s] -- Check size of time_t
[11.722s] -- Check size of time_t - done
[11.728s] -- Adding linker script /home/micu/esp/esp-idf/components/soc/esp32s3/ld/esp32s3.peripherals.ld
[11.733s] [  6%] [32m[1mLinking C static library libesp-tls.a[0m
[11.736s] -- App "bootloader" version: v5.1.2-1-g3b62af741a
[11.749s] -- Adding linker script /home/micu/esp/esp-idf/components/esp_rom/esp32s3/ld/esp32s3.rom.ld
[11.749s] -- Adding linker script /home/micu/esp/esp-idf/components/esp_rom/esp32s3/ld/esp32s3.rom.api.ld
[11.751s] -- Adding linker script /home/micu/esp/esp-idf/components/esp_rom/esp32s3/ld/esp32s3.rom.libgcc.ld
[11.751s] -- Adding linker script /home/micu/esp/esp-idf/components/esp_rom/esp32s3/ld/esp32s3.rom.newlib.ld
[11.760s] -- Adding linker script /home/micu/esp/esp-idf/components/bootloader/subproject/main/ld/esp32s3/bootloader.ld
[11.760s] -- Adding linker script /home/micu/esp/esp-idf/components/bootloader/subproject/main/ld/esp32s3/bootloader.rom.ld
[11.775s] -- Components: bootloader bootloader_support efuse esp_app_format esp_common esp_hw_support esp_rom esp_system esptool_py freertos hal log main micro-ecc newlib partition_table soc spi_flash xtensa
[11.775s] -- Component paths: /home/micu/esp/esp-idf/components/bootloader /home/micu/esp/esp-idf/components/bootloader_support /home/micu/esp/esp-idf/components/efuse /home/micu/esp/esp-idf/components/esp_app_format /home/micu/esp/esp-idf/components/esp_common /home/micu/esp/esp-idf/components/esp_hw_support /home/micu/esp/esp-idf/components/esp_rom /home/micu/esp/esp-idf/components/esp_system /home/micu/esp/esp-idf/components/esptool_py /home/micu/esp/esp-idf/components/freertos /home/micu/esp/esp-idf/components/hal /home/micu/esp/esp-idf/components/log /home/micu/esp/esp-idf/components/bootloader/subproject/main /home/micu/esp/esp-idf/components/bootloader/subproject/components/micro-ecc /home/micu/esp/esp-idf/components/newlib /home/micu/esp/esp-idf/components/partition_table /home/micu/esp/esp-idf/components/soc /home/micu/esp/esp-idf/components/spi_flash /home/micu/esp/esp-idf/components/xtensa
[11.775s] -- Configuring done
[11.776s] [  6%] Built target __idf_esp-tls
[11.805s] [  6%] [32mBuilding C object esp-idf/http_parser/CMakeFiles/__idf_http_parser.dir/http_parser.c.obj[0m
[11.834s] -- Generating done
[11.840s] -- Build files have been written to: /home/micu/esp/mycode/micu_ros_car/build/micu_ros_car/bootloader
[11.872s] [  6%] [34m[1mPerforming build step for 'bootloader'[0m
[11.929s] [  1%] [32mBuilding C object esp-idf/log/CMakeFiles/__idf_log.dir/log.c.obj[0m
[11.930s] [  2%] [32mBuilding C object esp-idf/log/CMakeFiles/__idf_log.dir/log_buffers.c.obj[0m
[11.936s] [  3%] [34m[1mGenerating project_elf_src_esp32s3.c[0m
[11.960s] [  3%] Built target _project_elf_src
[11.971s] [  4%] [32mBuilding C object esp-idf/log/CMakeFiles/__idf_log.dir/log_noos.c.obj[0m
[12.042s] [  4%] [32m[1mLinking C static library liblog.a[0m
[12.086s] [  4%] Built target __idf_log
[12.100s] [35m[1mScanning dependencies of target __idf_esp_rom[0m
[12.119s] [  6%] [32mBuilding C object esp-idf/esp_rom/CMakeFiles/__idf_esp_rom.dir/patches/esp_rom_crc.c.obj[0m
[12.119s] [  6%] [32mBuilding C object esp-idf/esp_rom/CMakeFiles/__idf_esp_rom.dir/patches/esp_rom_sys.c.obj[0m
[12.124s] [  7%] [32mBuilding C object esp-idf/esp_rom/CMakeFiles/__idf_esp_rom.dir/patches/esp_rom_uart.c.obj[0m
[12.151s] [  8%] [32mBuilding C object esp-idf/esp_rom/CMakeFiles/__idf_esp_rom.dir/patches/esp_rom_spiflash.c.obj[0m
[12.158s] [  9%] [32mBuilding C object esp-idf/esp_rom/CMakeFiles/__idf_esp_rom.dir/patches/esp_rom_efuse.c.obj[0m
[12.164s] [  6%] [32m[1mLinking C static library libhttp_parser.a[0m
[12.194s] [  9%] [32mBuilding ASM object esp-idf/esp_rom/CMakeFiles/__idf_esp_rom.dir/patches/esp_rom_longjmp.S.obj[0m
[12.209s] [ 10%] [32mBuilding C object esp-idf/esp_rom/CMakeFiles/__idf_esp_rom.dir/patches/esp_rom_systimer.c.obj[0m
[12.211s] [ 11%] [32mBuilding C object esp-idf/esp_rom/CMakeFiles/__idf_esp_rom.dir/patches/esp_rom_wdt.c.obj[0m
[12.216s] [  6%] Built target __idf_http_parser
[12.226s] [ 12%] [32mBuilding C object esp-idf/esp_rom/CMakeFiles/__idf_esp_rom.dir/patches/esp_rom_cache_esp32s2_esp32s3.c.obj[0m
[12.231s] [ 13%] [32mBuilding ASM object esp-idf/esp_rom/CMakeFiles/__idf_esp_rom.dir/patches/esp_rom_cache_writeback_esp32s3.S.obj[0m
[12.265s] [  6%] [32mBuilding C object esp-idf/esp_wifi/CMakeFiles/__idf_esp_wifi.dir/src/smartconfig.c.obj[0m
[12.267s] [  7%] [32mBuilding C object esp-idf/esp_wifi/CMakeFiles/__idf_esp_wifi.dir/src/wifi_init.c.obj[0m
[12.267s] [  7%] [32mBuilding C object esp-idf/esp_wifi/CMakeFiles/__idf_esp_wifi.dir/src/mesh_event.c.obj[0m
[12.287s] [ 14%] [32m[1mLinking C static library libesp_rom.a[0m
[12.337s] [  7%] [32mBuilding C object esp-idf/esp_wifi/CMakeFiles/__idf_esp_wifi.dir/src/wifi_default.c.obj[0m
[12.347s] [ 14%] Built target __idf_esp_rom
[12.348s] [  7%] [32mBuilding C object esp-idf/esp_wifi/CMakeFiles/__idf_esp_wifi.dir/src/wifi_netif.c.obj[0m
[12.365s] [  7%] [32mBuilding C object esp-idf/esp_wifi/CMakeFiles/__idf_esp_wifi.dir/src/wifi_default_ap.c.obj[0m
[12.379s] [ 15%] [32mBuilding C object esp-idf/esp_common/CMakeFiles/__idf_esp_common.dir/src/esp_err_to_name.c.obj[0m
[12.426s] [  7%] [32mBuilding C object esp-idf/esp_wifi/CMakeFiles/__idf_esp_wifi.dir/esp32s3/esp_adapter.c.obj[0m
[12.443s] [  7%] [32mBuilding C object esp-idf/esp_wifi/CMakeFiles/__idf_esp_wifi.dir/src/smartconfig_ack.c.obj[0m
[12.450s] [ 16%] [32m[1mLinking C static library libesp_common.a[0m
[12.494s] [ 16%] Built target __idf_esp_common
[12.523s] [ 18%] [32mBuilding C object esp-idf/esp_hw_support/CMakeFiles/__idf_esp_hw_support.dir/cpu.c.obj[0m
[12.523s] [ 18%] [32mBuilding C object esp-idf/esp_hw_support/CMakeFiles/__idf_esp_hw_support.dir/esp_memory_utils.c.obj[0m
[12.547s] [ 19%] [32mBuilding C object esp-idf/esp_hw_support/CMakeFiles/__idf_esp_hw_support.dir/port/esp32s3/cpu_region_protect.c.obj[0m
[12.552s] [  7%] [32m[1mLinking C static library libesp_wifi.a[0m
[12.570s] [ 20%] [32mBuilding C object esp-idf/esp_hw_support/CMakeFiles/__idf_esp_hw_support.dir/port/esp32s3/rtc_clk.c.obj[0m
[12.597s] [ 22%] [32mBuilding C object esp-idf/esp_hw_support/CMakeFiles/__idf_esp_hw_support.dir/port/esp32s3/rtc_init.c.obj[0m
[12.597s] [ 22%] [32mBuilding C object esp-idf/esp_hw_support/CMakeFiles/__idf_esp_hw_support.dir/port/esp32s3/rtc_clk_init.c.obj[0m
[12.603s] [  7%] Built target __idf_esp_wifi
[12.640s] [  7%] [32mBuilding C object esp-idf/esp_coex/CMakeFiles/__idf_esp_coex.dir/esp32s3/esp_coex_adapter.c.obj[0m
[12.674s] [ 22%] [32mBuilding C object esp-idf/esp_hw_support/CMakeFiles/__idf_esp_hw_support.dir/port/esp32s3/rtc_sleep.c.obj[0m
[12.735s] [ 23%] [32mBuilding C object esp-idf/esp_hw_support/CMakeFiles/__idf_esp_hw_support.dir/port/esp32s3/rtc_time.c.obj[0m
[12.738s] [  7%] [32m[1mLinking C static library libesp_coex.a[0m
[12.753s] [ 24%] [32mBuilding C object esp-idf/esp_hw_support/CMakeFiles/__idf_esp_hw_support.dir/port/esp32s3/chip_info.c.obj[0m
[12.783s] [  7%] Built target __idf_esp_coex
[12.818s] [  7%] [32mBuilding C object esp-idf/wpa_supplicant/CMakeFiles/__idf_wpa_supplicant.dir/src/ap/ap_config.c.obj[0m
[12.820s] [  8%] [32mBuilding C object esp-idf/wpa_supplicant/CMakeFiles/__idf_wpa_supplicant.dir/port/eloop.c.obj[0m
[12.821s] [  8%] [32mBuilding C object esp-idf/wpa_supplicant/CMakeFiles/__idf_wpa_supplicant.dir/port/os_xtensa.c.obj[0m
[12.834s] [ 25%] [32m[1mLinking C static library libesp_hw_support.a[0m
[12.894s] [ 25%] Built target __idf_esp_hw_support
[12.911s] [  8%] [32mBuilding C object esp-idf/wpa_supplicant/CMakeFiles/__idf_wpa_supplicant.dir/src/ap/ieee802_1x.c.obj[0m
[12.925s] [ 26%] [32mBuilding C object esp-idf/esp_system/CMakeFiles/__idf_esp_system.dir/esp_err.c.obj[0m
[12.931s] [  8%] [32mBuilding C object esp-idf/wpa_supplicant/CMakeFiles/__idf_wpa_supplicant.dir/src/ap/wpa_auth.c.obj[0m
[12.946s] [  8%] [32mBuilding C object esp-idf/wpa_supplicant/CMakeFiles/__idf_wpa_supplicant.dir/src/ap/wpa_auth_ie.c.obj[0m
[12.981s] [ 27%] [32m[1mLinking C static library libesp_system.a[0m
[13.028s] [ 27%] Built target __idf_esp_system
[13.030s] [  8%] [32mBuilding C object esp-idf/wpa_supplicant/CMakeFiles/__idf_wpa_supplicant.dir/src/ap/pmksa_cache_auth.c.obj[0m
[13.057s] [ 28%] [32mBuilding C object esp-idf/efuse/CMakeFiles/__idf_efuse.dir/esp32s3/esp_efuse_table.c.obj[0m
[13.078s] [ 29%] [32mBuilding C object esp-idf/efuse/CMakeFiles/__idf_efuse.dir/esp32s3/esp_efuse_fields.c.obj[0m
[13.117s] [ 29%] [32mBuilding C object esp-idf/efuse/CMakeFiles/__idf_efuse.dir/esp32s3/esp_efuse_rtc_calib.c.obj[0m
[13.141s] [ 30%] [32mBuilding C object esp-idf/efuse/CMakeFiles/__idf_efuse.dir/esp32s3/esp_efuse_utility.c.obj[0m
[13.157s] [ 31%] [32mBuilding C object esp-idf/efuse/CMakeFiles/__idf_efuse.dir/src/esp_efuse_api.c.obj[0m
[13.200s] [ 32%] [32mBuilding C object esp-idf/efuse/CMakeFiles/__idf_efuse.dir/src/esp_efuse_fields.c.obj[0m
[13.219s] [  8%] [32mBuilding C object esp-idf/wpa_supplicant/CMakeFiles/__idf_wpa_supplicant.dir/src/ap/sta_info.c.obj[0m
[13.231s] [  8%] [32mBuilding C object esp-idf/wpa_supplicant/CMakeFiles/__idf_wpa_supplicant.dir/src/ap/ieee802_11.c.obj[0m
[13.275s] [  8%] [32mBuilding C object esp-idf/wpa_supplicant/CMakeFiles/__idf_wpa_supplicant.dir/src/ap/comeback_token.c.obj[0m
[13.276s] [ 34%] [32mBuilding C object esp-idf/efuse/CMakeFiles/__idf_efuse.dir/src/esp_efuse_utility.c.obj[0m
[13.311s] [ 35%] [32mBuilding C object esp-idf/efuse/CMakeFiles/__idf_efuse.dir/src/efuse_controller/keys/with_key_purposes/esp_efuse_api_key.c.obj[0m
[13.372s] [  8%] [32mBuilding C object esp-idf/wpa_supplicant/CMakeFiles/__idf_wpa_supplicant.dir/src/common/sae.c.obj[0m
[13.374s] [  9%] [32mBuilding C object esp-idf/wpa_supplicant/CMakeFiles/__idf_wpa_supplicant.dir/src/common/dragonfly.c.obj[0m
[13.442s] [  9%] [32mBuilding C object esp-idf/wpa_supplicant/CMakeFiles/__idf_wpa_supplicant.dir/src/common/wpa_common.c.obj[0m
[13.455s] [ 36%] [32m[1mLinking C static library libefuse.a[0m
[13.480s] [  9%] [32mBuilding C object esp-idf/wpa_supplicant/CMakeFiles/__idf_wpa_supplicant.dir/src/utils/bitfield.c.obj[0m
[13.515s] [ 36%] Built target __idf_efuse
[13.551s] [ 36%] [32mBuilding C object esp-idf/bootloader_support/CMakeFiles/__idf_bootloader_support.dir/src/bootloader_common.c.obj[0m
[13.572s] [ 37%] [32mBuilding C object esp-idf/bootloader_support/CMakeFiles/__idf_bootloader_support.dir/src/bootloader_common_loader.c.obj[0m
[13.619s] [ 38%] [32mBuilding C object esp-idf/bootloader_support/CMakeFiles/__idf_bootloader_support.dir/src/bootloader_clock_init.c.obj[0m
[13.680s] [ 39%] [32mBuilding C object esp-idf/bootloader_support/CMakeFiles/__idf_bootloader_support.dir/src/bootloader_mem.c.obj[0m
[13.685s] [  9%] [32mBuilding C object esp-idf/wpa_supplicant/CMakeFiles/__idf_wpa_supplicant.dir/src/crypto/aes-siv.c.obj[0m
[13.688s] [  9%] [32mBuilding C object esp-idf/wpa_supplicant/CMakeFiles/__idf_wpa_supplicant.dir/src/crypto/sha256-kdf.c.obj[0m
[13.717s] [ 40%] [32mBuilding C object esp-idf/bootloader_support/CMakeFiles/__idf_bootloader_support.dir/src/bootloader_random.c.obj[0m
[13.733s] [  9%] [32mBuilding C object esp-idf/wpa_supplicant/CMakeFiles/__idf_wpa_supplicant.dir/src/crypto/ccmp.c.obj[0m
[13.782s] [ 41%] [32mBuilding C object esp-idf/bootloader_support/CMakeFiles/__idf_bootloader_support.dir/src/bootloader_random_esp32s3.c.obj[0m
[13.785s] [  9%] [32mBuilding C object esp-idf/wpa_supplicant/CMakeFiles/__idf_wpa_supplicant.dir/src/crypto/aes-gcm.c.obj[0m
[13.794s] [ 42%] [32mBuilding C object esp-idf/bootloader_support/CMakeFiles/__idf_bootloader_support.dir/src/bootloader_efuse.c.obj[0m
[13.844s] [  9%] [32mBuilding C object esp-idf/wpa_supplicant/CMakeFiles/__idf_wpa_supplicant.dir/src/crypto/crypto_ops.c.obj[0m
[13.851s] [ 43%] [32mBuilding C object esp-idf/bootloader_support/CMakeFiles/__idf_bootloader_support.dir/src/flash_encrypt.c.obj[0m
[13.853s] [  9%] [32mBuilding C object esp-idf/wpa_supplicant/CMakeFiles/__idf_wpa_supplicant.dir/src/crypto/dh_group5.c.obj[0m
[13.902s] [  9%] [32mBuilding C object esp-idf/wpa_supplicant/CMakeFiles/__idf_wpa_supplicant.dir/src/crypto/dh_groups.c.obj[0m
[13.929s] [ 10%] [32mBuilding C object esp-idf/wpa_supplicant/CMakeFiles/__idf_wpa_supplicant.dir/src/crypto/ms_funcs.c.obj[0m
[13.933s] [ 10%] [32mBuilding C object esp-idf/wpa_supplicant/CMakeFiles/__idf_wpa_supplicant.dir/src/crypto/sha1-tlsprf.c.obj[0m
[13.935s] [ 43%] [32mBuilding C object esp-idf/bootloader_support/CMakeFiles/__idf_bootloader_support.dir/src/secure_boot.c.obj[0m
[13.996s] [ 44%] [32mBuilding C object esp-idf/bootloader_support/CMakeFiles/__idf_bootloader_support.dir/bootloader_flash/src/bootloader_flash.c.obj[0m
[14.006s] [ 45%] [32mBuilding C object esp-idf/bootloader_support/CMakeFiles/__idf_bootloader_support.dir/bootloader_flash/src/flash_qio_mode.c.obj[0m
[14.024s] [ 46%] [32mBuilding C object esp-idf/bootloader_support/CMakeFiles/__idf_bootloader_support.dir/bootloader_flash/src/bootloader_flash_config_esp32s3.c.obj[0m
[14.062s] [ 10%] [32mBuilding C object esp-idf/wpa_supplicant/CMakeFiles/__idf_wpa_supplicant.dir/src/crypto/sha256-tlsprf.c.obj[0m
[14.113s] [ 47%] [32mBuilding C object esp-idf/bootloader_support/CMakeFiles/__idf_bootloader_support.dir/src/bootloader_utility.c.obj[0m
[14.123s] [ 10%] [32mBuilding C object esp-idf/wpa_supplicant/CMakeFiles/__idf_wpa_supplicant.dir/src/crypto/sha384-tlsprf.c.obj[0m
[14.167s] [ 48%] [32mBuilding C object esp-idf/bootloader_support/CMakeFiles/__idf_bootloader_support.dir/src/flash_partitions.c.obj[0m
[14.192s] [ 49%] [32mBuilding C object esp-idf/bootloader_support/CMakeFiles/__idf_bootloader_support.dir/src/esp_image_format.c.obj[0m
[14.208s] [ 10%] [32mBuilding C object esp-idf/wpa_supplicant/CMakeFiles/__idf_wpa_supplicant.dir/src/crypto/sha256-prf.c.obj[0m
[14.232s] [ 50%] [32mBuilding C object esp-idf/bootloader_support/CMakeFiles/__idf_bootloader_support.dir/src/bootloader_init.c.obj[0m
[14.304s] [ 10%] [32mBuilding C object esp-idf/wpa_supplicant/CMakeFiles/__idf_wpa_supplicant.dir/src/crypto/sha1-prf.c.obj[0m
[14.329s] [ 10%] [32mBuilding C object esp-idf/wpa_supplicant/CMakeFiles/__idf_wpa_supplicant.dir/src/crypto/sha384-prf.c.obj[0m
[14.338s] [ 10%] [32mBuilding C object esp-idf/wpa_supplicant/CMakeFiles/__idf_wpa_supplicant.dir/src/crypto/md4-internal.c.obj[0m
[14.391s] [ 10%] [32mBuilding C object esp-idf/wpa_supplicant/CMakeFiles/__idf_wpa_supplicant.dir/src/crypto/sha1-tprf.c.obj[0m
[14.433s] [ 10%] [32mBuilding C object esp-idf/wpa_supplicant/CMakeFiles/__idf_wpa_supplicant.dir/src/eap_common/eap_wsc_common.c.obj[0m
[14.442s] [ 11%] [32mBuilding C object esp-idf/wpa_supplicant/CMakeFiles/__idf_wpa_supplicant.dir/src/common/ieee802_11_common.c.obj[0m
[14.462s] [ 51%] [32mBuilding C object esp-idf/bootloader_support/CMakeFiles/__idf_bootloader_support.dir/src/bootloader_clock_loader.c.obj[0m
[14.483s] [ 11%] [32mBuilding C object esp-idf/wpa_supplicant/CMakeFiles/__idf_wpa_supplicant.dir/src/eap_peer/chap.c.obj[0m
[14.509s] [ 51%] [32mBuilding C object esp-idf/bootloader_support/CMakeFiles/__idf_bootloader_support.dir/src/bootloader_console.c.obj[0m
[14.518s] [ 52%] [32mBuilding C object esp-idf/bootloader_support/CMakeFiles/__idf_bootloader_support.dir/src/bootloader_console_loader.c.obj[0m
[14.558s] [ 53%] [32mBuilding C object esp-idf/bootloader_support/CMakeFiles/__idf_bootloader_support.dir/src/esp32s3/bootloader_sha.c.obj[0m
[14.572s] [ 54%] [32mBuilding C object esp-idf/bootloader_support/CMakeFiles/__idf_bootloader_support.dir/src/esp32s3/bootloader_soc.c.obj[0m
[14.572s] [ 11%] [32mBuilding C object esp-idf/wpa_supplicant/CMakeFiles/__idf_wpa_supplicant.dir/src/eap_peer/eap.c.obj[0m
[14.578s] [ 55%] [32mBuilding C object esp-idf/bootloader_support/CMakeFiles/__idf_bootloader_support.dir/src/esp32s3/bootloader_esp32s3.c.obj[0m
[14.615s] [ 11%] [32mBuilding C object esp-idf/wpa_supplicant/CMakeFiles/__idf_wpa_supplicant.dir/src/eap_peer/eap_common.c.obj[0m
[14.618s] [ 11%] [32mBuilding C object esp-idf/wpa_supplicant/CMakeFiles/__idf_wpa_supplicant.dir/src/eap_peer/eap_mschapv2.c.obj[0m
[14.686s] [ 56%] [32mBuilding C object esp-idf/bootloader_support/CMakeFiles/__idf_bootloader_support.dir/src/bootloader_panic.c.obj[0m
[14.715s] [ 11%] [32mBuilding C object esp-idf/wpa_supplicant/CMakeFiles/__idf_wpa_supplicant.dir/src/eap_peer/eap_peap.c.obj[0m
[14.747s] [ 11%] [32mBuilding C object esp-idf/wpa_supplicant/CMakeFiles/__idf_wpa_supplicant.dir/src/eap_peer/eap_peap_common.c.obj[0m
[14.758s] [ 57%] [32m[1mLinking C static library libbootloader_support.a[0m
[14.770s] [ 11%] [32mBuilding C object esp-idf/wpa_supplicant/CMakeFiles/__idf_wpa_supplicant.dir/src/eap_peer/eap_tls.c.obj[0m
[14.821s] [ 57%] Built target __idf_bootloader_support
[14.841s] [ 11%] [32mBuilding C object esp-idf/wpa_supplicant/CMakeFiles/__idf_wpa_supplicant.dir/src/eap_peer/eap_tls_common.c.obj[0m
[14.856s] [ 58%] [32mBuilding C object esp-idf/esp_app_format/CMakeFiles/__idf_esp_app_format.dir/esp_app_desc.c.obj[0m
[14.874s] [ 11%] [32mBuilding C object esp-idf/wpa_supplicant/CMakeFiles/__idf_wpa_supplicant.dir/src/eap_peer/eap_ttls.c.obj[0m
[14.917s] [ 12%] [32mBuilding C object esp-idf/wpa_supplicant/CMakeFiles/__idf_wpa_supplicant.dir/src/eap_peer/mschapv2.c.obj[0m
[14.919s] [ 58%] [32m[1mLinking C static library libesp_app_format.a[0m
[14.975s] [ 58%] Built target __idf_esp_app_format
[15.008s] [ 12%] [32mBuilding C object esp-idf/wpa_supplicant/CMakeFiles/__idf_wpa_supplicant.dir/src/eap_peer/eap_fast.c.obj[0m
[15.009s] [ 12%] [32mBuilding C object esp-idf/wpa_supplicant/CMakeFiles/__idf_wpa_supplicant.dir/src/eap_peer/eap_fast_common.c.obj[0m
[15.013s] [ 59%] [32mBuilding C object esp-idf/spi_flash/CMakeFiles/__idf_spi_flash.dir/spi_flash_wrap.c.obj[0m
[15.082s] [ 12%] [32mBuilding C object esp-idf/wpa_supplicant/CMakeFiles/__idf_wpa_supplicant.dir/src/eap_peer/eap_fast_pac.c.obj[0m
[15.101s] [ 60%] [32m[1mLinking C static library libspi_flash.a[0m
[15.105s] [ 12%] [32mBuilding C object esp-idf/wpa_supplicant/CMakeFiles/__idf_wpa_supplicant.dir/src/rsn_supp/pmksa_cache.c.obj[0m
[15.157s] [ 60%] Built target __idf_spi_flash
[15.194s] [ 60%] [32mBuilding C object esp-idf/hal/CMakeFiles/__idf_hal.dir/mpu_hal.c.obj[0m
[15.239s] [ 61%] [32mBuilding C object esp-idf/hal/CMakeFiles/__idf_hal.dir/efuse_hal.c.obj[0m
[15.251s] [ 62%] [32mBuilding C object esp-idf/hal/CMakeFiles/__idf_hal.dir/esp32s3/efuse_hal.c.obj[0m
[15.270s] [ 12%] [32mBuilding C object esp-idf/wpa_supplicant/CMakeFiles/__idf_wpa_supplicant.dir/src/rsn_supp/wpa.c.obj[0m
[15.304s] [ 12%] [32mBuilding C object esp-idf/wpa_supplicant/CMakeFiles/__idf_wpa_supplicant.dir/src/rsn_supp/wpa_ie.c.obj[0m
[15.339s] [ 63%] [32mBuilding C object esp-idf/hal/CMakeFiles/__idf_hal.dir/mmu_hal.c.obj[0m
[15.340s] [ 64%] [32mBuilding C object esp-idf/hal/CMakeFiles/__idf_hal.dir/cache_hal.c.obj[0m
[15.416s] [ 12%] [32mBuilding C object esp-idf/wpa_supplicant/CMakeFiles/__idf_wpa_supplicant.dir/src/utils/base64.c.obj[0m
[15.433s] [ 65%] [32m[1mLinking C static library libhal.a[0m
[15.434s] [ 12%] [32mBuilding C object esp-idf/wpa_supplicant/CMakeFiles/__idf_wpa_supplicant.dir/src/utils/common.c.obj[0m
[15.490s] [ 65%] Built target __idf_hal
[15.524s] [ 13%] [32mBuilding C object esp-idf/wpa_supplicant/CMakeFiles/__idf_wpa_supplicant.dir/src/utils/ext_password.c.obj[0m
[15.524s] [ 67%] [32mBuilding C object esp-idf/micro-ecc/CMakeFiles/__idf_micro-ecc.dir/uECC_verify_antifault.c.obj[0m
[15.594s] [ 13%] [32mBuilding C object esp-idf/wpa_supplicant/CMakeFiles/__idf_wpa_supplicant.dir/src/utils/wpabuf.c.obj[0m
[15.595s] [ 13%] [32mBuilding C object esp-idf/wpa_supplicant/CMakeFiles/__idf_wpa_supplicant.dir/src/utils/uuid.c.obj[0m
[15.611s] [ 13%] [32mBuilding C object esp-idf/wpa_supplicant/CMakeFiles/__idf_wpa_supplicant.dir/src/utils/wpa_debug.c.obj[0m
[15.680s] [ 13%] [32mBuilding C object esp-idf/wpa_supplicant/CMakeFiles/__idf_wpa_supplicant.dir/src/utils/json.c.obj[0m
[15.686s] [ 13%] [32mBuilding C object esp-idf/wpa_supplicant/CMakeFiles/__idf_wpa_supplicant.dir/src/wps/wps.c.obj[0m
[15.686s] [ 13%] [32mBuilding C object esp-idf/wpa_supplicant/CMakeFiles/__idf_wpa_supplicant.dir/src/wps/wps_attr_build.c.obj[0m
[15.806s] [ 13%] [32mBuilding C object esp-idf/wpa_supplicant/CMakeFiles/__idf_wpa_supplicant.dir/src/wps/wps_attr_parse.c.obj[0m
[15.816s] [ 13%] [32mBuilding C object esp-idf/wpa_supplicant/CMakeFiles/__idf_wpa_supplicant.dir/src/wps/wps_attr_process.c.obj[0m
[15.830s] [ 13%] [32mBuilding C object esp-idf/wpa_supplicant/CMakeFiles/__idf_wpa_supplicant.dir/src/wps/wps_common.c.obj[0m
[15.930s] [ 14%] [32mBuilding C object esp-idf/wpa_supplicant/CMakeFiles/__idf_wpa_supplicant.dir/src/wps/wps_dev_attr.c.obj[0m
[15.931s] [ 14%] [32mBuilding C object esp-idf/wpa_supplicant/CMakeFiles/__idf_wpa_supplicant.dir/src/wps/wps_enrollee.c.obj[0m
[15.983s] [ 14%] [32mBuilding C object esp-idf/wpa_supplicant/CMakeFiles/__idf_wpa_supplicant.dir/src/common/sae_pk.c.obj[0m
[15.983s] [ 68%] [32m[1mLinking C static library libmicro-ecc.a[0m
[16.048s] [ 68%] Built target __idf_micro-ecc
[16.073s] [ 14%] [32mBuilding C object esp-idf/wpa_supplicant/CMakeFiles/__idf_wpa_supplicant.dir/src/common/bss.c.obj[0m
[16.078s] [ 69%] [32mBuilding C object esp-idf/soc/CMakeFiles/__idf_soc.dir/lldesc.c.obj[0m
[16.137s] [ 70%] [32mBuilding C object esp-idf/soc/CMakeFiles/__idf_soc.dir/dport_access_common.c.obj[0m
[16.150s] [ 14%] [32mBuilding C object esp-idf/wpa_supplicant/CMakeFiles/__idf_wpa_supplicant.dir/src/common/scan.c.obj[0m
[16.159s] [ 71%] [32mBuilding C object esp-idf/soc/CMakeFiles/__idf_soc.dir/esp32s3/interrupts.c.obj[0m
[16.172s] [ 72%] [32mBuilding C object esp-idf/soc/CMakeFiles/__idf_soc.dir/esp32s3/gpio_periph.c.obj[0m
[16.198s] [ 72%] [32mBuilding C object esp-idf/soc/CMakeFiles/__idf_soc.dir/esp32s3/uart_periph.c.obj[0m
[16.215s] [ 73%] [32mBuilding C object esp-idf/soc/CMakeFiles/__idf_soc.dir/esp32s3/adc_periph.c.obj[0m
[16.215s] [ 14%] [32mBuilding C object esp-idf/wpa_supplicant/CMakeFiles/__idf_wpa_supplicant.dir/esp_supplicant/src/esp_scan.c.obj[0m
[16.241s] [ 74%] [32mBuilding C object esp-idf/soc/CMakeFiles/__idf_soc.dir/esp32s3/dedic_gpio_periph.c.obj[0m
[16.245s] [ 14%] [32mBuilding C object esp-idf/wpa_supplicant/CMakeFiles/__idf_wpa_supplicant.dir/esp_supplicant/src/esp_eap_client.c.obj[0m
[16.254s] [ 75%] [32mBuilding C object esp-idf/soc/CMakeFiles/__idf_soc.dir/esp32s3/gdma_periph.c.obj[0m
[16.283s] [ 76%] [32mBuilding C object esp-idf/soc/CMakeFiles/__idf_soc.dir/esp32s3/spi_periph.c.obj[0m
[16.286s] [ 77%] [32mBuilding C object esp-idf/soc/CMakeFiles/__idf_soc.dir/esp32s3/ledc_periph.c.obj[0m
[16.325s] [ 79%] [32mBuilding C object esp-idf/soc/CMakeFiles/__idf_soc.dir/esp32s3/rmt_periph.c.obj[0m
[16.325s] [ 79%] [32mBuilding C object esp-idf/soc/CMakeFiles/__idf_soc.dir/esp32s3/pcnt_periph.c.obj[0m
[16.331s] [ 79%] [32mBuilding C object esp-idf/soc/CMakeFiles/__idf_soc.dir/esp32s3/sdm_periph.c.obj[0m
[16.362s] [ 81%] [32mBuilding C object esp-idf/soc/CMakeFiles/__idf_soc.dir/esp32s3/i2c_periph.c.obj[0m
[16.362s] [ 81%] [32mBuilding C object esp-idf/soc/CMakeFiles/__idf_soc.dir/esp32s3/i2s_periph.c.obj[0m
[16.366s] [ 82%] [32mBuilding C object esp-idf/soc/CMakeFiles/__idf_soc.dir/esp32s3/temperature_sensor_periph.c.obj[0m
[16.397s] [ 83%] [32mBuilding C object esp-idf/soc/CMakeFiles/__idf_soc.dir/esp32s3/timer_periph.c.obj[0m
[16.398s] [ 84%] [32mBuilding C object esp-idf/soc/CMakeFiles/__idf_soc.dir/esp32s3/lcd_periph.c.obj[0m
[16.403s] [ 14%] [32mBuilding C object esp-idf/wpa_supplicant/CMakeFiles/__idf_wpa_supplicant.dir/esp_supplicant/src/esp_wpa2_api_port.c.obj[0m
[16.438s] [ 85%] [32mBuilding C object esp-idf/soc/CMakeFiles/__idf_soc.dir/esp32s3/mcpwm_periph.c.obj[0m
[16.443s] [ 14%] [32mBuilding C object esp-idf/wpa_supplicant/CMakeFiles/__idf_wpa_supplicant.dir/esp_supplicant/src/esp_wpa_main.c.obj[0m
[16.469s] [ 14%] [32mBuilding C object esp-idf/wpa_supplicant/CMakeFiles/__idf_wpa_supplicant.dir/esp_supplicant/src/esp_wpas_glue.c.obj[0m
[16.474s] [ 15%] [32mBuilding C object esp-idf/wpa_supplicant/CMakeFiles/__idf_wpa_supplicant.dir/esp_supplicant/src/esp_common.c.obj[0m
[16.481s] [ 86%] [32mBuilding C object esp-idf/soc/CMakeFiles/__idf_soc.dir/esp32s3/sdmmc_periph.c.obj[0m
[16.523s] [ 87%] [32mBuilding C object esp-idf/soc/CMakeFiles/__idf_soc.dir/esp32s3/touch_sensor_periph.c.obj[0m
[16.575s] [ 87%] [32mBuilding C object esp-idf/soc/CMakeFiles/__idf_soc.dir/esp32s3/twai_periph.c.obj[0m
[16.577s] [ 88%] [32mBuilding C object esp-idf/soc/CMakeFiles/__idf_soc.dir/esp32s3/usb_periph.c.obj[0m
[16.579s] [ 15%] [32mBuilding C object esp-idf/wpa_supplicant/CMakeFiles/__idf_wpa_supplicant.dir/esp_supplicant/src/esp_wps.c.obj[0m
[16.581s] [ 89%] [32mBuilding C object esp-idf/soc/CMakeFiles/__idf_soc.dir/esp32s3/usb_otg_periph.c.obj[0m
[16.608s] [ 90%] [32mBuilding C object esp-idf/soc/CMakeFiles/__idf_soc.dir/esp32s3/rtc_io_periph.c.obj[0m
[16.613s] [ 15%] [32mBuilding C object esp-idf/wpa_supplicant/CMakeFiles/__idf_wpa_supplicant.dir/esp_supplicant/src/esp_wpa3.c.obj[0m
[16.624s] [ 15%] [32mBuilding C object esp-idf/wpa_supplicant/CMakeFiles/__idf_wpa_supplicant.dir/esp_supplicant/src/esp_owe.c.obj[0m
[16.656s] [ 91%] [32m[1mLinking C static library libsoc.a[0m
[16.715s] [ 15%] [32mBuilding C object esp-idf/wpa_supplicant/CMakeFiles/__idf_wpa_supplicant.dir/esp_supplicant/src/esp_hostap.c.obj[0m
[16.723s] [ 91%] Built target __idf_soc
[16.755s] [ 92%] [32mBuilding C object esp-idf/xtensa/CMakeFiles/__idf_xtensa.dir/eri.c.obj[0m
[16.777s] [ 15%] [32mBuilding C object esp-idf/wpa_supplicant/CMakeFiles/__idf_wpa_supplicant.dir/esp_supplicant/src/crypto/tls_mbedtls.c.obj[0m
[16.793s] [ 93%] [32mBuilding C object esp-idf/xtensa/CMakeFiles/__idf_xtensa.dir/xt_trax.c.obj[0m
[16.840s] [ 15%] [32mBuilding C object esp-idf/wpa_supplicant/CMakeFiles/__idf_wpa_supplicant.dir/esp_supplicant/src/crypto/fastpbkdf2.c.obj[0m
[16.849s] [ 93%] [32m[1mLinking C static library libxtensa.a[0m
[16.881s] [ 15%] [32mBuilding C object esp-idf/wpa_supplicant/CMakeFiles/__idf_wpa_supplicant.dir/esp_supplicant/src/crypto/crypto_mbedtls.c.obj[0m
[16.899s] [ 93%] Built target __idf_xtensa
[16.928s] [ 94%] [32mBuilding C object esp-idf/main/CMakeFiles/__idf_main.dir/bootloader_start.c.obj[0m
[16.934s] [ 15%] [32mBuilding C object esp-idf/wpa_supplicant/CMakeFiles/__idf_wpa_supplicant.dir/esp_supplicant/src/crypto/crypto_mbedtls-bignum.c.obj[0m
[16.967s] [ 15%] [32mBuilding C object esp-idf/wpa_supplicant/CMakeFiles/__idf_wpa_supplicant.dir/esp_supplicant/src/crypto/crypto_mbedtls-rsa.c.obj[0m
[16.982s] [ 95%] [32m[1mLinking C static library libmain.a[0m
[17.029s] [ 16%] [32mBuilding C object esp-idf/wpa_supplicant/CMakeFiles/__idf_wpa_supplicant.dir/esp_supplicant/src/crypto/crypto_mbedtls-ec.c.obj[0m
[17.030s] [ 95%] Built target __idf_main
[17.059s] [ 16%] [32mBuilding C object esp-idf/wpa_supplicant/CMakeFiles/__idf_wpa_supplicant.dir/src/crypto/rc4.c.obj[0m
[17.066s] [ 96%] [32mBuilding C object CMakeFiles/bootloader.elf.dir/project_elf_src_esp32s3.c.obj[0m
[17.087s] [ 97%] [32m[1mLinking C executable bootloader.elf[0m
[17.108s] [ 16%] [32mBuilding C object esp-idf/wpa_supplicant/CMakeFiles/__idf_wpa_supplicant.dir/src/crypto/des-internal.c.obj[0m
[17.148s] [ 16%] [32mBuilding C object esp-idf/wpa_supplicant/CMakeFiles/__idf_wpa_supplicant.dir/src/crypto/aes-wrap.c.obj[0m
[17.220s] [ 98%] Built target bootloader.elf
[17.238s] [ 16%] [32mBuilding C object esp-idf/wpa_supplicant/CMakeFiles/__idf_wpa_supplicant.dir/src/crypto/aes-unwrap.c.obj[0m
[17.238s] [ 16%] [32mBuilding C object esp-idf/wpa_supplicant/CMakeFiles/__idf_wpa_supplicant.dir/src/crypto/aes-ccm.c.obj[0m
[17.246s] [100%] [34m[1mGenerating binary image from built executable[0m
[17.330s] esptool.py v4.8.1
[17.330s] Creating esp32s3 image...
[17.330s] Merged 1 ELF section
[17.331s] Successfully created esp32s3 image.
[17.335s] [ 16%] [32m[1mLinking C static library libwpa_supplicant.a[0m
[17.349s] Generated /home/micu/esp/mycode/micu_ros_car/build/micu_ros_car/bootloader/bootloader.bin
[17.372s] [100%] Built target gen_project_binary
[17.419s] Bootloader binary size 0x51b0 bytes. 0x2e50 bytes (36%) free.
[17.434s] [100%] Built target bootloader_check_size
[17.455s] [ 16%] Built target __idf_wpa_supplicant
[17.465s] [100%] Built target app
[17.489s] [ 16%] [32mBuilding C object esp-idf/esp_netif/CMakeFiles/__idf_esp_netif.dir/esp_netif_handlers.c.obj[0m
[17.495s] [ 17%] [32mBuilding C object esp-idf/esp_netif/CMakeFiles/__idf_esp_netif.dir/esp_netif_objects.c.obj[0m
[17.498s] [ 17%] [32mBuilding C object esp-idf/esp_netif/CMakeFiles/__idf_esp_netif.dir/esp_netif_defaults.c.obj[0m
[17.498s] [ 17%] [34m[1mNo install step for 'bootloader'[0m
[17.537s] [ 17%] [34m[1mCompleted 'bootloader'[0m
[17.565s] [ 17%] [32mBuilding C object esp-idf/esp_netif/CMakeFiles/__idf_esp_netif.dir/lwip/esp_netif_lwip.c.obj[0m
[17.585s] [ 17%] [32mBuilding C object esp-idf/esp_netif/CMakeFiles/__idf_esp_netif.dir/lwip/esp_netif_sntp.c.obj[0m
[17.585s] [ 17%] [32mBuilding C object esp-idf/esp_netif/CMakeFiles/__idf_esp_netif.dir/lwip/esp_netif_lwip_defaults.c.obj[0m
[17.596s] [ 17%] Built target bootloader
[17.612s] [ 17%] [32mBuilding C object esp-idf/esp_netif/CMakeFiles/__idf_esp_netif.dir/lwip/netif/wlanif.c.obj[0m
[17.676s] [ 17%] [32mBuilding C object esp-idf/esp_netif/CMakeFiles/__idf_esp_netif.dir/lwip/netif/ethernetif.c.obj[0m
[17.695s] [ 17%] [32mBuilding C object esp-idf/esp_netif/CMakeFiles/__idf_esp_netif.dir/lwip/netif/esp_pbuf_ref.c.obj[0m
[17.886s] [ 17%] [32m[1mLinking C static library libesp_netif.a[0m
[17.935s] [ 17%] Built target __idf_esp_netif
[17.970s] [ 18%] [32mBuilding C object esp-idf/lwip/CMakeFiles/__idf_lwip.dir/apps/sntp/sntp.c.obj[0m
[17.970s] [ 18%] [32mBuilding C object esp-idf/lwip/CMakeFiles/__idf_lwip.dir/lwip/src/api/api_msg.c.obj[0m
[17.971s] [ 18%] [32mBuilding C object esp-idf/lwip/CMakeFiles/__idf_lwip.dir/lwip/src/api/api_lib.c.obj[0m
[17.971s] [ 18%] [32mBuilding C object esp-idf/lwip/CMakeFiles/__idf_lwip.dir/lwip/src/api/err.c.obj[0m
[18.068s] [ 18%] [32mBuilding C object esp-idf/lwip/CMakeFiles/__idf_lwip.dir/lwip/src/api/if_api.c.obj[0m
[18.081s] [ 18%] [32mBuilding C object esp-idf/lwip/CMakeFiles/__idf_lwip.dir/lwip/src/api/netbuf.c.obj[0m
[18.139s] [ 18%] [32mBuilding C object esp-idf/lwip/CMakeFiles/__idf_lwip.dir/lwip/src/api/netdb.c.obj[0m
[18.153s] [ 18%] [32mBuilding C object esp-idf/lwip/CMakeFiles/__idf_lwip.dir/lwip/src/api/netifapi.c.obj[0m
[18.166s] [ 18%] [32mBuilding C object esp-idf/lwip/CMakeFiles/__idf_lwip.dir/lwip/src/api/sockets.c.obj[0m
[18.235s] [ 18%] [32mBuilding C object esp-idf/lwip/CMakeFiles/__idf_lwip.dir/lwip/src/api/tcpip.c.obj[0m
[18.240s] [ 19%] [32mBuilding C object esp-idf/lwip/CMakeFiles/__idf_lwip.dir/lwip/src/apps/sntp/sntp.c.obj[0m
[18.245s] [ 19%] [32mBuilding C object esp-idf/lwip/CMakeFiles/__idf_lwip.dir/lwip/src/apps/netbiosns/netbiosns.c.obj[0m
[18.344s] [ 19%] [32mBuilding C object esp-idf/lwip/CMakeFiles/__idf_lwip.dir/lwip/src/core/def.c.obj[0m
[18.350s] [ 19%] [32mBuilding C object esp-idf/lwip/CMakeFiles/__idf_lwip.dir/lwip/src/core/dns.c.obj[0m
[18.360s] [ 19%] [32mBuilding C object esp-idf/lwip/CMakeFiles/__idf_lwip.dir/lwip/src/core/inet_chksum.c.obj[0m
[18.431s] [ 19%] [32mBuilding C object esp-idf/lwip/CMakeFiles/__idf_lwip.dir/lwip/src/core/init.c.obj[0m
[18.512s] [ 19%] [32mBuilding C object esp-idf/lwip/CMakeFiles/__idf_lwip.dir/lwip/src/core/ip.c.obj[0m
[18.533s] [ 19%] [32mBuilding C object esp-idf/lwip/CMakeFiles/__idf_lwip.dir/lwip/src/core/mem.c.obj[0m
[18.556s] [ 19%] [32mBuilding C object esp-idf/lwip/CMakeFiles/__idf_lwip.dir/lwip/src/core/memp.c.obj[0m
[18.571s] [ 19%] [32mBuilding C object esp-idf/lwip/CMakeFiles/__idf_lwip.dir/lwip/src/core/netif.c.obj[0m
[18.613s] [ 20%] [32mBuilding C object esp-idf/lwip/CMakeFiles/__idf_lwip.dir/lwip/src/core/pbuf.c.obj[0m
[18.617s] [ 20%] [32mBuilding C object esp-idf/lwip/CMakeFiles/__idf_lwip.dir/lwip/src/core/raw.c.obj[0m
[18.659s] [ 20%] [32mBuilding C object esp-idf/lwip/CMakeFiles/__idf_lwip.dir/lwip/src/core/stats.c.obj[0m
[18.741s] [ 20%] [32mBuilding C object esp-idf/lwip/CMakeFiles/__idf_lwip.dir/lwip/src/core/sys.c.obj[0m
[18.743s] [ 20%] [32mBuilding C object esp-idf/lwip/CMakeFiles/__idf_lwip.dir/lwip/src/core/tcp.c.obj[0m
[18.764s] [ 20%] [32mBuilding C object esp-idf/lwip/CMakeFiles/__idf_lwip.dir/lwip/src/core/tcp_in.c.obj[0m
[18.772s] [ 20%] [32mBuilding C object esp-idf/lwip/CMakeFiles/__idf_lwip.dir/lwip/src/core/tcp_out.c.obj[0m
[18.820s] [ 20%] [32mBuilding C object esp-idf/lwip/CMakeFiles/__idf_lwip.dir/lwip/src/core/timeouts.c.obj[0m
[18.932s] [ 20%] [32mBuilding C object esp-idf/lwip/CMakeFiles/__idf_lwip.dir/lwip/src/core/udp.c.obj[0m
[18.973s] [ 20%] [32mBuilding C object esp-idf/lwip/CMakeFiles/__idf_lwip.dir/lwip/src/core/ipv4/autoip.c.obj[0m
[19.004s] [ 21%] [32mBuilding C object esp-idf/lwip/CMakeFiles/__idf_lwip.dir/lwip/src/core/ipv4/dhcp.c.obj[0m
[19.007s] [ 21%] [32mBuilding C object esp-idf/lwip/CMakeFiles/__idf_lwip.dir/lwip/src/core/ipv4/etharp.c.obj[0m
[19.050s] [ 21%] [32mBuilding C object esp-idf/lwip/CMakeFiles/__idf_lwip.dir/lwip/src/core/ipv4/icmp.c.obj[0m
[19.130s] [ 21%] [32mBuilding C object esp-idf/lwip/CMakeFiles/__idf_lwip.dir/lwip/src/core/ipv4/igmp.c.obj[0m
[19.157s] [ 21%] [32mBuilding C object esp-idf/lwip/CMakeFiles/__idf_lwip.dir/lwip/src/core/ipv4/ip4.c.obj[0m
[19.170s] [ 21%] [32mBuilding C object esp-idf/lwip/CMakeFiles/__idf_lwip.dir/lwip/src/core/ipv4/ip4_napt.c.obj[0m
[19.236s] [ 21%] [32mBuilding C object esp-idf/lwip/CMakeFiles/__idf_lwip.dir/lwip/src/core/ipv4/ip4_addr.c.obj[0m
[19.258s] [ 21%] [32mBuilding C object esp-idf/lwip/CMakeFiles/__idf_lwip.dir/lwip/src/core/ipv4/ip4_frag.c.obj[0m
[19.259s] [ 21%] [32mBuilding C object esp-idf/lwip/CMakeFiles/__idf_lwip.dir/lwip/src/core/ipv6/dhcp6.c.obj[0m
[19.314s] [ 21%] [32mBuilding C object esp-idf/lwip/CMakeFiles/__idf_lwip.dir/lwip/src/core/ipv6/ethip6.c.obj[0m
[19.340s] [ 22%] [32mBuilding C object esp-idf/lwip/CMakeFiles/__idf_lwip.dir/lwip/src/core/ipv6/icmp6.c.obj[0m
[19.340s] [ 22%] [32mBuilding C object esp-idf/lwip/CMakeFiles/__idf_lwip.dir/lwip/src/core/ipv6/inet6.c.obj[0m
[19.358s] [ 22%] [32mBuilding C object esp-idf/lwip/CMakeFiles/__idf_lwip.dir/lwip/src/core/ipv6/ip6.c.obj[0m
[19.397s] [ 22%] [32mBuilding C object esp-idf/lwip/CMakeFiles/__idf_lwip.dir/lwip/src/core/ipv6/ip6_addr.c.obj[0m
[19.428s] [ 22%] [32mBuilding C object esp-idf/lwip/CMakeFiles/__idf_lwip.dir/lwip/src/core/ipv6/ip6_frag.c.obj[0m
[19.445s] [ 22%] [32mBuilding C object esp-idf/lwip/CMakeFiles/__idf_lwip.dir/lwip/src/core/ipv6/mld6.c.obj[0m
[19.500s] [ 22%] [32mBuilding C object esp-idf/lwip/CMakeFiles/__idf_lwip.dir/lwip/src/core/ipv6/nd6.c.obj[0m
[19.534s] [ 22%] [32mBuilding C object esp-idf/lwip/CMakeFiles/__idf_lwip.dir/lwip/src/netif/ethernet.c.obj[0m
[19.539s] [ 22%] [32mBuilding C object esp-idf/lwip/CMakeFiles/__idf_lwip.dir/lwip/src/netif/bridgeif.c.obj[0m
[19.575s] [ 22%] [32mBuilding C object esp-idf/lwip/CMakeFiles/__idf_lwip.dir/lwip/src/netif/bridgeif_fdb.c.obj[0m
[19.618s] [ 23%] [32mBuilding C object esp-idf/lwip/CMakeFiles/__idf_lwip.dir/lwip/src/netif/slipif.c.obj[0m
[19.630s] [ 23%] [32mBuilding C object esp-idf/lwip/CMakeFiles/__idf_lwip.dir/lwip/src/netif/ppp/auth.c.obj[0m
[19.671s] [ 23%] [32mBuilding C object esp-idf/lwip/CMakeFiles/__idf_lwip.dir/lwip/src/netif/ppp/ccp.c.obj[0m
[19.703s] [ 23%] [32mBuilding C object esp-idf/lwip/CMakeFiles/__idf_lwip.dir/lwip/src/netif/ppp/chap-md5.c.obj[0m
[19.712s] [ 23%] [32mBuilding C object esp-idf/lwip/CMakeFiles/__idf_lwip.dir/lwip/src/netif/ppp/chap-new.c.obj[0m
[19.742s] [ 23%] [32mBuilding C object esp-idf/lwip/CMakeFiles/__idf_lwip.dir/lwip/src/netif/ppp/chap_ms.c.obj[0m
[19.776s] [ 23%] [32mBuilding C object esp-idf/lwip/CMakeFiles/__idf_lwip.dir/lwip/src/netif/ppp/demand.c.obj[0m
[19.780s] [ 23%] [32mBuilding C object esp-idf/lwip/CMakeFiles/__idf_lwip.dir/lwip/src/netif/ppp/eap.c.obj[0m
[19.798s] [ 23%] [32mBuilding C object esp-idf/lwip/CMakeFiles/__idf_lwip.dir/lwip/src/netif/ppp/ecp.c.obj[0m
[19.830s] [ 23%] [32mBuilding C object esp-idf/lwip/CMakeFiles/__idf_lwip.dir/lwip/src/netif/ppp/eui64.c.obj[0m
[19.855s] [ 24%] [32mBuilding C object esp-idf/lwip/CMakeFiles/__idf_lwip.dir/lwip/src/netif/ppp/fsm.c.obj[0m
[19.856s] [ 24%] [32mBuilding C object esp-idf/lwip/CMakeFiles/__idf_lwip.dir/lwip/src/netif/ppp/ipcp.c.obj[0m
[19.859s] [ 24%] [32mBuilding C object esp-idf/lwip/CMakeFiles/__idf_lwip.dir/lwip/src/netif/ppp/ipv6cp.c.obj[0m
[19.907s] [ 24%] [32mBuilding C object esp-idf/lwip/CMakeFiles/__idf_lwip.dir/lwip/src/netif/ppp/lcp.c.obj[0m
[19.931s] [ 24%] [32mBuilding C object esp-idf/lwip/CMakeFiles/__idf_lwip.dir/lwip/src/netif/ppp/magic.c.obj[0m
[19.933s] [ 24%] [32mBuilding C object esp-idf/lwip/CMakeFiles/__idf_lwip.dir/lwip/src/netif/ppp/mppe.c.obj[0m
[19.938s] [ 24%] [32mBuilding C object esp-idf/lwip/CMakeFiles/__idf_lwip.dir/lwip/src/netif/ppp/multilink.c.obj[0m
[19.995s] [ 24%] [32mBuilding C object esp-idf/lwip/CMakeFiles/__idf_lwip.dir/lwip/src/netif/ppp/ppp.c.obj[0m
[20.008s] [ 24%] [32mBuilding C object esp-idf/lwip/CMakeFiles/__idf_lwip.dir/lwip/src/netif/ppp/pppapi.c.obj[0m
[20.017s] [ 24%] [32mBuilding C object esp-idf/lwip/CMakeFiles/__idf_lwip.dir/lwip/src/netif/ppp/pppcrypt.c.obj[0m
[20.020s] [ 25%] [32mBuilding C object esp-idf/lwip/CMakeFiles/__idf_lwip.dir/lwip/src/netif/ppp/pppoe.c.obj[0m
[20.077s] [ 25%] [32mBuilding C object esp-idf/lwip/CMakeFiles/__idf_lwip.dir/lwip/src/netif/ppp/pppol2tp.c.obj[0m
[20.101s] [ 25%] [32mBuilding C object esp-idf/lwip/CMakeFiles/__idf_lwip.dir/lwip/src/netif/ppp/pppos.c.obj[0m
[20.112s] [ 25%] [32mBuilding C object esp-idf/lwip/CMakeFiles/__idf_lwip.dir/lwip/src/netif/ppp/upap.c.obj[0m
[20.117s] [ 25%] [32mBuilding C object esp-idf/lwip/CMakeFiles/__idf_lwip.dir/lwip/src/netif/ppp/utils.c.obj[0m
[20.163s] [ 25%] [32mBuilding C object esp-idf/lwip/CMakeFiles/__idf_lwip.dir/lwip/src/netif/ppp/vj.c.obj[0m
[20.173s] [ 25%] [32mBuilding C object esp-idf/lwip/CMakeFiles/__idf_lwip.dir/port/hooks/tcp_isn_default.c.obj[0m
[20.190s] [ 25%] [32mBuilding C object esp-idf/lwip/CMakeFiles/__idf_lwip.dir/port/hooks/lwip_default_hooks.c.obj[0m
[20.217s] [ 25%] [32mBuilding C object esp-idf/lwip/CMakeFiles/__idf_lwip.dir/port/debug/lwip_debug.c.obj[0m
[20.244s] [ 25%] [32mBuilding C object esp-idf/lwip/CMakeFiles/__idf_lwip.dir/port/sockets_ext.c.obj[0m
[20.268s] [ 26%] [32mBuilding C object esp-idf/lwip/CMakeFiles/__idf_lwip.dir/port/freertos/sys_arch.c.obj[0m
[20.303s] [ 26%] [32mBuilding C object esp-idf/lwip/CMakeFiles/__idf_lwip.dir/port/esp32xx/vfs_lwip.c.obj[0m
[20.344s] [ 26%] [32mBuilding C object esp-idf/lwip/CMakeFiles/__idf_lwip.dir/apps/ping/esp_ping.c.obj[0m
[20.350s] [ 26%] [32mBuilding C object esp-idf/lwip/CMakeFiles/__idf_lwip.dir/apps/ping/ping.c.obj[0m
[20.387s] [ 26%] [32mBuilding C object esp-idf/lwip/CMakeFiles/__idf_lwip.dir/apps/ping/ping_sock.c.obj[0m
[20.409s] [ 26%] [32mBuilding C object esp-idf/lwip/CMakeFiles/__idf_lwip.dir/apps/dhcpserver/dhcpserver.c.obj[0m
[20.569s] [ 26%] [32m[1mLinking C static library liblwip.a[0m
[20.666s] [ 26%] Built target __idf_lwip
[20.695s] [ 26%] [32mBuilding C object esp-idf/vfs/CMakeFiles/__idf_vfs.dir/vfs_semihost.c.obj[0m
[20.695s] [ 26%] [32mBuilding C object esp-idf/vfs/CMakeFiles/__idf_vfs.dir/vfs_uart.c.obj[0m
[20.697s] [ 27%] [32mBuilding C object esp-idf/vfs/CMakeFiles/__idf_vfs.dir/vfs.c.obj[0m
[20.697s] [ 27%] [32mBuilding C object esp-idf/vfs/CMakeFiles/__idf_vfs.dir/vfs_eventfd.c.obj[0m
[20.827s] [ 27%] [32mBuilding C object esp-idf/vfs/CMakeFiles/__idf_vfs.dir/vfs_console.c.obj[0m
[20.881s] [ 27%] [32mBuilding C object esp-idf/vfs/CMakeFiles/__idf_vfs.dir/vfs_usb_serial_jtag.c.obj[0m
[20.984s] [ 27%] [32m[1mLinking C static library libvfs.a[0m
[21.037s] [ 27%] Built target __idf_vfs
[21.067s] [ 27%] [32mBuilding C object esp-idf/esp_phy/CMakeFiles/__idf_esp_phy.dir/src/phy_init.c.obj[0m
[21.067s] [ 27%] [32mBuilding C object esp-idf/esp_phy/CMakeFiles/__idf_esp_phy.dir/src/lib_printf.c.obj[0m
[21.070s] [ 27%] [32mBuilding C object esp-idf/esp_phy/CMakeFiles/__idf_esp_phy.dir/src/phy_override.c.obj[0m
[21.070s] [ 27%] [32mBuilding C object esp-idf/esp_phy/CMakeFiles/__idf_esp_phy.dir/src/phy_common.c.obj[0m
[21.127s] [ 27%] [32mBuilding C object esp-idf/esp_phy/CMakeFiles/__idf_esp_phy.dir/src/btbb_init.c.obj[0m
[21.210s] [ 27%] [32m[1mLinking C static library libesp_phy.a[0m
[21.256s] [ 27%] Built target __idf_esp_phy
[21.286s] [ 27%] [32mBuilding CXX object esp-idf/nvs_flash/CMakeFiles/__idf_nvs_flash.dir/src/nvs_page.cpp.obj[0m
[21.287s] [ 27%] [32mBuilding CXX object esp-idf/nvs_flash/CMakeFiles/__idf_nvs_flash.dir/src/nvs_cxx_api.cpp.obj[0m
[21.287s] [ 27%] [32mBuilding CXX object esp-idf/nvs_flash/CMakeFiles/__idf_nvs_flash.dir/src/nvs_api.cpp.obj[0m
[21.287s] [ 27%] [32mBuilding CXX object esp-idf/nvs_flash/CMakeFiles/__idf_nvs_flash.dir/src/nvs_item_hash_list.cpp.obj[0m
[22.025s] [ 27%] [32mBuilding CXX object esp-idf/nvs_flash/CMakeFiles/__idf_nvs_flash.dir/src/nvs_pagemanager.cpp.obj[0m
[22.226s] [ 28%] [32mBuilding CXX object esp-idf/nvs_flash/CMakeFiles/__idf_nvs_flash.dir/src/nvs_storage.cpp.obj[0m
[22.251s] [ 28%] [32mBuilding CXX object esp-idf/nvs_flash/CMakeFiles/__idf_nvs_flash.dir/src/nvs_handle_simple.cpp.obj[0m
[22.504s] [ 28%] [32mBuilding CXX object esp-idf/nvs_flash/CMakeFiles/__idf_nvs_flash.dir/src/nvs_handle_locked.cpp.obj[0m
[22.909s] [ 28%] [32mBuilding CXX object esp-idf/nvs_flash/CMakeFiles/__idf_nvs_flash.dir/src/nvs_partition.cpp.obj[0m
[23.065s] [ 28%] [32mBuilding CXX object esp-idf/nvs_flash/CMakeFiles/__idf_nvs_flash.dir/src/nvs_partition_lookup.cpp.obj[0m
[23.193s] [ 28%] [32mBuilding CXX object esp-idf/nvs_flash/CMakeFiles/__idf_nvs_flash.dir/src/nvs_partition_manager.cpp.obj[0m
[23.252s] [ 28%] [32mBuilding CXX object esp-idf/nvs_flash/CMakeFiles/__idf_nvs_flash.dir/src/nvs_types.cpp.obj[0m
[23.890s] [ 28%] [32m[1mLinking C static library libnvs_flash.a[0m
[23.949s] [ 28%] Built target __idf_nvs_flash
[23.975s] [ 28%] [32mBuilding C object esp-idf/esp_event/CMakeFiles/__idf_esp_event.dir/default_event_loop.c.obj[0m
[23.975s] [ 28%] [32mBuilding C object esp-idf/esp_event/CMakeFiles/__idf_esp_event.dir/esp_event.c.obj[0m
[23.977s] [ 28%] [32mBuilding C object esp-idf/esp_event/CMakeFiles/__idf_esp_event.dir/esp_event_private.c.obj[0m
[24.121s] [ 28%] [32m[1mLinking C static library libesp_event.a[0m
[24.161s] [ 28%] Built target __idf_esp_event
[24.190s] [ 28%] [32mBuilding C object esp-idf/esp_timer/CMakeFiles/__idf_esp_timer.dir/src/system_time.c.obj[0m
[24.191s] [ 28%] [32mBuilding C object esp-idf/esp_timer/CMakeFiles/__idf_esp_timer.dir/src/esp_timer.c.obj[0m
[24.191s] [ 28%] [32mBuilding C object esp-idf/esp_timer/CMakeFiles/__idf_esp_timer.dir/src/esp_timer_impl_common.c.obj[0m
[24.194s] [ 28%] [32mBuilding C object esp-idf/esp_timer/CMakeFiles/__idf_esp_timer.dir/src/ets_timer_legacy.c.obj[0m
[24.254s] [ 28%] [32mBuilding C object esp-idf/esp_timer/CMakeFiles/__idf_esp_timer.dir/src/esp_timer_impl_systimer.c.obj[0m
[24.331s] [ 28%] [32m[1mLinking C static library libesp_timer.a[0m
[24.373s] [ 28%] Built target __idf_esp_timer
[24.399s] [ 29%] [32mBuilding C object esp-idf/esp_common/CMakeFiles/__idf_esp_common.dir/src/esp_err_to_name.c.obj[0m
[24.511s] [ 29%] [32m[1mLinking C static library libesp_common.a[0m
[24.552s] [ 29%] Built target __idf_esp_common
[24.576s] [ 29%] [32mBuilding CXX object esp-idf/cxx/CMakeFiles/__idf_cxx.dir/cxx_exception_stubs.cpp.obj[0m
[24.576s] [ 29%] [32mBuilding CXX object esp-idf/cxx/CMakeFiles/__idf_cxx.dir/cxx_guards.cpp.obj[0m
[24.800s] [ 29%] [32m[1mLinking C static library libcxx.a[0m
[24.843s] [ 29%] Built target __idf_cxx
[24.870s] [ 29%] [32mBuilding C object esp-idf/newlib/CMakeFiles/__idf_newlib.dir/assert.c.obj[0m
[24.870s] [ 30%] [32mBuilding C object esp-idf/newlib/CMakeFiles/__idf_newlib.dir/heap.c.obj[0m
[24.870s] [ 30%] [32mBuilding C object esp-idf/newlib/CMakeFiles/__idf_newlib.dir/abort.c.obj[0m
[24.870s] [ 30%] [32mBuilding C object esp-idf/newlib/CMakeFiles/__idf_newlib.dir/locks.c.obj[0m
[24.927s] [ 30%] [32mBuilding C object esp-idf/newlib/CMakeFiles/__idf_newlib.dir/poll.c.obj[0m
[24.931s] [ 30%] [32mBuilding C object esp-idf/newlib/CMakeFiles/__idf_newlib.dir/pthread.c.obj[0m
[24.937s] [ 30%] [32mBuilding C object esp-idf/newlib/CMakeFiles/__idf_newlib.dir/random.c.obj[0m
[24.966s] [ 30%] [32mBuilding C object esp-idf/newlib/CMakeFiles/__idf_newlib.dir/reent_init.c.obj[0m
[24.979s] [ 30%] [32mBuilding C object esp-idf/newlib/CMakeFiles/__idf_newlib.dir/newlib_init.c.obj[0m
[24.982s] [ 30%] [32mBuilding C object esp-idf/newlib/CMakeFiles/__idf_newlib.dir/syscalls.c.obj[0m
[24.985s] [ 30%] [32mBuilding C object esp-idf/newlib/CMakeFiles/__idf_newlib.dir/termios.c.obj[0m
[25.019s] [ 30%] [32mBuilding C object esp-idf/newlib/CMakeFiles/__idf_newlib.dir/stdatomic.c.obj[0m
[25.029s] [ 31%] [32mBuilding C object esp-idf/newlib/CMakeFiles/__idf_newlib.dir/time.c.obj[0m
[25.029s] [ 31%] [32mBuilding C object esp-idf/newlib/CMakeFiles/__idf_newlib.dir/sysconf.c.obj[0m
[25.046s] [ 31%] [32mBuilding C object esp-idf/newlib/CMakeFiles/__idf_newlib.dir/realpath.c.obj[0m
[25.080s] [ 31%] [32mBuilding C object esp-idf/newlib/CMakeFiles/__idf_newlib.dir/port/esp_time_impl.c.obj[0m
[25.146s] [ 31%] [32m[1mLinking C static library libnewlib.a[0m
[25.194s] [ 31%] Built target __idf_newlib
[25.207s] [35m[1mScanning dependencies of target __idf_freertos[0m
[25.232s] [ 31%] [32mBuilding C object esp-idf/freertos/CMakeFiles/__idf_freertos.dir/FreeRTOS-Kernel/queue.c.obj[0m
[25.232s] [ 31%] [32mBuilding C object esp-idf/freertos/CMakeFiles/__idf_freertos.dir/esp_additions/idf_additions.c.obj[0m
[25.233s] [ 31%] [32mBuilding C object esp-idf/freertos/CMakeFiles/__idf_freertos.dir/heap_idf.c.obj[0m
[25.233s] [ 31%] [32mBuilding C object esp-idf/freertos/CMakeFiles/__idf_freertos.dir/FreeRTOS-Kernel/list.c.obj[0m
[25.298s] [ 31%] [32mBuilding C object esp-idf/freertos/CMakeFiles/__idf_freertos.dir/FreeRTOS-Kernel/tasks.c.obj[0m
[25.303s] [ 31%] [32mBuilding C object esp-idf/freertos/CMakeFiles/__idf_freertos.dir/FreeRTOS-Kernel/timers.c.obj[0m
[25.329s] [ 31%] [32mBuilding C object esp-idf/freertos/CMakeFiles/__idf_freertos.dir/FreeRTOS-Kernel/croutine.c.obj[0m
[25.401s] [ 32%] [32mBuilding C object esp-idf/freertos/CMakeFiles/__idf_freertos.dir/FreeRTOS-Kernel/event_groups.c.obj[0m
[25.419s] [ 32%] [32mBuilding C object esp-idf/freertos/CMakeFiles/__idf_freertos.dir/FreeRTOS-Kernel/stream_buffer.c.obj[0m
[25.432s] [ 32%] [32mBuilding C object esp-idf/freertos/CMakeFiles/__idf_freertos.dir/FreeRTOS-Kernel/portable/xtensa/port.c.obj[0m
[25.506s] [ 32%] [32mBuilding C object esp-idf/freertos/CMakeFiles/__idf_freertos.dir/app_startup.c.obj[0m
[25.562s] [ 32%] [32mBuilding C object esp-idf/freertos/CMakeFiles/__idf_freertos.dir/FreeRTOS-openocd.c.obj[0m
[25.565s] [ 32%] [32mBuilding C object esp-idf/freertos/CMakeFiles/__idf_freertos.dir/port_common.c.obj[0m
[25.579s] [ 32%] [32mBuilding ASM object esp-idf/freertos/CMakeFiles/__idf_freertos.dir/FreeRTOS-Kernel/portable/xtensa/portasm.S.obj[0m
[25.618s] [ 32%] [32mBuilding C object esp-idf/freertos/CMakeFiles/__idf_freertos.dir/esp_additions/freertos_v8_compat.c.obj[0m
[25.619s] [ 32%] [32mBuilding C object esp-idf/freertos/CMakeFiles/__idf_freertos.dir/FreeRTOS-Kernel/portable/port_systick.c.obj[0m
[25.636s] [ 32%] [32mBuilding ASM object esp-idf/freertos/CMakeFiles/__idf_freertos.dir/FreeRTOS-Kernel/portable/xtensa/xtensa_context.S.obj[0m
[25.660s] [ 33%] [32mBuilding C object esp-idf/freertos/CMakeFiles/__idf_freertos.dir/FreeRTOS-Kernel/portable/xtensa/xtensa_init.c.obj[0m
[25.673s] [ 33%] [32mBuilding C object esp-idf/freertos/CMakeFiles/__idf_freertos.dir/FreeRTOS-Kernel/portable/xtensa/xtensa_overlay_os_hook.c.obj[0m
[25.683s] [ 33%] [32mBuilding ASM object esp-idf/freertos/CMakeFiles/__idf_freertos.dir/FreeRTOS-Kernel/portable/xtensa/xtensa_vectors.S.obj[0m
[25.730s] [ 33%] [32m[1mLinking C static library libfreertos.a[0m
[25.786s] [ 33%] Built target __idf_freertos
[25.814s] [ 33%] [32mBuilding C object esp-idf/esp_hw_support/CMakeFiles/__idf_esp_hw_support.dir/esp_memory_utils.c.obj[0m
[25.814s] [ 33%] [32mBuilding C object esp-idf/esp_hw_support/CMakeFiles/__idf_esp_hw_support.dir/cpu.c.obj[0m
[25.814s] [ 33%] [32mBuilding C object esp-idf/esp_hw_support/CMakeFiles/__idf_esp_hw_support.dir/port/esp32s3/cpu_region_protect.c.obj[0m
[25.814s] [ 33%] [32mBuilding C object esp-idf/esp_hw_support/CMakeFiles/__idf_esp_hw_support.dir/esp_clk.c.obj[0m
[25.859s] [ 33%] [32mBuilding C object esp-idf/esp_hw_support/CMakeFiles/__idf_esp_hw_support.dir/hw_random.c.obj[0m
[25.861s] [ 34%] [32mBuilding C object esp-idf/esp_hw_support/CMakeFiles/__idf_esp_hw_support.dir/clk_ctrl_os.c.obj[0m
[25.897s] [ 34%] [32mBuilding C object esp-idf/esp_hw_support/CMakeFiles/__idf_esp_hw_support.dir/intr_alloc.c.obj[0m
[25.921s] [ 34%] [32mBuilding C object esp-idf/esp_hw_support/CMakeFiles/__idf_esp_hw_support.dir/mac_addr.c.obj[0m
[25.921s] [ 34%] [32mBuilding C object esp-idf/esp_hw_support/CMakeFiles/__idf_esp_hw_support.dir/periph_ctrl.c.obj[0m
[25.946s] [ 34%] [32mBuilding C object esp-idf/esp_hw_support/CMakeFiles/__idf_esp_hw_support.dir/revision.c.obj[0m
[25.999s] [ 34%] [32mBuilding C object esp-idf/esp_hw_support/CMakeFiles/__idf_esp_hw_support.dir/rtc_module.c.obj[0m
[26.013s] [ 34%] [32mBuilding C object esp-idf/esp_hw_support/CMakeFiles/__idf_esp_hw_support.dir/sleep_modes.c.obj[0m
[26.032s] [ 34%] [32mBuilding C object esp-idf/esp_hw_support/CMakeFiles/__idf_esp_hw_support.dir/sleep_gpio.c.obj[0m
[26.071s] [ 34%] [32mBuilding C object esp-idf/esp_hw_support/CMakeFiles/__idf_esp_hw_support.dir/sleep_modem.c.obj[0m
[26.111s] [ 35%] [32mBuilding C object esp-idf/esp_hw_support/CMakeFiles/__idf_esp_hw_support.dir/regi2c_ctrl.c.obj[0m
[26.143s] [ 35%] [32mBuilding C object esp-idf/esp_hw_support/CMakeFiles/__idf_esp_hw_support.dir/esp_gpio_reserve.c.obj[0m
[26.158s] [ 35%] [32mBuilding C object esp-idf/esp_hw_support/CMakeFiles/__idf_esp_hw_support.dir/sar_periph_ctrl_common.c.obj[0m
[26.177s] [ 35%] [32mBuilding C object esp-idf/esp_hw_support/CMakeFiles/__idf_esp_hw_support.dir/port/esp32s3/io_mux.c.obj[0m
[26.208s] [ 35%] [32mBuilding C object esp-idf/esp_hw_support/CMakeFiles/__idf_esp_hw_support.dir/port/esp32s3/esp_clk_tree.c.obj[0m
[26.223s] [ 35%] [32mBuilding C object esp-idf/esp_hw_support/CMakeFiles/__idf_esp_hw_support.dir/port/esp_clk_tree_common.c.obj[0m
[26.245s] [ 35%] [32mBuilding C object esp-idf/esp_hw_support/CMakeFiles/__idf_esp_hw_support.dir/adc_share_hw_ctrl.c.obj[0m
[26.284s] [ 35%] [32mBuilding C object esp-idf/esp_hw_support/CMakeFiles/__idf_esp_hw_support.dir/sleep_cpu.c.obj[0m
[26.296s] [ 35%] [32mBuilding C object esp-idf/esp_hw_support/CMakeFiles/__idf_esp_hw_support.dir/dma/gdma.c.obj[0m
[26.313s] [ 36%] [32mBuilding C object esp-idf/esp_hw_support/CMakeFiles/__idf_esp_hw_support.dir/dma/async_memcpy_impl_gdma.c.obj[0m
[26.354s] [ 36%] [32mBuilding C object esp-idf/esp_hw_support/CMakeFiles/__idf_esp_hw_support.dir/dma/esp_async_memcpy.c.obj[0m
[26.398s] [ 36%] [32mBuilding C object esp-idf/esp_hw_support/CMakeFiles/__idf_esp_hw_support.dir/port/esp32s3/systimer.c.obj[0m
[26.404s] [ 36%] [32mBuilding C object esp-idf/esp_hw_support/CMakeFiles/__idf_esp_hw_support.dir/esp_hmac.c.obj[0m
[26.433s] [ 36%] [32mBuilding C object esp-idf/esp_hw_support/CMakeFiles/__idf_esp_hw_support.dir/esp_ds.c.obj[0m
[26.461s] [ 36%] [32mBuilding C object esp-idf/esp_hw_support/CMakeFiles/__idf_esp_hw_support.dir/mspi_timing_tuning.c.obj[0m
[26.482s] [ 36%] [32mBuilding C object esp-idf/esp_hw_support/CMakeFiles/__idf_esp_hw_support.dir/port/esp32s3/mspi_timing_config.c.obj[0m
[26.498s] [ 36%] [32mBuilding C object esp-idf/esp_hw_support/CMakeFiles/__idf_esp_hw_support.dir/sleep_wake_stub.c.obj[0m
[26.519s] [ 36%] [32mBuilding C object esp-idf/esp_hw_support/CMakeFiles/__idf_esp_hw_support.dir/port/esp32s3/rtc_clk.c.obj[0m
[26.555s] [ 36%] [32mBuilding C object esp-idf/esp_hw_support/CMakeFiles/__idf_esp_hw_support.dir/port/esp32s3/rtc_clk_init.c.obj[0m
[26.570s] [ 37%] [32mBuilding C object esp-idf/esp_hw_support/CMakeFiles/__idf_esp_hw_support.dir/port/esp32s3/rtc_init.c.obj[0m
[26.579s] [ 37%] [32mBuilding C object esp-idf/esp_hw_support/CMakeFiles/__idf_esp_hw_support.dir/port/esp32s3/rtc_sleep.c.obj[0m
[26.628s] [ 37%] [32mBuilding C object esp-idf/esp_hw_support/CMakeFiles/__idf_esp_hw_support.dir/port/esp32s3/rtc_time.c.obj[0m
[26.651s] [ 37%] [32mBuilding C object esp-idf/esp_hw_support/CMakeFiles/__idf_esp_hw_support.dir/port/esp32s3/chip_info.c.obj[0m
[26.661s] [ 37%] [32mBuilding C object esp-idf/esp_hw_support/CMakeFiles/__idf_esp_hw_support.dir/port/esp32s3/esp_crypto_lock.c.obj[0m
[26.696s] [ 37%] [32mBuilding C object esp-idf/esp_hw_support/CMakeFiles/__idf_esp_hw_support.dir/port/esp32s3/esp_memprot.c.obj[0m
[26.697s] [ 37%] [32mBuilding C object esp-idf/esp_hw_support/CMakeFiles/__idf_esp_hw_support.dir/port/esp32s3/sar_periph_ctrl.c.obj[0m
[26.707s] [ 37%] [32mBuilding C object esp-idf/esp_hw_support/CMakeFiles/__idf_esp_hw_support.dir/port/esp_memprot_conv.c.obj[0m
[26.975s] [ 37%] [32m[1mLinking C static library libesp_hw_support.a[0m
[27.046s] [ 37%] Built target __idf_esp_hw_support
[27.076s] [ 37%] [32mBuilding C object esp-idf/soc/CMakeFiles/__idf_soc.dir/dport_access_common.c.obj[0m
[27.077s] [ 37%] [32mBuilding C object esp-idf/soc/CMakeFiles/__idf_soc.dir/lldesc.c.obj[0m
[27.077s] [ 37%] [32mBuilding C object esp-idf/soc/CMakeFiles/__idf_soc.dir/esp32s3/interrupts.c.obj[0m
[27.078s] [ 37%] [32mBuilding C object esp-idf/soc/CMakeFiles/__idf_soc.dir/esp32s3/gpio_periph.c.obj[0m
[27.117s] [ 37%] [32mBuilding C object esp-idf/soc/CMakeFiles/__idf_soc.dir/esp32s3/uart_periph.c.obj[0m
[27.124s] [ 37%] [32mBuilding C object esp-idf/soc/CMakeFiles/__idf_soc.dir/esp32s3/adc_periph.c.obj[0m
[27.127s] [ 37%] [32mBuilding C object esp-idf/soc/CMakeFiles/__idf_soc.dir/esp32s3/dedic_gpio_periph.c.obj[0m
[27.128s] [ 37%] [32mBuilding C object esp-idf/soc/CMakeFiles/__idf_soc.dir/esp32s3/gdma_periph.c.obj[0m
[27.159s] [ 38%] [32mBuilding C object esp-idf/soc/CMakeFiles/__idf_soc.dir/esp32s3/spi_periph.c.obj[0m
[27.161s] [ 38%] [32mBuilding C object esp-idf/soc/CMakeFiles/__idf_soc.dir/esp32s3/ledc_periph.c.obj[0m
[27.167s] [ 38%] [32mBuilding C object esp-idf/soc/CMakeFiles/__idf_soc.dir/esp32s3/pcnt_periph.c.obj[0m
[27.173s] [ 38%] [32mBuilding C object esp-idf/soc/CMakeFiles/__idf_soc.dir/esp32s3/rmt_periph.c.obj[0m
[27.204s] [ 38%] [32mBuilding C object esp-idf/soc/CMakeFiles/__idf_soc.dir/esp32s3/sdm_periph.c.obj[0m
[27.206s] [ 38%] [32mBuilding C object esp-idf/soc/CMakeFiles/__idf_soc.dir/esp32s3/i2s_periph.c.obj[0m
[27.212s] [ 38%] [32mBuilding C object esp-idf/soc/CMakeFiles/__idf_soc.dir/esp32s3/temperature_sensor_periph.c.obj[0m
[27.213s] [ 38%] [32mBuilding C object esp-idf/soc/CMakeFiles/__idf_soc.dir/esp32s3/i2c_periph.c.obj[0m
[27.233s] [ 38%] [32mBuilding C object esp-idf/soc/CMakeFiles/__idf_soc.dir/esp32s3/timer_periph.c.obj[0m
[27.238s] [ 38%] [32mBuilding C object esp-idf/soc/CMakeFiles/__idf_soc.dir/esp32s3/lcd_periph.c.obj[0m
[27.244s] [ 39%] [32mBuilding C object esp-idf/soc/CMakeFiles/__idf_soc.dir/esp32s3/mcpwm_periph.c.obj[0m
[27.250s] [ 39%] [32mBuilding C object esp-idf/soc/CMakeFiles/__idf_soc.dir/esp32s3/sdmmc_periph.c.obj[0m
[27.269s] [ 39%] [32mBuilding C object esp-idf/soc/CMakeFiles/__idf_soc.dir/esp32s3/touch_sensor_periph.c.obj[0m
[27.274s] [ 39%] [32mBuilding C object esp-idf/soc/CMakeFiles/__idf_soc.dir/esp32s3/twai_periph.c.obj[0m
[27.287s] [ 39%] [32mBuilding C object esp-idf/soc/CMakeFiles/__idf_soc.dir/esp32s3/usb_periph.c.obj[0m
[27.292s] [ 39%] [32mBuilding C object esp-idf/soc/CMakeFiles/__idf_soc.dir/esp32s3/usb_otg_periph.c.obj[0m
[27.315s] [ 39%] [32mBuilding C object esp-idf/soc/CMakeFiles/__idf_soc.dir/esp32s3/rtc_io_periph.c.obj[0m
[27.358s] [ 39%] [32m[1mLinking C static library libsoc.a[0m
[27.409s] [ 39%] Built target __idf_soc
[27.437s] [ 39%] [32mBuilding C object esp-idf/heap/CMakeFiles/__idf_heap.dir/heap_caps.c.obj[0m
[27.438s] [ 39%] [32mBuilding C object esp-idf/heap/CMakeFiles/__idf_heap.dir/multi_heap.c.obj[0m
[27.438s] [ 39%] [32mBuilding C object esp-idf/heap/CMakeFiles/__idf_heap.dir/heap_caps_init.c.obj[0m
[27.438s] [ 39%] [32mBuilding C object esp-idf/heap/CMakeFiles/__idf_heap.dir/tlsf/tlsf.c.obj[0m
[27.537s] [ 39%] [32mBuilding C object esp-idf/heap/CMakeFiles/__idf_heap.dir/port/memory_layout_utils.c.obj[0m
[27.539s] [ 40%] [32mBuilding C object esp-idf/heap/CMakeFiles/__idf_heap.dir/port/esp32s3/memory_layout.c.obj[0m
[27.684s] [ 40%] [32m[1mLinking C static library libheap.a[0m
[27.732s] [ 40%] Built target __idf_heap
[27.757s] [ 40%] [32mBuilding C object esp-idf/log/CMakeFiles/__idf_log.dir/log_buffers.c.obj[0m
[27.757s] [ 40%] [32mBuilding C object esp-idf/log/CMakeFiles/__idf_log.dir/log_freertos.c.obj[0m
[27.757s] [ 40%] [32mBuilding C object esp-idf/log/CMakeFiles/__idf_log.dir/log.c.obj[0m
[27.835s] [ 40%] [32m[1mLinking C static library liblog.a[0m
[27.878s] [ 40%] Built target __idf_log
[27.907s] [ 40%] [32mBuilding C object esp-idf/hal/CMakeFiles/__idf_hal.dir/mpu_hal.c.obj[0m
[27.907s] [ 40%] [32mBuilding C object esp-idf/hal/CMakeFiles/__idf_hal.dir/efuse_hal.c.obj[0m
[27.908s] [ 40%] [32mBuilding C object esp-idf/hal/CMakeFiles/__idf_hal.dir/esp32s3/efuse_hal.c.obj[0m
[27.909s] [ 40%] [32mBuilding C object esp-idf/hal/CMakeFiles/__idf_hal.dir/mmu_hal.c.obj[0m
[27.957s] [ 40%] [32mBuilding C object esp-idf/hal/CMakeFiles/__idf_hal.dir/cache_hal.c.obj[0m
[27.961s] [ 40%] [32mBuilding C object esp-idf/hal/CMakeFiles/__idf_hal.dir/rtc_io_hal.c.obj[0m
[27.974s] [ 41%] [32mBuilding C object esp-idf/hal/CMakeFiles/__idf_hal.dir/gpio_hal.c.obj[0m
[27.987s] [ 41%] [32mBuilding C object esp-idf/hal/CMakeFiles/__idf_hal.dir/uart_hal.c.obj[0m
[28.035s] [ 41%] [32mBuilding C object esp-idf/hal/CMakeFiles/__idf_hal.dir/uart_hal_iram.c.obj[0m
[28.040s] [ 41%] [32mBuilding C object esp-idf/hal/CMakeFiles/__idf_hal.dir/adc_hal_common.c.obj[0m
[28.042s] [ 41%] [32mBuilding C object esp-idf/hal/CMakeFiles/__idf_hal.dir/adc_oneshot_hal.c.obj[0m
[28.094s] [ 41%] [32mBuilding C object esp-idf/hal/CMakeFiles/__idf_hal.dir/esp32s3/clk_tree_hal.c.obj[0m
[28.102s] [ 41%] [32mBuilding C object esp-idf/hal/CMakeFiles/__idf_hal.dir/spi_flash_hal.c.obj[0m
[28.138s] [ 41%] [32mBuilding C object esp-idf/hal/CMakeFiles/__idf_hal.dir/spi_flash_hal_iram.c.obj[0m
[28.145s] [ 41%] [32mBuilding C object esp-idf/hal/CMakeFiles/__idf_hal.dir/spi_flash_encrypt_hal_iram.c.obj[0m
[28.168s] [ 41%] [32mBuilding C object esp-idf/hal/CMakeFiles/__idf_hal.dir/systimer_hal.c.obj[0m
[28.196s] [ 42%] [32mBuilding C object esp-idf/hal/CMakeFiles/__idf_hal.dir/timer_hal.c.obj[0m
[28.198s] [ 42%] [32mBuilding C object esp-idf/hal/CMakeFiles/__idf_hal.dir/ledc_hal.c.obj[0m
[28.238s] [ 42%] [32mBuilding C object esp-idf/hal/CMakeFiles/__idf_hal.dir/ledc_hal_iram.c.obj[0m
[28.255s] [ 42%] [32mBuilding C object esp-idf/hal/CMakeFiles/__idf_hal.dir/i2c_hal.c.obj[0m
[28.257s] [ 42%] [32mBuilding C object esp-idf/hal/CMakeFiles/__idf_hal.dir/i2c_hal_iram.c.obj[0m
[28.258s] [ 42%] [32mBuilding C object esp-idf/hal/CMakeFiles/__idf_hal.dir/rmt_hal.c.obj[0m
[28.304s] [ 42%] [32mBuilding C object esp-idf/hal/CMakeFiles/__idf_hal.dir/pcnt_hal.c.obj[0m
[28.317s] [ 42%] [32mBuilding C object esp-idf/hal/CMakeFiles/__idf_hal.dir/mcpwm_hal.c.obj[0m
[28.332s] [ 43%] [32mBuilding C object esp-idf/hal/CMakeFiles/__idf_hal.dir/twai_hal_iram.c.obj[0m
[28.332s] [ 43%] [32mBuilding C object esp-idf/hal/CMakeFiles/__idf_hal.dir/twai_hal.c.obj[0m
[28.352s] [ 43%] [32mBuilding C object esp-idf/hal/CMakeFiles/__idf_hal.dir/gdma_hal.c.obj[0m
[28.389s] [ 43%] [32mBuilding C object esp-idf/hal/CMakeFiles/__idf_hal.dir/i2s_hal.c.obj[0m
[28.396s] [ 43%] [32mBuilding C object esp-idf/hal/CMakeFiles/__idf_hal.dir/sdm_hal.c.obj[0m
[28.403s] [ 43%] [32mBuilding C object esp-idf/hal/CMakeFiles/__idf_hal.dir/adc_hal.c.obj[0m
[28.408s] [ 43%] [32mBuilding C object esp-idf/hal/CMakeFiles/__idf_hal.dir/lcd_hal.c.obj[0m
[28.445s] [ 43%] [32mBuilding C object esp-idf/hal/CMakeFiles/__idf_hal.dir/sha_hal.c.obj[0m
[28.475s] [ 43%] [32mBuilding C object esp-idf/hal/CMakeFiles/__idf_hal.dir/aes_hal.c.obj[0m
[28.516s] [ 43%] [32mBuilding C object esp-idf/hal/CMakeFiles/__idf_hal.dir/spi_hal.c.obj[0m
[28.517s] [ 43%] [32mBuilding C object esp-idf/hal/CMakeFiles/__idf_hal.dir/brownout_hal.c.obj[0m
[28.531s] [ 44%] [32mBuilding C object esp-idf/hal/CMakeFiles/__idf_hal.dir/spi_hal_iram.c.obj[0m
[28.549s] [ 44%] [32mBuilding C object esp-idf/hal/CMakeFiles/__idf_hal.dir/spi_slave_hal.c.obj[0m
[28.573s] [ 44%] [32mBuilding C object esp-idf/hal/CMakeFiles/__idf_hal.dir/spi_slave_hal_iram.c.obj[0m
[28.623s] [ 44%] [32mBuilding C object esp-idf/hal/CMakeFiles/__idf_hal.dir/spi_slave_hd_hal.c.obj[0m
[28.627s] [ 44%] [32mBuilding C object esp-idf/hal/CMakeFiles/__idf_hal.dir/hmac_hal.c.obj[0m
[28.657s] [ 44%] [32mBuilding C object esp-idf/hal/CMakeFiles/__idf_hal.dir/ds_hal.c.obj[0m
[28.665s] [ 44%] [32mBuilding C object esp-idf/hal/CMakeFiles/__idf_hal.dir/spi_flash_hal_gpspi.c.obj[0m
[28.686s] [ 44%] [32mBuilding C object esp-idf/hal/CMakeFiles/__idf_hal.dir/touch_sensor_hal.c.obj[0m
[28.721s] [ 44%] [32mBuilding C object esp-idf/hal/CMakeFiles/__idf_hal.dir/usb_hal.c.obj[0m
[28.756s] [ 44%] [32mBuilding C object esp-idf/hal/CMakeFiles/__idf_hal.dir/usb_phy_hal.c.obj[0m
[28.759s] [ 45%] [32mBuilding C object esp-idf/hal/CMakeFiles/__idf_hal.dir/xt_wdt_hal.c.obj[0m
[28.783s] [ 45%] [32mBuilding C object esp-idf/hal/CMakeFiles/__idf_hal.dir/esp32s3/touch_sensor_hal.c.obj[0m
[28.788s] [ 45%] [32mBuilding C object esp-idf/hal/CMakeFiles/__idf_hal.dir/esp32s3/rtc_cntl_hal.c.obj[0m
[28.816s] [ 45%] [32mBuilding C object esp-idf/hal/CMakeFiles/__idf_hal.dir/usb_dwc_hal.c.obj[0m
[28.909s] [ 45%] [32m[1mLinking C static library libhal.a[0m
[28.978s] [ 45%] Built target __idf_hal
[28.993s] [35m[1mScanning dependencies of target __idf_esp_rom[0m
[29.008s] [ 45%] [32mBuilding C object esp-idf/esp_rom/CMakeFiles/__idf_esp_rom.dir/patches/esp_rom_crc.c.obj[0m
[29.008s] [ 45%] [32mBuilding C object esp-idf/esp_rom/CMakeFiles/__idf_esp_rom.dir/patches/esp_rom_uart.c.obj[0m
[29.009s] [ 45%] [32mBuilding C object esp-idf/esp_rom/CMakeFiles/__idf_esp_rom.dir/patches/esp_rom_sys.c.obj[0m
[29.010s] [ 45%] [32mBuilding C object esp-idf/esp_rom/CMakeFiles/__idf_esp_rom.dir/patches/esp_rom_spiflash.c.obj[0m
[29.045s] [ 45%] [32mBuilding C object esp-idf/esp_rom/CMakeFiles/__idf_esp_rom.dir/patches/esp_rom_efuse.c.obj[0m
[29.046s] [ 45%] [32mBuilding ASM object esp-idf/esp_rom/CMakeFiles/__idf_esp_rom.dir/patches/esp_rom_longjmp.S.obj[0m
[29.062s] [ 46%] [32mBuilding C object esp-idf/esp_rom/CMakeFiles/__idf_esp_rom.dir/patches/esp_rom_systimer.c.obj[0m
[29.077s] [ 46%] [32mBuilding C object esp-idf/esp_rom/CMakeFiles/__idf_esp_rom.dir/patches/esp_rom_wdt.c.obj[0m
[29.081s] [ 46%] [32mBuilding C object esp-idf/esp_rom/CMakeFiles/__idf_esp_rom.dir/patches/esp_rom_cache_esp32s2_esp32s3.c.obj[0m
[29.089s] [ 46%] [32mBuilding ASM object esp-idf/esp_rom/CMakeFiles/__idf_esp_rom.dir/patches/esp_rom_cache_writeback_esp32s3.S.obj[0m
[29.135s] [ 46%] [32m[1mLinking C static library libesp_rom.a[0m
[29.179s] [ 46%] Built target __idf_esp_rom
[29.192s] [35m[1mScanning dependencies of target __idf_esp_system[0m
[29.220s] [ 46%] [32mBuilding C object esp-idf/esp_system/CMakeFiles/__idf_esp_system.dir/crosscore_int.c.obj[0m
[29.220s] [ 46%] [32mBuilding C object esp-idf/esp_system/CMakeFiles/__idf_esp_system.dir/esp_ipc.c.obj[0m
[29.225s] [ 46%] [32mBuilding C object esp-idf/esp_system/CMakeFiles/__idf_esp_system.dir/esp_err.c.obj[0m
[29.225s] [ 46%] [32mBuilding C object esp-idf/esp_system/CMakeFiles/__idf_esp_system.dir/freertos_hooks.c.obj[0m
[29.309s] [ 47%] [32mBuilding C object esp-idf/esp_system/CMakeFiles/__idf_esp_system.dir/panic.c.obj[0m
[29.312s] [ 47%] [32mBuilding C object esp-idf/esp_system/CMakeFiles/__idf_esp_system.dir/int_wdt.c.obj[0m
[29.333s] [ 47%] [32mBuilding C object esp-idf/esp_system/CMakeFiles/__idf_esp_system.dir/esp_system.c.obj[0m
[29.343s] [ 47%] [32mBuilding C object esp-idf/esp_system/CMakeFiles/__idf_esp_system.dir/startup.c.obj[0m
[29.436s] [ 47%] [32mBuilding C object esp-idf/esp_system/CMakeFiles/__idf_esp_system.dir/system_time.c.obj[0m
[29.452s] [ 47%] [32mBuilding C object esp-idf/esp_system/CMakeFiles/__idf_esp_system.dir/stack_check.c.obj[0m
[29.472s] [ 47%] [32mBuilding C object esp-idf/esp_system/CMakeFiles/__idf_esp_system.dir/ubsan.c.obj[0m
[29.518s] [ 47%] [32mBuilding C object esp-idf/esp_system/CMakeFiles/__idf_esp_system.dir/debug_stubs.c.obj[0m
[29.519s] [ 47%] [32mBuilding C object esp-idf/esp_system/CMakeFiles/__idf_esp_system.dir/xt_wdt.c.obj[0m
[29.529s] [ 47%] [32mBuilding C object esp-idf/esp_system/CMakeFiles/__idf_esp_system.dir/task_wdt/task_wdt.c.obj[0m
[29.560s] [ 47%] [32mBuilding C object esp-idf/esp_system/CMakeFiles/__idf_esp_system.dir/task_wdt/task_wdt_impl_timergroup.c.obj[0m
[29.591s] [ 48%] [32mBuilding C object esp-idf/esp_system/CMakeFiles/__idf_esp_system.dir/port/cpu_start.c.obj[0m
[29.605s] [ 48%] [32mBuilding C object esp-idf/esp_system/CMakeFiles/__idf_esp_system.dir/port/panic_handler.c.obj[0m
[29.670s] [ 48%] [32mBuilding C object esp-idf/esp_system/CMakeFiles/__idf_esp_system.dir/port/esp_system_chip.c.obj[0m
[29.688s] [ 48%] [32mBuilding C object esp-idf/esp_system/CMakeFiles/__idf_esp_system.dir/port/brownout.c.obj[0m
[29.707s] [ 48%] [32mBuilding ASM object esp-idf/esp_system/CMakeFiles/__idf_esp_system.dir/port/soc/esp32s3/highint_hdl.S.obj[0m
[29.732s] [ 48%] [32mBuilding C object esp-idf/esp_system/CMakeFiles/__idf_esp_system.dir/port/soc/esp32s3/clk.c.obj[0m
[29.749s] [ 48%] [32mBuilding C object esp-idf/esp_system/CMakeFiles/__idf_esp_system.dir/port/soc/esp32s3/reset_reason.c.obj[0m
[29.757s] [ 48%] [32mBuilding C object esp-idf/esp_system/CMakeFiles/__idf_esp_system.dir/port/soc/esp32s3/system_internal.c.obj[0m
[29.803s] [ 48%] [32mBuilding C object esp-idf/esp_system/CMakeFiles/__idf_esp_system.dir/port/soc/esp32s3/cache_err_int.c.obj[0m
[29.821s] [ 48%] [32mBuilding C object esp-idf/esp_system/CMakeFiles/__idf_esp_system.dir/port/soc/esp32s3/apb_backup_dma.c.obj[0m
[29.845s] [ 49%] [32mBuilding C object esp-idf/esp_system/CMakeFiles/__idf_esp_system.dir/port/arch/xtensa/panic_arch.c.obj[0m
[29.869s] [ 49%] [32mBuilding ASM object esp-idf/esp_system/CMakeFiles/__idf_esp_system.dir/port/arch/xtensa/panic_handler_asm.S.obj[0m
[29.875s] [ 49%] [32mBuilding C object esp-idf/esp_system/CMakeFiles/__idf_esp_system.dir/port/arch/xtensa/expression_with_stack.c.obj[0m
[29.902s] [ 49%] [32mBuilding ASM object esp-idf/esp_system/CMakeFiles/__idf_esp_system.dir/port/arch/xtensa/expression_with_stack_asm.S.obj[0m
[29.907s] [ 49%] [32mBuilding C object esp-idf/esp_system/CMakeFiles/__idf_esp_system.dir/port/arch/xtensa/debug_helpers.c.obj[0m
[29.943s] [ 49%] [32mBuilding ASM object esp-idf/esp_system/CMakeFiles/__idf_esp_system.dir/port/arch/xtensa/debug_helpers_asm.S.obj[0m
[29.952s] [ 49%] [32mBuilding C object esp-idf/esp_system/CMakeFiles/__idf_esp_system.dir/port/arch/xtensa/debug_stubs.c.obj[0m
[29.971s] [ 49%] [32mBuilding C object esp-idf/esp_system/CMakeFiles/__idf_esp_system.dir/port/arch/xtensa/trax.c.obj[0m
[29.979s] [ 49%] [32mBuilding C object esp-idf/esp_system/CMakeFiles/__idf_esp_system.dir/port/arch/xtensa/esp_ipc_isr.c.obj[0m
[29.991s] [ 49%] [32mBuilding ASM object esp-idf/esp_system/CMakeFiles/__idf_esp_system.dir/port/arch/xtensa/esp_ipc_isr_handler.S.obj[0m
[29.997s] [ 50%] [32mBuilding ASM object esp-idf/esp_system/CMakeFiles/__idf_esp_system.dir/port/arch/xtensa/esp_ipc_isr_routines.S.obj[0m
[30.069s] [ 50%] [32m[1mLinking C static library libesp_system.a[0m
[30.132s] [ 50%] Built target __idf_esp_system
[30.164s] [ 50%] [32mBuilding C object esp-idf/pthread/CMakeFiles/__idf_pthread.dir/pthread_cond_var.c.obj[0m
[30.164s] [ 50%] [32mBuilding C object esp-idf/pthread/CMakeFiles/__idf_pthread.dir/pthread.c.obj[0m
[30.164s] [ 50%] [32mBuilding C object esp-idf/pthread/CMakeFiles/__idf_pthread.dir/pthread_local_storage.c.obj[0m
[30.164s] [ 50%] [32mBuilding C object esp-idf/pthread/CMakeFiles/__idf_pthread.dir/pthread_rwlock.c.obj[0m
[30.252s] [ 50%] [32mBuilding C object esp-idf/pthread/CMakeFiles/__idf_pthread.dir/pthread_semaphore.c.obj[0m
[30.321s] [ 51%] [32m[1mLinking C static library libpthread.a[0m
[30.366s] [ 51%] Built target __idf_pthread
[30.396s] [ 51%] [32mBuilding C object esp-idf/spi_flash/CMakeFiles/__idf_spi_flash.dir/spi_flash_chip_drivers.c.obj[0m
[30.397s] [ 52%] [32mBuilding C object esp-idf/spi_flash/CMakeFiles/__idf_spi_flash.dir/spi_flash_hpm_enable.c.obj[0m
[30.397s] [ 52%] [32mBuilding C object esp-idf/spi_flash/CMakeFiles/__idf_spi_flash.dir/flash_brownout_hook.c.obj[0m
[30.397s] [ 52%] [32mBuilding C object esp-idf/spi_flash/CMakeFiles/__idf_spi_flash.dir/esp32s3/spi_flash_oct_flash_init.c.obj[0m
[30.438s] [ 52%] [32mBuilding C object esp-idf/spi_flash/CMakeFiles/__idf_spi_flash.dir/spi_flash_chip_generic.c.obj[0m
[30.447s] [ 52%] [32mBuilding C object esp-idf/spi_flash/CMakeFiles/__idf_spi_flash.dir/spi_flash_chip_issi.c.obj[0m
[30.482s] [ 52%] [32mBuilding C object esp-idf/spi_flash/CMakeFiles/__idf_spi_flash.dir/spi_flash_chip_mxic.c.obj[0m
[30.489s] [ 52%] [32mBuilding C object esp-idf/spi_flash/CMakeFiles/__idf_spi_flash.dir/spi_flash_chip_gd.c.obj[0m
[30.492s] [ 52%] [32mBuilding C object esp-idf/spi_flash/CMakeFiles/__idf_spi_flash.dir/spi_flash_chip_winbond.c.obj[0m
[30.554s] [ 52%] [32mBuilding C object esp-idf/spi_flash/CMakeFiles/__idf_spi_flash.dir/spi_flash_chip_mxic_opi.c.obj[0m
[30.555s] [ 52%] [32mBuilding C object esp-idf/spi_flash/CMakeFiles/__idf_spi_flash.dir/spi_flash_chip_boya.c.obj[0m
[30.556s] [ 52%] [32mBuilding C object esp-idf/spi_flash/CMakeFiles/__idf_spi_flash.dir/spi_flash_chip_th.c.obj[0m
[30.594s] [ 53%] [32mBuilding C object esp-idf/spi_flash/CMakeFiles/__idf_spi_flash.dir/memspi_host_driver.c.obj[0m
[30.613s] [ 53%] [32mBuilding C object esp-idf/spi_flash/CMakeFiles/__idf_spi_flash.dir/cache_utils.c.obj[0m
[30.619s] [ 53%] [32mBuilding C object esp-idf/spi_flash/CMakeFiles/__idf_spi_flash.dir/flash_mmap.c.obj[0m
[30.673s] [ 53%] [32mBuilding C object esp-idf/spi_flash/CMakeFiles/__idf_spi_flash.dir/flash_ops.c.obj[0m
[30.710s] [ 53%] [32mBuilding C object esp-idf/spi_flash/CMakeFiles/__idf_spi_flash.dir/spi_flash_wrap.c.obj[0m
[30.731s] [ 53%] [32mBuilding C object esp-idf/spi_flash/CMakeFiles/__idf_spi_flash.dir/esp_flash_api.c.obj[0m
[30.731s] [ 53%] [32mBuilding C object esp-idf/spi_flash/CMakeFiles/__idf_spi_flash.dir/esp_flash_spi_init.c.obj[0m
[30.791s] [ 53%] [32mBuilding C object esp-idf/spi_flash/CMakeFiles/__idf_spi_flash.dir/spi_flash_os_func_noos.c.obj[0m
[30.793s] [ 53%] [32mBuilding C object esp-idf/spi_flash/CMakeFiles/__idf_spi_flash.dir/spi_flash_os_func_app.c.obj[0m
[30.922s] [ 53%] [32m[1mLinking C static library libspi_flash.a[0m
[30.979s] [ 53%] Built target __idf_spi_flash
[31.007s] [ 53%] [32mBuilding C object esp-idf/esp_mm/CMakeFiles/__idf_esp_mm.dir/esp_mmu_map.c.obj[0m
[31.007s] [ 53%] [32mBuilding C object esp-idf/esp_mm/CMakeFiles/__idf_esp_mm.dir/port/esp32s3/ext_mem_layout.c.obj[0m
[31.007s] [ 53%] [32mBuilding C object esp-idf/esp_mm/CMakeFiles/__idf_esp_mm.dir/esp_cache.c.obj[0m
[31.150s] [ 53%] [32m[1mLinking C static library libesp_mm.a[0m
[31.194s] [ 53%] Built target __idf_esp_mm
[31.221s] [ 54%] [32mBuilding C object esp-idf/app_update/CMakeFiles/__idf_app_update.dir/esp_ota_ops.c.obj[0m
[31.221s] [ 54%] [32mBuilding C object esp-idf/app_update/CMakeFiles/__idf_app_update.dir/esp_ota_app_desc.c.obj[0m
[31.344s] [ 54%] [32m[1mLinking C static library libapp_update.a[0m
[31.390s] [ 54%] Built target __idf_app_update
[31.416s] [ 55%] [32mBuilding C object esp-idf/esp_partition/CMakeFiles/__idf_esp_partition.dir/partition_target.c.obj[0m
[31.416s] [ 54%] [32mBuilding C object esp-idf/esp_partition/CMakeFiles/__idf_esp_partition.dir/partition.c.obj[0m
[31.503s] [ 55%] [32m[1mLinking C static library libesp_partition.a[0m
[31.545s] [ 55%] Built target __idf_esp_partition
[31.572s] [ 55%] [32mBuilding C object esp-idf/bootloader_support/CMakeFiles/__idf_bootloader_support.dir/src/bootloader_common_loader.c.obj[0m
[31.574s] [ 55%] [32mBuilding C object esp-idf/bootloader_support/CMakeFiles/__idf_bootloader_support.dir/src/bootloader_common.c.obj[0m
[31.575s] [ 55%] [32mBuilding C object esp-idf/bootloader_support/CMakeFiles/__idf_bootloader_support.dir/src/bootloader_mem.c.obj[0m
[31.576s] [ 55%] [32mBuilding C object esp-idf/bootloader_support/CMakeFiles/__idf_bootloader_support.dir/src/bootloader_clock_init.c.obj[0m
[31.635s] [ 55%] [32mBuilding C object esp-idf/bootloader_support/CMakeFiles/__idf_bootloader_support.dir/src/bootloader_random.c.obj[0m
[31.642s] [ 55%] [32mBuilding C object esp-idf/bootloader_support/CMakeFiles/__idf_bootloader_support.dir/src/bootloader_random_esp32s3.c.obj[0m
[31.689s] [ 55%] [32mBuilding C object esp-idf/bootloader_support/CMakeFiles/__idf_bootloader_support.dir/src/bootloader_efuse.c.obj[0m
[31.694s] [ 55%] [32mBuilding C object esp-idf/bootloader_support/CMakeFiles/__idf_bootloader_support.dir/src/secure_boot.c.obj[0m
[31.698s] [ 56%] [32mBuilding C object esp-idf/bootloader_support/CMakeFiles/__idf_bootloader_support.dir/src/flash_encrypt.c.obj[0m
[31.700s] [ 56%] [32mBuilding C object esp-idf/bootloader_support/CMakeFiles/__idf_bootloader_support.dir/bootloader_flash/src/bootloader_flash.c.obj[0m
[31.751s] [ 56%] [32mBuilding C object esp-idf/bootloader_support/CMakeFiles/__idf_bootloader_support.dir/bootloader_flash/src/flash_qio_mode.c.obj[0m
[31.767s] [ 56%] [32mBuilding C object esp-idf/bootloader_support/CMakeFiles/__idf_bootloader_support.dir/bootloader_flash/src/bootloader_flash_config_esp32s3.c.obj[0m
[31.783s] [ 56%] [32mBuilding C object esp-idf/bootloader_support/CMakeFiles/__idf_bootloader_support.dir/src/bootloader_utility.c.obj[0m
[31.809s] [ 56%] [32mBuilding C object esp-idf/bootloader_support/CMakeFiles/__idf_bootloader_support.dir/src/flash_partitions.c.obj[0m
[31.842s] [ 56%] [32mBuilding C object esp-idf/bootloader_support/CMakeFiles/__idf_bootloader_support.dir/src/esp_image_format.c.obj[0m
[31.852s] [ 56%] [32mBuilding C object esp-idf/bootloader_support/CMakeFiles/__idf_bootloader_support.dir/src/idf/bootloader_sha.c.obj[0m
[31.969s] [ 56%] [32m[1mLinking C static library libbootloader_support.a[0m
[32.021s] [ 56%] Built target __idf_bootloader_support
[32.047s] [ 56%] [32mBuilding C object esp-idf/esp_app_format/CMakeFiles/__idf_esp_app_format.dir/esp_app_desc.c.obj[0m
[32.093s] [ 56%] [32m[1mLinking C static library libesp_app_format.a[0m
[32.136s] [ 56%] Built target __idf_esp_app_format
[32.164s] [ 56%] [32mBuilding C object esp-idf/mbedtls/mbedtls/library/CMakeFiles/mbedtls.dir/debug.c.obj[0m
[32.164s] [ 56%] [32mBuilding C object esp-idf/mbedtls/mbedtls/library/CMakeFiles/mbedtls.dir/mps_reader.c.obj[0m
[32.167s] [ 57%] [32mBuilding C object esp-idf/mbedtls/mbedtls/library/CMakeFiles/mbedtls.dir/mps_trace.c.obj[0m
[32.167s] [ 57%] [32mBuilding C object esp-idf/mbedtls/mbedtls/library/CMakeFiles/mbedtls.dir/ssl_cache.c.obj[0m
[32.213s] [ 57%] [32mBuilding C object esp-idf/mbedtls/mbedtls/library/CMakeFiles/mbedtls.dir/ssl_ciphersuites.c.obj[0m
[32.215s] [ 57%] [32mBuilding C object esp-idf/mbedtls/mbedtls/library/CMakeFiles/mbedtls.dir/ssl_client.c.obj[0m
[32.216s] [ 57%] [32mBuilding C object esp-idf/mbedtls/mbedtls/library/CMakeFiles/mbedtls.dir/ssl_cookie.c.obj[0m
[32.280s] [ 57%] [32mBuilding C object esp-idf/mbedtls/mbedtls/library/CMakeFiles/mbedtls.dir/ssl_debug_helpers_generated.c.obj[0m
[32.316s] [ 57%] [32mBuilding C object esp-idf/mbedtls/mbedtls/library/CMakeFiles/mbedtls.dir/ssl_ticket.c.obj[0m
[32.322s] [ 57%] [32mBuilding C object esp-idf/mbedtls/mbedtls/library/CMakeFiles/mbedtls.dir/ssl_msg.c.obj[0m
[32.336s] [ 57%] [32mBuilding C object esp-idf/mbedtls/mbedtls/library/CMakeFiles/mbedtls.dir/ssl_tls.c.obj[0m
[32.361s] [ 57%] [32mBuilding C object esp-idf/mbedtls/mbedtls/library/CMakeFiles/mbedtls.dir/ssl_tls12_client.c.obj[0m
[32.435s] [ 58%] [32mBuilding C object esp-idf/mbedtls/mbedtls/library/CMakeFiles/mbedtls.dir/ssl_tls12_server.c.obj[0m
[32.568s] [ 58%] [32mBuilding C object esp-idf/mbedtls/mbedtls/library/CMakeFiles/mbedtls.dir/ssl_tls13_keys.c.obj[0m
[32.584s] [ 58%] [32mBuilding C object esp-idf/mbedtls/mbedtls/library/CMakeFiles/mbedtls.dir/ssl_tls13_server.c.obj[0m
[32.614s] [ 58%] [32mBuilding C object esp-idf/mbedtls/mbedtls/library/CMakeFiles/mbedtls.dir/ssl_tls13_client.c.obj[0m
[32.631s] [ 58%] [32mBuilding C object esp-idf/mbedtls/mbedtls/library/CMakeFiles/mbedtls.dir/ssl_tls13_generic.c.obj[0m
[32.648s] [01m[K/home/micu/esp/esp-idf/components/mbedtls/mbedtls/library/ssl_tls.c:9540:1:[m[K [01;31m[Kfatal error: [m[Kerror writing to /tmp/cctGxDV1.s: No space left on device
[32.650s]  9540 | [01;31m[K}[m[K
[32.650s]       | [01;31m[K^[m[K
[32.650s] [01m[K/home/micu/esp/esp-idf/components/mbedtls/mbedtls/library/ssl_tls13_client.c:23:[m[K [01;31m[Kfatal error: [m[Kerror closing /tmp/ccPaI0lC.s: No space left on device
[32.655s]    23 | 
[32.655s]       | 
[32.656s] compilation terminated.
[32.656s] compilation terminated.
[32.656s] gmake[2]: *** [esp-idf/mbedtls/mbedtls/library/CMakeFiles/mbedtls.dir/build.make:286: esp-idf/mbedtls/mbedtls/library/CMakeFiles/mbedtls.dir/ssl_tls13_client.c.obj] Error 1
[32.656s] gmake[2]: *** Waiting for unfinished jobs....
[32.656s] gmake[2]: *** [esp-idf/mbedtls/mbedtls/library/CMakeFiles/mbedtls.dir/build.make:216: esp-idf/mbedtls/mbedtls/library/CMakeFiles/mbedtls.dir/ssl_tls.c.obj] Error 1
[32.671s] gmake[1]: *** [CMakeFiles/Makefile2:3105: esp-idf/mbedtls/mbedtls/library/CMakeFiles/mbedtls.dir/all] Error 2
[32.672s] gmake: *** [Makefile:136: all] Error 2
[32.674s] Invoked command in '/home/micu/esp/mycode/micu_ros_car/build/micu_ros_car' returned '2': /usr/bin/cmake --build /home/micu/esp/mycode/micu_ros_car/build/micu_ros_car -- -j4 -l4
