[0.579s] DEBUG:colcon:Command line arguments: ['/home/micu/.espressif/python_env/idf5.1_py3.10_env/bin/colcon', 'build']
[0.579s] DEBUG:colcon:Parsed command line arguments: Namespace(log_base=None, log_level=None, verb_name='build', build_base='build', install_base='install', merge_install=False, symlink_install=False, test_result_base=None, continue_on_error=False, executor='parallel', parallel_workers=4, event_handlers=None, ignore_user_meta=False, metas=['./colcon.meta'], base_paths=['.'], packages_ignore=None, packages_ignore_regex=None, paths=None, packages_up_to=None, packages_up_to_regex=None, packages_above=None, packages_above_and_dependencies=None, packages_above_depth=None, packages_select_by_dep=None, packages_skip_by_dep=None, packages_skip_up_to=None, packages_select_build_failed=False, packages_skip_build_finished=False, packages_select_test_failures=False, packages_skip_test_passed=False, packages_select=None, packages_skip=None, packages_select_regex=None, packages_skip_regex=None, packages_start=None, packages_end=None, cmake_args=None, cmake_target=None, cmake_target_skip_unavailable=False, cmake_clean_cache=False, cmake_clean_first=False, cmake_force_configure=False, ament_cmake_args=None, catkin_cmake_args=None, catkin_skip_building_tests=False, verb_parser=<colcon_defaults.argument_parser.defaults.DefaultArgumentsDecorator object at 0x75c204af2140>, verb_extension=<colcon_core.verb.build.BuildVerb object at 0x75c204af1840>, main=<bound method BuildVerb.main of <colcon_core.verb.build.BuildVerb object at 0x75c204af1840>>)
[0.617s] Level 1:colcon.colcon_core.package_discovery:discover_packages(colcon_meta) check parameters
[0.618s] Level 1:colcon.colcon_core.package_discovery:discover_packages(recursive) check parameters
[0.618s] Level 1:colcon.colcon_core.package_discovery:discover_packages(ignore) check parameters
[0.618s] Level 1:colcon.colcon_core.package_discovery:discover_packages(path) check parameters
[0.618s] Level 1:colcon.colcon_core.package_discovery:discover_packages(colcon_meta) discover
[0.618s] Level 1:colcon.colcon_core.package_discovery:discover_packages(recursive) discover
[0.618s] INFO:colcon.colcon_core.package_discovery:Crawling recursively for packages in '/home/micu/esp/mycode/micu_ros_car'
[0.618s] Level 1:colcon.colcon_core.package_identification:_identify(.) by extensions ['ignore', 'ignore_ament_install']
[0.618s] Level 1:colcon.colcon_core.package_identification:_identify(.) by extension 'ignore'
[0.618s] Level 1:colcon.colcon_core.package_identification:_identify(.) by extension 'ignore_ament_install'
[0.618s] Level 1:colcon.colcon_core.package_identification:_identify(.) by extensions ['colcon_pkg']
[0.618s] Level 1:colcon.colcon_core.package_identification:_identify(.) by extension 'colcon_pkg'
[0.618s] Level 1:colcon.colcon_core.package_identification:_identify(.) by extensions ['colcon_meta']
[0.618s] Level 1:colcon.colcon_core.package_identification:_identify(.) by extension 'colcon_meta'
[0.618s] Level 1:colcon.colcon_core.package_identification:_identify(.) by extensions ['ros']
[0.618s] Level 1:colcon.colcon_core.package_identification:_identify(.) by extension 'ros'
[0.638s] Level 1:colcon.colcon_core.package_identification:_identify(.) by extensions ['cmake', 'python']
[0.638s] Level 1:colcon.colcon_core.package_identification:_identify(.) by extension 'cmake'
[0.993s] Level 1:colcon.colcon_core.package_identification:_identify(.) by extension 'python'
[0.993s] DEBUG:colcon.colcon_core.package_identification:Package '.' with type 'cmake' and name 'micu_ros_car'
[0.993s] Level 1:colcon.colcon_core.package_discovery:discover_packages(recursive) using defaults
[0.994s] Level 1:colcon.colcon_core.package_discovery:discover_packages(ignore) discover
[0.994s] Level 1:colcon.colcon_core.package_discovery:discover_packages(ignore) using defaults
[0.994s] Level 1:colcon.colcon_core.package_discovery:discover_packages(path) discover
[0.994s] Level 1:colcon.colcon_core.package_discovery:discover_packages(path) using defaults
[1.044s] Level 5:colcon.colcon_core.verb:set package 'micu_ros_car' build argument 'cmake_args' from command line to 'None'
[1.044s] Level 5:colcon.colcon_core.verb:set package 'micu_ros_car' build argument 'cmake_target' from command line to 'None'
[1.044s] Level 5:colcon.colcon_core.verb:set package 'micu_ros_car' build argument 'cmake_target_skip_unavailable' from command line to 'False'
[1.045s] Level 5:colcon.colcon_core.verb:set package 'micu_ros_car' build argument 'cmake_clean_cache' from command line to 'False'
[1.045s] Level 5:colcon.colcon_core.verb:set package 'micu_ros_car' build argument 'cmake_clean_first' from command line to 'False'
[1.045s] Level 5:colcon.colcon_core.verb:set package 'micu_ros_car' build argument 'cmake_force_configure' from command line to 'False'
[1.045s] Level 5:colcon.colcon_core.verb:set package 'micu_ros_car' build argument 'ament_cmake_args' from command line to 'None'
[1.045s] Level 5:colcon.colcon_core.verb:set package 'micu_ros_car' build argument 'catkin_cmake_args' from command line to 'None'
[1.045s] Level 5:colcon.colcon_core.verb:set package 'micu_ros_car' build argument 'catkin_skip_building_tests' from command line to 'False'
[1.045s] DEBUG:colcon.colcon_core.verb:Building package 'micu_ros_car' with the following arguments: {'ament_cmake_args': None, 'build_base': '/home/micu/esp/mycode/micu_ros_car/build/micu_ros_car', 'catkin_cmake_args': None, 'catkin_skip_building_tests': False, 'cmake_args': None, 'cmake_clean_cache': False, 'cmake_clean_first': False, 'cmake_force_configure': False, 'cmake_target': None, 'cmake_target_skip_unavailable': False, 'install_base': '/home/micu/esp/mycode/micu_ros_car/install/micu_ros_car', 'merge_install': False, 'path': '/home/micu/esp/mycode/micu_ros_car', 'symlink_install': False, 'test_result_base': None}
[1.052s] INFO:colcon.colcon_core.executor:Executing jobs using 'parallel' executor
[1.061s] DEBUG:colcon.colcon_parallel_executor.executor.parallel:run_until_complete
[1.061s] INFO:colcon.colcon_cmake.task.cmake.build:Building CMake package in '/home/micu/esp/mycode/micu_ros_car'
[1.071s] INFO:colcon.colcon_core.plugin_system:Skipping extension 'colcon_core.shell.bat': Not used on non-Windows systems
[1.071s] INFO:colcon.colcon_core.shell:Skip shell extension 'powershell' for command environment: Not usable outside of PowerShell
[1.071s] DEBUG:colcon.colcon_core.shell:Skip shell extension 'dsv' for command environment
[1.126s] DEBUG:colcon.colcon_core.event_handler.log_command:Invoking command in '/home/micu/esp/mycode/micu_ros_car/build/micu_ros_car': /usr/bin/cmake /home/micu/esp/mycode/micu_ros_car -DCMAKE_INSTALL_PREFIX=/home/micu/esp/mycode/micu_ros_car/install/micu_ros_car
[9.789s] DEBUG:colcon.colcon_core.event_handler.log_command:Invoked command in '/home/micu/esp/mycode/micu_ros_car/build/micu_ros_car' returned '0': /usr/bin/cmake /home/micu/esp/mycode/micu_ros_car -DCMAKE_INSTALL_PREFIX=/home/micu/esp/mycode/micu_ros_car/install/micu_ros_car
[9.791s] DEBUG:colcon.colcon_core.event_handler.log_command:Invoking command in '/home/micu/esp/mycode/micu_ros_car/build/micu_ros_car': /usr/bin/cmake --build /home/micu/esp/mycode/micu_ros_car/build/micu_ros_car -- -j4 -l4
[33.710s] ERROR:colcon.colcon_core.event_reactor:Exception in event handler extension 'event_log': [Errno 28] No space left on device [log/build_2025-04-04_13-28-22/events.log]
[33.710s] ERROR:colcon.colcon_core.event_reactor:Exception in event handler extension 'event_log': [Errno 28] No space left on device [log/build_2025-04-04_13-28-22/events.log]
[33.712s] ERROR:colcon.colcon_core.event_reactor:Exception in event handler extension 'event_log': [Errno 28] No space left on device [log/build_2025-04-04_13-28-22/events.log]
[33.712s] ERROR:colcon.colcon_core.event_reactor:Exception in event handler extension 'event_log': [Errno 28] No space left on device [log/build_2025-04-04_13-28-22/events.log]
[33.712s] ERROR:colcon.colcon_core.event_reactor:Exception in event handler extension 'log': [Errno 28] No space left on device [log/build_2025-04-04_13-28-22/micu_ros_car/streams.log]
[33.712s] ERROR:colcon.colcon_core.event_reactor:Exception in event handler extension 'event_log': [Errno 28] No space left on device [log/build_2025-04-04_13-28-22/events.log]
[33.736s] DEBUG:colcon.colcon_core.event_handler.log_command:Invoked command in '/home/micu/esp/mycode/micu_ros_car/build/micu_ros_car' returned '2': /usr/bin/cmake --build /home/micu/esp/mycode/micu_ros_car/build/micu_ros_car -- -j4 -l4
[33.746s] DEBUG:colcon.colcon_parallel_executor.executor.parallel:closing loop
[33.746s] DEBUG:colcon.colcon_parallel_executor.executor.parallel:loop closed
[33.746s] DEBUG:colcon.colcon_parallel_executor.executor.parallel:run_until_complete finished with '2'
[33.746s] DEBUG:colcon.colcon_core.event_reactor:joining thread
[33.772s] INFO:colcon.colcon_core.plugin_system:Skipping extension 'colcon_notification.desktop_notification.notify2': 'notify2' not found
[33.772s] INFO:colcon.colcon_core.plugin_system:Skipping extension 'colcon_notification.desktop_notification.terminal_notifier': Not used on non-Darwin systems
[33.772s] INFO:colcon.colcon_core.plugin_system:Skipping extension 'colcon_notification.desktop_notification.win32': Not used on non-Windows systems
[33.772s] INFO:colcon.colcon_notification.desktop_notification:Sending desktop notification using 'notify_send'
[33.804s] DEBUG:colcon.colcon_core.event_reactor:joined thread
[33.813s] INFO:colcon.colcon_core.shell:Creating prefix script '/home/micu/esp/mycode/micu_ros_car/install/local_setup.ps1'
[33.814s] INFO:colcon.colcon_core.shell:Creating prefix util module '/home/micu/esp/mycode/micu_ros_car/install/_local_setup_util_ps1.py'
[33.815s] INFO:colcon.colcon_core.shell:Creating prefix chain script '/home/micu/esp/mycode/micu_ros_car/install/setup.ps1'
[33.825s] INFO:colcon.colcon_core.shell:Creating prefix script '/home/micu/esp/mycode/micu_ros_car/install/local_setup.sh'
[33.826s] INFO:colcon.colcon_core.shell:Creating prefix util module '/home/micu/esp/mycode/micu_ros_car/install/_local_setup_util_sh.py'
[33.827s] INFO:colcon.colcon_core.shell:Creating prefix chain script '/home/micu/esp/mycode/micu_ros_car/install/setup.sh'
[33.836s] INFO:colcon.colcon_core.shell:Creating prefix script '/home/micu/esp/mycode/micu_ros_car/install/local_setup.bash'
[33.837s] INFO:colcon.colcon_core.shell:Creating prefix chain script '/home/micu/esp/mycode/micu_ros_car/install/setup.bash'
[33.846s] INFO:colcon.colcon_core.shell:Creating prefix script '/home/micu/esp/mycode/micu_ros_car/install/local_setup.zsh'
[33.846s] INFO:colcon.colcon_core.shell:Creating prefix chain script '/home/micu/esp/mycode/micu_ros_car/install/setup.zsh'
