[0.558s] DEBUG:colcon:Command line arguments: ['/home/micu/.espressif/python_env/idf5.1_py3.10_env/bin/colcon', 'build']
[0.558s] DEBUG:colcon:Parsed command line arguments: Namespace(log_base=None, log_level=None, verb_name='build', build_base='build', install_base='install', merge_install=False, symlink_install=False, test_result_base=None, continue_on_error=False, executor='parallel', parallel_workers=4, event_handlers=None, ignore_user_meta=False, metas=['./colcon.meta'], base_paths=['.'], packages_ignore=None, packages_ignore_regex=None, paths=None, packages_up_to=None, packages_up_to_regex=None, packages_above=None, packages_above_and_dependencies=None, packages_above_depth=None, packages_select_by_dep=None, packages_skip_by_dep=None, packages_skip_up_to=None, packages_select_build_failed=False, packages_skip_build_finished=False, packages_select_test_failures=False, packages_skip_test_passed=False, packages_select=None, packages_skip=None, packages_select_regex=None, packages_skip_regex=None, packages_start=None, packages_end=None, cmake_args=None, cmake_target=None, cmake_target_skip_unavailable=False, cmake_clean_cache=False, cmake_clean_first=False, cmake_force_configure=False, ament_cmake_args=None, catkin_cmake_args=None, catkin_skip_building_tests=False, verb_parser=<colcon_defaults.argument_parser.defaults.DefaultArgumentsDecorator object at 0x7df4c05e2140>, verb_extension=<colcon_core.verb.build.BuildVerb object at 0x7df4c05e1840>, main=<bound method BuildVerb.main of <colcon_core.verb.build.BuildVerb object at 0x7df4c05e1840>>)
[0.592s] Level 1:colcon.colcon_core.package_discovery:discover_packages(colcon_meta) check parameters
[0.592s] Level 1:colcon.colcon_core.package_discovery:discover_packages(recursive) check parameters
[0.592s] Level 1:colcon.colcon_core.package_discovery:discover_packages(ignore) check parameters
[0.592s] Level 1:colcon.colcon_core.package_discovery:discover_packages(path) check parameters
[0.592s] Level 1:colcon.colcon_core.package_discovery:discover_packages(colcon_meta) discover
[0.592s] Level 1:colcon.colcon_core.package_discovery:discover_packages(recursive) discover
[0.592s] INFO:colcon.colcon_core.package_discovery:Crawling recursively for packages in '/home/micu/esp/mycode/micu_ros_car'
[0.593s] Level 1:colcon.colcon_core.package_identification:_identify(.) by extensions ['ignore', 'ignore_ament_install']
[0.593s] Level 1:colcon.colcon_core.package_identification:_identify(.) by extension 'ignore'
[0.593s] Level 1:colcon.colcon_core.package_identification:_identify(.) by extension 'ignore_ament_install'
[0.593s] Level 1:colcon.colcon_core.package_identification:_identify(.) by extensions ['colcon_pkg']
[0.593s] Level 1:colcon.colcon_core.package_identification:_identify(.) by extension 'colcon_pkg'
[0.593s] Level 1:colcon.colcon_core.package_identification:_identify(.) by extensions ['colcon_meta']
[0.593s] Level 1:colcon.colcon_core.package_identification:_identify(.) by extension 'colcon_meta'
[0.593s] Level 1:colcon.colcon_core.package_identification:_identify(.) by extensions ['ros']
[0.593s] Level 1:colcon.colcon_core.package_identification:_identify(.) by extension 'ros'
[0.611s] Level 1:colcon.colcon_core.package_identification:_identify(.) by extensions ['cmake', 'python']
[0.612s] Level 1:colcon.colcon_core.package_identification:_identify(.) by extension 'cmake'
[0.775s] Level 1:colcon.colcon_core.package_identification:_identify(.) by extension 'python'
[0.775s] DEBUG:colcon.colcon_core.package_identification:Package '.' with type 'cmake' and name 'micu_ros_car'
[0.775s] Level 1:colcon.colcon_core.package_discovery:discover_packages(recursive) using defaults
[0.775s] Level 1:colcon.colcon_core.package_discovery:discover_packages(ignore) discover
[0.775s] Level 1:colcon.colcon_core.package_discovery:discover_packages(ignore) using defaults
[0.775s] Level 1:colcon.colcon_core.package_discovery:discover_packages(path) discover
[0.775s] Level 1:colcon.colcon_core.package_discovery:discover_packages(path) using defaults
[0.825s] Level 5:colcon.colcon_core.verb:set package 'micu_ros_car' build argument 'cmake_args' from command line to 'None'
[0.826s] Level 5:colcon.colcon_core.verb:set package 'micu_ros_car' build argument 'cmake_target' from command line to 'None'
[0.826s] Level 5:colcon.colcon_core.verb:set package 'micu_ros_car' build argument 'cmake_target_skip_unavailable' from command line to 'False'
[0.826s] Level 5:colcon.colcon_core.verb:set package 'micu_ros_car' build argument 'cmake_clean_cache' from command line to 'False'
[0.826s] Level 5:colcon.colcon_core.verb:set package 'micu_ros_car' build argument 'cmake_clean_first' from command line to 'False'
[0.826s] Level 5:colcon.colcon_core.verb:set package 'micu_ros_car' build argument 'cmake_force_configure' from command line to 'False'
[0.826s] Level 5:colcon.colcon_core.verb:set package 'micu_ros_car' build argument 'ament_cmake_args' from command line to 'None'
[0.826s] Level 5:colcon.colcon_core.verb:set package 'micu_ros_car' build argument 'catkin_cmake_args' from command line to 'None'
[0.826s] Level 5:colcon.colcon_core.verb:set package 'micu_ros_car' build argument 'catkin_skip_building_tests' from command line to 'False'
[0.826s] DEBUG:colcon.colcon_core.verb:Building package 'micu_ros_car' with the following arguments: {'ament_cmake_args': None, 'build_base': '/home/micu/esp/mycode/micu_ros_car/build/micu_ros_car', 'catkin_cmake_args': None, 'catkin_skip_building_tests': False, 'cmake_args': None, 'cmake_clean_cache': False, 'cmake_clean_first': False, 'cmake_force_configure': False, 'cmake_target': None, 'cmake_target_skip_unavailable': False, 'install_base': '/home/micu/esp/mycode/micu_ros_car/install/micu_ros_car', 'merge_install': False, 'path': '/home/micu/esp/mycode/micu_ros_car', 'symlink_install': False, 'test_result_base': None}
[0.833s] INFO:colcon.colcon_core.executor:Executing jobs using 'parallel' executor
[0.842s] DEBUG:colcon.colcon_parallel_executor.executor.parallel:run_until_complete
[0.842s] INFO:colcon.colcon_cmake.task.cmake.build:Building CMake package in '/home/micu/esp/mycode/micu_ros_car'
[0.855s] INFO:colcon.colcon_core.plugin_system:Skipping extension 'colcon_core.shell.bat': Not used on non-Windows systems
[0.855s] INFO:colcon.colcon_core.shell:Skip shell extension 'powershell' for command environment: Not usable outside of PowerShell
[0.855s] DEBUG:colcon.colcon_core.shell:Skip shell extension 'dsv' for command environment
[0.908s] DEBUG:colcon.colcon_core.event_handler.log_command:Invoking command in '/home/micu/esp/mycode/micu_ros_car/build/micu_ros_car': /usr/bin/cmake --build /home/micu/esp/mycode/micu_ros_car/build/micu_ros_car -- -j4 -l4
[23.333s] DEBUG:colcon.colcon_core.event_handler.log_command:Invoked command in '/home/micu/esp/mycode/micu_ros_car/build/micu_ros_car' returned '2': /usr/bin/cmake --build /home/micu/esp/mycode/micu_ros_car/build/micu_ros_car -- -j4 -l4
[23.344s] DEBUG:colcon.colcon_parallel_executor.executor.parallel:closing loop
[23.345s] DEBUG:colcon.colcon_parallel_executor.executor.parallel:loop closed
[23.345s] DEBUG:colcon.colcon_parallel_executor.executor.parallel:run_until_complete finished with '2'
[23.345s] DEBUG:colcon.colcon_core.event_reactor:joining thread
[23.356s] INFO:colcon.colcon_core.plugin_system:Skipping extension 'colcon_notification.desktop_notification.notify2': 'notify2' not found
[23.356s] INFO:colcon.colcon_core.plugin_system:Skipping extension 'colcon_notification.desktop_notification.terminal_notifier': Not used on non-Darwin systems
[23.356s] INFO:colcon.colcon_core.plugin_system:Skipping extension 'colcon_notification.desktop_notification.win32': Not used on non-Windows systems
[23.356s] INFO:colcon.colcon_notification.desktop_notification:Sending desktop notification using 'notify_send'
[23.384s] DEBUG:colcon.colcon_core.event_reactor:joined thread
[23.397s] INFO:colcon.colcon_core.shell:Creating prefix script '/home/micu/esp/mycode/micu_ros_car/install/local_setup.ps1'
[23.398s] INFO:colcon.colcon_core.shell:Creating prefix util module '/home/micu/esp/mycode/micu_ros_car/install/_local_setup_util_ps1.py'
[23.399s] INFO:colcon.colcon_core.shell:Creating prefix chain script '/home/micu/esp/mycode/micu_ros_car/install/setup.ps1'
[23.409s] INFO:colcon.colcon_core.shell:Creating prefix script '/home/micu/esp/mycode/micu_ros_car/install/local_setup.sh'
[23.409s] INFO:colcon.colcon_core.shell:Creating prefix util module '/home/micu/esp/mycode/micu_ros_car/install/_local_setup_util_sh.py'
[23.410s] INFO:colcon.colcon_core.shell:Creating prefix chain script '/home/micu/esp/mycode/micu_ros_car/install/setup.sh'
[23.419s] INFO:colcon.colcon_core.shell:Creating prefix script '/home/micu/esp/mycode/micu_ros_car/install/local_setup.bash'
[23.420s] INFO:colcon.colcon_core.shell:Creating prefix chain script '/home/micu/esp/mycode/micu_ros_car/install/setup.bash'
[23.431s] INFO:colcon.colcon_core.shell:Creating prefix script '/home/micu/esp/mycode/micu_ros_car/install/local_setup.zsh'
[23.432s] INFO:colcon.colcon_core.shell:Creating prefix chain script '/home/micu/esp/mycode/micu_ros_car/install/setup.zsh'
